<?xml version="1.0" encoding="UTF-8"?>
<coverage generated="1779380381975" clover="3.2.0">
  <project timestamp="1779380381976" name="All files">
    <metrics statements="918" coveredstatements="718" conditionals="719" coveredconditionals="448" methods="169" coveredmethods="106" elements="1806" coveredelements="1272" complexity="0" loc="918" ncloc="918" packages="9" files="11" classes="11"/>
    <package name="config">
      <metrics statements="11" coveredstatements="10" conditionals="10" coveredconditionals="6" methods="1" coveredmethods="0"/>
      <file name="logger.js" path="C:\Users\ALAA\OneDrive\Desktop\reqs\hrms-backend\src\config\logger.js">
        <metrics statements="11" coveredstatements="10" conditionals="10" coveredconditionals="6" methods="1" coveredmethods="0"/>
        <line num="17" count="5" type="stmt"/>
        <line num="18" count="5" type="stmt"/>
        <line num="19" count="5" type="stmt"/>
        <line num="21" count="5" type="cond" truecount="2" falsecount="0"/>
        <line num="22" count="5" type="cond" truecount="1" falsecount="1"/>
        <line num="24" count="5" type="stmt"/>
        <line num="26" count="5" type="stmt"/>
        <line num="31" count="0" type="cond" truecount="0" falsecount="2"/>
        <line num="35" count="5" type="stmt"/>
        <line num="41" count="5" type="stmt"/>
        <line num="58" count="5" type="stmt"/>
      </file>
    </package>
    <package name="middleware">
      <metrics statements="45" coveredstatements="9" conditionals="42" coveredconditionals="1" methods="9" coveredmethods="1"/>
      <file name="errorHandler.js" path="C:\Users\ALAA\OneDrive\Desktop\reqs\hrms-backend\src\middleware\errorHandler.js">
        <metrics statements="28" coveredstatements="7" conditionals="28" coveredconditionals="1" methods="3" coveredmethods="1"/>
        <line num="27" count="5" type="stmt"/>
        <line num="28" count="5" type="stmt"/>
        <line num="33" count="72" type="stmt"/>
        <line num="34" count="72" type="stmt"/>
        <line num="35" count="72" type="stmt"/>
        <line num="36" count="72" type="stmt"/>
        <line num="42" count="0" type="cond" truecount="0" falsecount="2"/>
        <line num="43" count="0" type="cond" truecount="0" falsecount="5"/>
        <line num="45" count="0" type="cond" truecount="0" falsecount="2"/>
        <line num="46" count="0" type="stmt"/>
        <line num="49" count="0" type="stmt"/>
        <line num="51" count="0" type="stmt"/>
        <line num="53" count="0" type="stmt"/>
        <line num="55" count="0" type="stmt"/>
        <line num="59" count="0" type="cond" truecount="0" falsecount="2"/>
        <line num="60" count="0" type="stmt"/>
        <line num="63" count="0" type="stmt"/>
        <line num="68" count="0" type="stmt"/>
        <line num="71" count="0" type="stmt"/>
        <line num="72" count="0" type="cond" truecount="0" falsecount="2"/>
        <line num="75" count="0" type="stmt"/>
        <line num="76" count="0" type="cond" truecount="0" falsecount="2"/>
        <line num="77" count="0" type="stmt"/>
        <line num="83" count="0" type="stmt"/>
        <line num="86" count="0" type="cond" truecount="0" falsecount="2"/>
        <line num="87" count="0" type="stmt"/>
        <line num="89" count="0" type="stmt"/>
        <line num="101" count="5" type="stmt"/>
      </file>
      <file name="validate.js" path="C:\Users\ALAA\OneDrive\Desktop\reqs\hrms-backend\src\middleware\validate.js">
        <metrics statements="17" coveredstatements="2" conditionals="14" coveredconditionals="0" methods="6" coveredmethods="0"/>
        <line num="21" count="1" type="stmt"/>
        <line num="28" count="0" type="stmt"/>
        <line num="29" count="0" type="stmt"/>
        <line num="35" count="0" type="cond" truecount="0" falsecount="2"/>
        <line num="36" count="0" type="stmt"/>
        <line num="41" count="0" type="stmt"/>
        <line num="52" count="0" type="stmt"/>
        <line num="53" count="0" type="stmt"/>
        <line num="67" count="0" type="stmt"/>
        <line num="68" count="0" type="cond" truecount="0" falsecount="2"/>
        <line num="69" count="0" type="stmt"/>
        <line num="76" count="0" type="cond" truecount="0" falsecount="2"/>
        <line num="77" count="0" type="stmt"/>
        <line num="81" count="0" type="stmt"/>
        <line num="82" count="0" type="stmt"/>
        <line num="86" count="0" type="stmt"/>
        <line num="96" count="1" type="stmt"/>
      </file>
    </package>
    <package name="modules.attendance.services">
      <metrics statements="211" coveredstatements="183" conditionals="205" coveredconditionals="137" methods="26" coveredmethods="23"/>
      <file name="attendance.service.js" path="C:\Users\ALAA\OneDrive\Desktop\reqs\hrms-backend\src\modules\attendance\services\attendance.service.js">
        <metrics statements="211" coveredstatements="183" conditionals="205" coveredconditionals="137" methods="26" coveredmethods="23"/>
        <line num="34" count="1" type="stmt"/>
        <line num="35" count="1" type="stmt"/>
        <line num="36" count="1" type="stmt"/>
        <line num="43" count="1" type="stmt"/>
        <line num="44" count="1" type="stmt"/>
        <line num="45" count="1" type="stmt"/>
        <line num="50" count="4" type="stmt"/>
        <line num="59" count="4" type="cond" truecount="2" falsecount="0"/>
        <line num="65" count="2" type="cond" truecount="1" falsecount="1"/>
        <line num="66" count="2" type="stmt"/>
        <line num="67" count="2" type="stmt"/>
        <line num="68" count="2" type="stmt"/>
        <line num="78" count="4" type="stmt"/>
        <line num="79" count="4" type="stmt"/>
        <line num="82" count="4" type="stmt"/>
        <line num="86" count="4" type="cond" truecount="4" falsecount="0"/>
        <line num="89" count="3" type="stmt"/>
        <line num="93" count="3" type="cond" truecount="2" falsecount="0"/>
        <line num="94" count="1" type="stmt"/>
        <line num="98" count="2" type="stmt"/>
        <line num="99" count="2" type="stmt"/>
        <line num="101" count="2" type="cond" truecount="2" falsecount="0"/>
        <line num="102" count="1" type="stmt"/>
        <line num="103" count="1" type="stmt"/>
        <line num="107" count="2" type="cond" truecount="2" falsecount="0"/>
        <line num="109" count="1" type="stmt"/>
        <line num="121" count="1" type="stmt"/>
        <line num="135" count="2" type="stmt"/>
        <line num="144" count="2" type="cond" truecount="2" falsecount="0"/>
        <line num="153" count="4" type="stmt"/>
        <line num="154" count="4" type="stmt"/>
        <line num="156" count="4" type="stmt"/>
        <line num="161" count="4" type="cond" truecount="2" falsecount="0"/>
        <line num="162" count="3" type="cond" truecount="2" falsecount="0"/>
        <line num="163" count="2" type="cond" truecount="2" falsecount="0"/>
        <line num="166" count="1" type="cond" truecount="1" falsecount="1"/>
        <line num="167" count="1" type="stmt"/>
        <line num="168" count="1" type="stmt"/>
        <line num="171" count="1" type="cond" truecount="1" falsecount="1"/>
        <line num="172" count="1" type="stmt"/>
        <line num="173" count="1" type="stmt"/>
        <line num="176" count="1" type="stmt"/>
        <line num="178" count="1" type="stmt"/>
        <line num="190" count="1" type="stmt"/>
        <line num="199" count="1" type="stmt"/>
        <line num="203" count="1" type="cond" truecount="1" falsecount="1"/>
        <line num="204" count="1" type="stmt"/>
        <line num="208" count="1" type="cond" truecount="1" falsecount="1"/>
        <line num="209" count="1" type="stmt"/>
        <line num="210" count="1" type="stmt"/>
        <line num="216" count="2" type="stmt"/>
        <line num="217" count="2" type="stmt"/>
        <line num="218" count="2" type="stmt"/>
        <line num="222" count="2" type="stmt"/>
        <line num="223" count="2" type="cond" truecount="4" falsecount="0"/>
        <line num="224" count="2" type="cond" truecount="2" falsecount="0"/>
        <line num="225" count="2" type="cond" truecount="1" falsecount="1"/>
        <line num="227" count="2" type="cond" truecount="2" falsecount="0"/>
        <line num="234" count="2" type="stmt"/>
        <line num="256" count="1" type="stmt"/>
        <line num="259" count="1" type="stmt"/>
        <line num="260" count="1" type="stmt"/>
        <line num="269" count="1" type="cond" truecount="1" falsecount="1"/>
        <line num="272" count="1" type="stmt"/>
        <line num="273" count="1" type="stmt"/>
        <line num="282" count="1" type="cond" truecount="2" falsecount="0"/>
        <line num="283" count="1" type="cond" truecount="1" falsecount="1"/>
        <line num="288" count="1" type="stmt"/>
        <line num="293" count="1" type="stmt"/>
        <line num="295" count="1" type="cond" truecount="1" falsecount="1"/>
        <line num="296" count="1" type="stmt"/>
        <line num="298" count="0" type="stmt"/>
        <line num="301" count="1" type="stmt"/>
        <line num="312" count="1" type="stmt"/>
        <line num="313" count="1" type="stmt"/>
        <line num="315" count="1" type="cond" truecount="1" falsecount="1"/>
        <line num="316" count="1" type="cond" truecount="1" falsecount="1"/>
        <line num="317" count="1" type="cond" truecount="3" falsecount="1"/>
        <line num="318" count="0" type="stmt"/>
        <line num="319" count="0" type="cond" truecount="0" falsecount="2"/>
        <line num="320" count="0" type="cond" truecount="0" falsecount="2"/>
        <line num="322" count="1" type="cond" truecount="1" falsecount="1"/>
        <line num="323" count="0" type="stmt"/>
        <line num="326" count="1" type="stmt"/>
        <line num="340" count="1" type="stmt"/>
        <line num="344" count="2" type="stmt"/>
        <line num="357" count="2" type="cond" truecount="2" falsecount="0"/>
        <line num="358" count="1" type="stmt"/>
        <line num="363" count="2" type="stmt"/>
        <line num="364" count="2" type="cond" truecount="1" falsecount="1"/>
        <line num="367" count="2" type="stmt"/>
        <line num="375" count="2" type="cond" truecount="2" falsecount="0"/>
        <line num="377" count="1" type="stmt"/>
        <line num="378" count="1" type="stmt"/>
        <line num="380" count="1" type="cond" truecount="2" falsecount="2"/>
        <line num="381" count="0" type="stmt"/>
        <line num="382" count="0" type="cond" truecount="0" falsecount="2"/>
        <line num="383" count="0" type="stmt"/>
        <line num="384" count="0" type="cond" truecount="0" falsecount="2"/>
        <line num="385" count="0" type="stmt"/>
        <line num="388" count="1" type="stmt"/>
        <line num="404" count="2" type="stmt"/>
        <line num="405" count="2" type="cond" truecount="1" falsecount="1"/>
        <line num="406" count="2" type="cond" truecount="2" falsecount="0"/>
        <line num="409" count="1" type="stmt"/>
        <line num="412" count="1" type="cond" truecount="1" falsecount="1"/>
        <line num="414" count="1" type="stmt"/>
        <line num="425" count="1" type="stmt"/>
        <line num="434" count="1" type="stmt"/>
        <line num="438" count="2" type="stmt"/>
        <line num="442" count="2" type="cond" truecount="1" falsecount="1"/>
        <line num="443" count="2" type="cond" truecount="2" falsecount="0"/>
        <line num="444" count="1" type="stmt"/>
        <line num="447" count="1" type="stmt"/>
        <line num="459" count="1" type="cond" truecount="1" falsecount="1"/>
        <line num="461" count="1" type="cond" truecount="2" falsecount="0"/>
        <line num="462" count="1" type="cond" truecount="2" falsecount="0"/>
        <line num="463" count="1" type="stmt"/>
        <line num="464" count="1" type="stmt"/>
        <line num="466" count="1" type="cond" truecount="3" falsecount="1"/>
        <line num="467" count="1" type="cond" truecount="1" falsecount="1"/>
        <line num="468" count="1" type="stmt"/>
        <line num="469" count="1" type="cond" truecount="1" falsecount="1"/>
        <line num="470" count="1" type="stmt"/>
        <line num="473" count="1" type="stmt"/>
        <line num="488" count="1" type="stmt"/>
        <line num="490" count="1" type="stmt"/>
        <line num="499" count="1" type="stmt"/>
        <line num="503" count="0" type="stmt"/>
        <line num="504" count="0" type="stmt"/>
        <line num="505" count="0" type="cond" truecount="0" falsecount="2"/>
        <line num="506" count="0" type="cond" truecount="0" falsecount="2"/>
        <line num="508" count="0" type="stmt"/>
        <line num="523" count="0" type="stmt"/>
        <line num="529" count="2" type="stmt"/>
        <line num="530" count="2" type="cond" truecount="1" falsecount="1"/>
        <line num="532" count="2" type="cond" truecount="2" falsecount="0"/>
        <line num="533" count="1" type="stmt"/>
        <line num="540" count="1" type="stmt"/>
        <line num="553" count="1" type="stmt"/>
        <line num="562" count="1" type="stmt"/>
        <line num="566" count="2" type="stmt"/>
        <line num="569" count="2" type="cond" truecount="1" falsecount="1"/>
        <line num="570" count="2" type="cond" truecount="2" falsecount="0"/>
        <line num="571" count="1" type="stmt"/>
        <line num="574" count="1" type="cond" truecount="1" falsecount="1"/>
        <line num="576" count="1" type="stmt"/>
        <line num="585" count="1" type="stmt"/>
        <line num="594" count="1" type="stmt"/>
        <line num="600" count="0" type="stmt"/>
        <line num="608" count="3" type="stmt"/>
        <line num="609" count="3" type="cond" truecount="2" falsecount="0"/>
        <line num="611" count="2" type="stmt"/>
        <line num="612" count="2" type="cond" truecount="2" falsecount="0"/>
        <line num="615" count="1" type="stmt"/>
        <line num="620" count="1" type="stmt"/>
        <line num="644" count="2" type="stmt"/>
        <line num="646" count="2" type="stmt"/>
        <line num="653" count="2" type="stmt"/>
        <line num="664" count="2" type="stmt"/>
        <line num="665" count="1" type="cond" truecount="2" falsecount="2"/>
        <line num="666" count="1" type="stmt"/>
        <line num="667" count="1" type="cond" truecount="1" falsecount="1"/>
        <line num="668" count="1" type="cond" truecount="1" falsecount="1"/>
        <line num="669" count="1" type="cond" truecount="2" falsecount="0"/>
        <line num="670" count="0" type="cond" truecount="0" falsecount="2"/>
        <line num="671" count="0" type="stmt"/>
        <line num="672" count="0" type="cond" truecount="0" falsecount="2"/>
        <line num="673" count="0" type="stmt"/>
        <line num="674" count="0" type="cond" truecount="0" falsecount="2"/>
        <line num="675" count="0" type="stmt"/>
        <line num="676" count="0" type="cond" truecount="0" falsecount="2"/>
        <line num="677" count="0" type="stmt"/>
        <line num="678" count="0" type="cond" truecount="0" falsecount="2"/>
        <line num="680" count="1" type="stmt"/>
        <line num="683" count="2" type="cond" truecount="2" falsecount="0"/>
        <line num="688" count="2" type="stmt"/>
        <line num="692" count="2" type="stmt"/>
        <line num="708" count="2" type="cond" truecount="2" falsecount="0"/>
        <line num="709" count="1" type="stmt"/>
        <line num="715" count="1" type="stmt"/>
        <line num="719" count="1" type="stmt"/>
        <line num="724" count="1" type="cond" truecount="1" falsecount="1"/>
        <line num="726" count="0" type="stmt"/>
        <line num="729" count="1" type="stmt"/>
        <line num="735" count="1" type="stmt"/>
        <line num="736" count="1" type="stmt"/>
        <line num="737" count="1" type="stmt"/>
        <line num="738" count="1" type="stmt"/>
        <line num="739" count="3" type="stmt"/>
        <line num="740" count="3" type="stmt"/>
        <line num="743" count="1" type="stmt"/>
        <line num="744" count="3" type="stmt"/>
        <line num="766" count="1" type="stmt"/>
        <line num="772" count="0" type="stmt"/>
        <line num="793" count="1" type="stmt"/>
        <line num="794" count="1" type="stmt"/>
        <line num="813" count="1" type="stmt"/>
        <line num="814" count="1" type="stmt"/>
        <line num="815" count="1" type="stmt"/>
        <line num="816" count="1" type="stmt"/>
        <line num="818" count="1" type="stmt"/>
        <line num="819" count="31" type="stmt"/>
        <line num="820" count="31" type="stmt"/>
        <line num="821" count="31" type="cond" truecount="2" falsecount="0"/>
        <line num="823" count="31" type="cond" truecount="2" falsecount="0"/>
        <line num="824" count="1" type="stmt"/>
        <line num="826" count="30" type="stmt"/>
        <line num="831" count="31" type="stmt"/>
        <line num="834" count="1" type="stmt"/>
        <line num="837" count="1" type="stmt"/>
      </file>
    </package>
    <package name="modules.employee.services">
      <metrics statements="185" coveredstatements="150" conditionals="142" coveredconditionals="109" methods="49" coveredmethods="33"/>
      <file name="employee.service.js" path="C:\Users\ALAA\OneDrive\Desktop\reqs\hrms-backend\src\modules\employee\services\employee.service.js">
        <metrics statements="185" coveredstatements="150" conditionals="142" coveredconditionals="109" methods="49" coveredmethods="33"/>
        <line num="8" count="1" type="stmt"/>
        <line num="9" count="1" type="stmt"/>
        <line num="10" count="1" type="stmt"/>
        <line num="15" count="1" type="stmt"/>
        <line num="16" count="1" type="stmt"/>
        <line num="21" count="5" type="stmt"/>
        <line num="24" count="5" type="stmt"/>
        <line num="26" count="5" type="stmt"/>
        <line num="28" count="5" type="cond" truecount="2" falsecount="0"/>
        <line num="29" count="1" type="stmt"/>
        <line num="36" count="5" type="cond" truecount="2" falsecount="0"/>
        <line num="37" count="5" type="cond" truecount="1" falsecount="1"/>
        <line num="38" count="5" type="cond" truecount="1" falsecount="1"/>
        <line num="39" count="5" type="cond" truecount="1" falsecount="1"/>
        <line num="41" count="5" type="cond" truecount="2" falsecount="0"/>
        <line num="42" count="1" type="stmt"/>
        <line num="45" count="5" type="cond" truecount="2" falsecount="0"/>
        <line num="46" count="1" type="cond" truecount="2" falsecount="0"/>
        <line num="49" count="5" type="stmt"/>
        <line num="74" count="5" type="stmt"/>
        <line num="78" count="2" type="stmt"/>
        <line num="105" count="2" type="cond" truecount="2" falsecount="0"/>
        <line num="106" count="1" type="stmt"/>
        <line num="110" count="2" type="stmt"/>
        <line num="135" count="2" type="cond" truecount="2" falsecount="0"/>
        <line num="136" count="1" type="stmt"/>
        <line num="140" count="9" type="stmt"/>
        <line num="145" count="9" type="cond" truecount="2" falsecount="0"/>
        <line num="146" count="2" type="stmt"/>
        <line num="155" count="7" type="stmt"/>
        <line num="160" count="7" type="cond" truecount="2" falsecount="0"/>
        <line num="161" count="6" type="cond" truecount="2" falsecount="0"/>
        <line num="162" count="5" type="cond" truecount="2" falsecount="0"/>
        <line num="164" count="4" type="cond" truecount="2" falsecount="0"/>
        <line num="165" count="2" type="stmt"/>
        <line num="166" count="2" type="cond" truecount="3" falsecount="1"/>
        <line num="169" count="2" type="stmt"/>
        <line num="171" count="2" type="stmt"/>
        <line num="183" count="2" type="stmt"/>
        <line num="192" count="2" type="stmt"/>
        <line num="196" count="4" type="stmt"/>
        <line num="197" count="4" type="cond" truecount="2" falsecount="0"/>
        <line num="199" count="3" type="stmt"/>
        <line num="200" count="3" type="cond" truecount="4" falsecount="0"/>
        <line num="201" count="2" type="cond" truecount="4" falsecount="0"/>
        <line num="203" count="3" type="stmt"/>
        <line num="205" count="3" type="stmt"/>
        <line num="206" count="3" type="cond" truecount="2" falsecount="0"/>
        <line num="207" count="3" type="stmt"/>
        <line num="217" count="3" type="stmt"/>
        <line num="223" count="3" type="stmt"/>
        <line num="226" count="3" type="stmt"/>
        <line num="230" count="4" type="stmt"/>
        <line num="231" count="4" type="cond" truecount="2" falsecount="0"/>
        <line num="232" count="3" type="cond" truecount="2" falsecount="0"/>
        <line num="233" count="1" type="stmt"/>
        <line num="236" count="2" type="stmt"/>
        <line num="246" count="2" type="stmt"/>
        <line num="257" count="2" type="stmt"/>
        <line num="262" count="3" type="stmt"/>
        <line num="263" count="3" type="cond" truecount="2" falsecount="0"/>
        <line num="264" count="2" type="cond" truecount="2" falsecount="0"/>
        <line num="265" count="1" type="stmt"/>
        <line num="268" count="1" type="stmt"/>
        <line num="278" count="1" type="stmt"/>
        <line num="289" count="1" type="stmt"/>
        <line num="294" count="2" type="stmt"/>
        <line num="295" count="2" type="cond" truecount="2" falsecount="0"/>
        <line num="297" count="1" type="cond" truecount="2" falsecount="2"/>
        <line num="299" count="1" type="stmt"/>
        <line num="310" count="1" type="stmt"/>
        <line num="319" count="1" type="stmt"/>
        <line num="323" count="2" type="stmt"/>
        <line num="324" count="2" type="stmt"/>
        <line num="325" count="2" type="cond" truecount="2" falsecount="0"/>
        <line num="327" count="2" type="stmt"/>
        <line num="341" count="2" type="stmt"/>
        <line num="345" count="5" type="stmt"/>
        <line num="349" count="5" type="cond" truecount="2" falsecount="0"/>
        <line num="352" count="4" type="cond" truecount="5" falsecount="0"/>
        <line num="353" count="1" type="stmt"/>
        <line num="356" count="3" type="cond" truecount="2" falsecount="0"/>
        <line num="357" count="1" type="stmt"/>
        <line num="360" count="2" type="stmt"/>
        <line num="363" count="2" type="stmt"/>
        <line num="369" count="2" type="cond" truecount="1" falsecount="1"/>
        <line num="370" count="2" type="stmt"/>
        <line num="376" count="2" type="stmt"/>
        <line num="381" count="1" type="stmt"/>
        <line num="383" count="1" type="stmt"/>
        <line num="394" count="1" type="stmt"/>
        <line num="399" count="2" type="stmt"/>
        <line num="418" count="2" type="cond" truecount="2" falsecount="0"/>
        <line num="419" count="1" type="stmt"/>
        <line num="424" count="1" type="stmt"/>
        <line num="425" count="1" type="cond" truecount="1" falsecount="1"/>
        <line num="427" count="1" type="stmt"/>
        <line num="437" count="1" type="stmt"/>
        <line num="440" count="2" type="stmt"/>
        <line num="441" count="2" type="cond" truecount="2" falsecount="0"/>
        <line num="442" count="1" type="stmt"/>
        <line num="446" count="1" type="stmt"/>
        <line num="447" count="1" type="cond" truecount="1" falsecount="1"/>
        <line num="448" count="1" type="stmt"/>
        <line num="455" count="1" type="stmt"/>
        <line num="459" count="2" type="stmt"/>
        <line num="460" count="2" type="cond" truecount="2" falsecount="0"/>
        <line num="462" count="1" type="stmt"/>
        <line num="470" count="6" type="stmt"/>
        <line num="471" count="6" type="cond" truecount="2" falsecount="0"/>
        <line num="473" count="5" type="stmt"/>
        <line num="474" count="5" type="cond" truecount="2" falsecount="0"/>
        <line num="476" count="4" type="cond" truecount="4" falsecount="0"/>
        <line num="477" count="2" type="stmt"/>
        <line num="480" count="2" type="stmt"/>
        <line num="485" count="2" type="stmt"/>
        <line num="494" count="1" type="stmt"/>
        <line num="499" count="2" type="stmt"/>
        <line num="500" count="2" type="stmt"/>
        <line num="501" count="2" type="cond" truecount="2" falsecount="0"/>
        <line num="503" count="2" type="stmt"/>
        <line num="509" count="2" type="stmt"/>
        <line num="513" count="1" type="stmt"/>
        <line num="523" count="1" type="stmt"/>
        <line num="530" count="2" type="stmt"/>
        <line num="531" count="2" type="cond" truecount="2" falsecount="0"/>
        <line num="534" count="1" type="cond" truecount="1" falsecount="1"/>
        <line num="535" count="0" type="stmt"/>
        <line num="541" count="1" type="stmt"/>
        <line num="547" count="2" type="stmt"/>
        <line num="550" count="2" type="cond" truecount="2" falsecount="0"/>
        <line num="552" count="1" type="stmt"/>
        <line num="557" count="1" type="stmt"/>
        <line num="564" count="2" type="stmt"/>
        <line num="565" count="2" type="cond" truecount="1" falsecount="1"/>
        <line num="568" count="2" type="stmt"/>
        <line num="571" count="2" type="cond" truecount="2" falsecount="0"/>
        <line num="573" count="1" type="stmt"/>
        <line num="579" count="2" type="stmt"/>
        <line num="582" count="2" type="cond" truecount="2" falsecount="0"/>
        <line num="584" count="1" type="stmt"/>
        <line num="589" count="0" type="stmt"/>
        <line num="596" count="0" type="stmt"/>
        <line num="600" count="4" type="stmt"/>
        <line num="604" count="4" type="cond" truecount="2" falsecount="0"/>
        <line num="607" count="3" type="stmt"/>
        <line num="614" count="3" type="stmt"/>
        <line num="615" count="3" type="stmt"/>
        <line num="619" count="2" type="stmt"/>
        <line num="620" count="2" type="cond" truecount="2" falsecount="0"/>
        <line num="622" count="1" type="stmt"/>
        <line num="631" count="1" type="stmt"/>
        <line num="636" count="0" type="stmt"/>
        <line num="643" count="0" type="stmt"/>
        <line num="656" count="0" type="stmt"/>
        <line num="662" count="0" type="stmt"/>
        <line num="673" count="0" type="stmt"/>
        <line num="680" count="0" type="stmt"/>
        <line num="686" count="0" type="stmt"/>
        <line num="692" count="0" type="stmt"/>
        <line num="695" count="0" type="cond" truecount="0" falsecount="4"/>
        <line num="696" count="0" type="stmt"/>
        <line num="706" count="0" type="stmt"/>
        <line num="711" count="0" type="stmt"/>
        <line num="718" count="0" type="stmt"/>
        <line num="719" count="0" type="cond" truecount="0" falsecount="2"/>
        <line num="722" count="0" type="cond" truecount="0" falsecount="5"/>
        <line num="723" count="0" type="stmt"/>
        <line num="726" count="0" type="stmt"/>
        <line num="734" count="0" type="stmt"/>
        <line num="744" count="0" type="stmt"/>
        <line num="755" count="0" type="stmt"/>
        <line num="767" count="0" type="stmt"/>
        <line num="773" count="0" type="stmt"/>
        <line num="784" count="0" type="stmt"/>
        <line num="789" count="0" type="stmt"/>
        <line num="793" count="0" type="cond" truecount="0" falsecount="2"/>
        <line num="796" count="0" type="stmt"/>
        <line num="812" count="0" type="stmt"/>
        <line num="819" count="0" type="stmt"/>
        <line num="830" count="0" type="stmt"/>
        <line num="834" count="0" type="cond" truecount="0" falsecount="2"/>
        <line num="835" count="0" type="stmt"/>
        <line num="841" count="0" type="stmt"/>
        <line num="856" count="1" type="stmt"/>
      </file>
    </package>
    <package name="modules.leave.services">
      <metrics statements="134" coveredstatements="129" conditionals="102" coveredconditionals="85" methods="29" coveredmethods="27"/>
      <file name="leave.service.js" path="C:\Users\ALAA\OneDrive\Desktop\reqs\hrms-backend\src\modules\leave\services\leave.service.js">
        <metrics statements="134" coveredstatements="129" conditionals="102" coveredconditionals="85" methods="29" coveredmethods="27"/>
        <line num="6" count="1" type="stmt"/>
        <line num="7" count="1" type="stmt"/>
        <line num="8" count="1" type="stmt"/>
        <line num="12" count="1" type="stmt"/>
        <line num="15" count="1" type="stmt"/>
        <line num="16" count="1" type="stmt"/>
        <line num="17" count="1" type="stmt"/>
        <line num="22" count="2" type="stmt"/>
        <line num="25" count="2" type="stmt"/>
        <line num="32" count="2" type="stmt"/>
        <line num="38" count="1" type="stmt"/>
        <line num="42" count="1" type="stmt"/>
        <line num="46" count="1" type="stmt"/>
        <line num="50" count="1" type="stmt"/>
        <line num="56" count="1" type="stmt"/>
        <line num="64" count="3" type="cond" truecount="2" falsecount="0"/>
        <line num="65" count="3" type="stmt"/>
        <line num="67" count="3" type="cond" truecount="2" falsecount="0"/>
        <line num="69" count="2" type="stmt"/>
        <line num="72" count="2" type="stmt"/>
        <line num="73" count="2" type="cond" truecount="1" falsecount="1"/>
        <line num="76" count="2" type="stmt"/>
        <line num="97" count="2" type="stmt"/>
        <line num="100" count="2" type="stmt"/>
        <line num="106" count="2" type="stmt"/>
        <line num="107" count="2" type="stmt"/>
        <line num="113" count="2" type="cond" truecount="2" falsecount="0"/>
        <line num="115" count="1" type="stmt"/>
        <line num="120" count="1" type="stmt"/>
        <line num="127" count="1" type="stmt"/>
        <line num="133" count="4" type="stmt"/>
        <line num="135" count="4" type="stmt"/>
        <line num="143" count="4" type="cond" truecount="2" falsecount="0"/>
        <line num="146" count="3" type="stmt"/>
        <line num="147" count="3" type="cond" truecount="5" falsecount="0"/>
        <line num="148" count="1" type="stmt"/>
        <line num="152" count="2" type="stmt"/>
        <line num="153" count="2" type="cond" truecount="3" falsecount="2"/>
        <line num="154" count="0" type="stmt"/>
        <line num="157" count="2" type="stmt"/>
        <line num="158" count="2" type="stmt"/>
        <line num="161" count="2" type="cond" truecount="2" falsecount="0"/>
        <line num="164" count="2" type="cond" truecount="2" falsecount="0"/>
        <line num="165" count="1" type="stmt"/>
        <line num="169" count="1" type="stmt"/>
        <line num="170" count="1" type="stmt"/>
        <line num="184" count="1" type="stmt"/>
        <line num="189" count="1" type="stmt"/>
        <line num="192" count="1" type="stmt"/>
        <line num="194" count="1" type="cond" truecount="1" falsecount="1"/>
        <line num="195" count="1" type="stmt"/>
        <line num="204" count="1" type="stmt"/>
        <line num="211" count="2" type="stmt"/>
        <line num="212" count="2" type="cond" truecount="4" falsecount="0"/>
        <line num="213" count="1" type="stmt"/>
        <line num="215" count="1" type="stmt"/>
        <line num="230" count="2" type="stmt"/>
        <line num="231" count="2" type="cond" truecount="2" falsecount="0"/>
        <line num="234" count="1" type="stmt"/>
        <line num="235" count="1" type="stmt"/>
        <line num="241" count="1" type="cond" truecount="1" falsecount="1"/>
        <line num="242" count="1" type="stmt"/>
        <line num="246" count="0" type="cond" truecount="0" falsecount="2"/>
        <line num="247" count="0" type="stmt"/>
        <line num="253" count="1" type="stmt"/>
        <line num="256" count="1" type="stmt"/>
        <line num="264" count="1" type="stmt"/>
        <line num="271" count="5" type="stmt"/>
        <line num="275" count="5" type="cond" truecount="2" falsecount="0"/>
        <line num="277" count="4" type="cond" truecount="4" falsecount="0"/>
        <line num="279" count="4" type="stmt"/>
        <line num="280" count="4" type="stmt"/>
        <line num="285" count="4" type="stmt"/>
        <line num="296" count="4" type="cond" truecount="2" falsecount="0"/>
        <line num="297" count="3" type="stmt"/>
        <line num="304" count="1" type="cond" truecount="1" falsecount="1"/>
        <line num="305" count="1" type="stmt"/>
        <line num="310" count="4" type="stmt"/>
        <line num="313" count="4" type="cond" truecount="2" falsecount="0"/>
        <line num="314" count="3" type="stmt"/>
        <line num="319" count="4" type="stmt"/>
        <line num="329" count="4" type="cond" truecount="4" falsecount="0"/>
        <line num="330" count="2" type="stmt"/>
        <line num="340" count="4" type="stmt"/>
        <line num="347" count="2" type="cond" truecount="4" falsecount="0"/>
        <line num="348" count="1" type="stmt"/>
        <line num="351" count="1" type="stmt"/>
        <line num="352" count="1" type="stmt"/>
        <line num="353" count="2" type="stmt"/>
        <line num="354" count="2" type="stmt"/>
        <line num="355" count="2" type="stmt"/>
        <line num="358" count="0" type="stmt"/>
        <line num="362" count="1" type="stmt"/>
        <line num="375" count="2" type="stmt"/>
        <line num="379" count="2" type="cond" truecount="2" falsecount="0"/>
        <line num="383" count="1" type="stmt"/>
        <line num="395" count="1" type="stmt"/>
        <line num="404" count="1" type="stmt"/>
        <line num="413" count="2" type="stmt"/>
        <line num="416" count="2" type="stmt"/>
        <line num="417" count="2" type="cond" truecount="2" falsecount="0"/>
        <line num="418" count="1" type="stmt"/>
        <line num="420" count="2" type="cond" truecount="1" falsecount="1"/>
        <line num="421" count="0" type="stmt"/>
        <line num="425" count="2" type="stmt"/>
        <line num="433" count="2" type="stmt"/>
        <line num="434" count="2" type="stmt"/>
        <line num="439" count="1" type="stmt"/>
        <line num="442" count="1" type="stmt"/>
        <line num="453" count="1" type="stmt"/>
        <line num="456" count="1" type="stmt"/>
        <line num="477" count="1" type="stmt"/>
        <line num="483" count="1" type="stmt"/>
        <line num="491" count="1" type="stmt"/>
        <line num="495" count="1" type="stmt"/>
        <line num="499" count="1" type="cond" truecount="1" falsecount="1"/>
        <line num="500" count="1" type="stmt"/>
        <line num="505" count="1" type="stmt"/>
        <line num="512" count="1" type="stmt"/>
        <line num="518" count="1" type="stmt"/>
        <line num="523" count="2" type="stmt"/>
        <line num="532" count="2" type="cond" truecount="4" falsecount="0"/>
        <line num="533" count="1" type="stmt"/>
        <line num="543" count="2" type="stmt"/>
        <line num="555" count="3" type="stmt"/>
        <line num="556" count="3" type="cond" truecount="2" falsecount="0"/>
        <line num="557" count="3" type="stmt"/>
        <line num="558" count="3" type="stmt"/>
        <line num="560" count="3" type="cond" truecount="2" falsecount="0"/>
        <line num="561" count="2" type="cond" truecount="2" falsecount="0"/>
        <line num="564" count="1" type="stmt"/>
        <line num="574" count="1" type="stmt"/>
        <line num="582" count="1" type="stmt"/>
        <line num="590" count="1" type="stmt"/>
      </file>
    </package>
    <package name="modules.payroll.services">
      <metrics statements="286" coveredstatements="208" conditionals="200" coveredconditionals="110" methods="48" coveredmethods="22"/>
      <file name="payroll.calculator.js" path="C:\Users\ALAA\OneDrive\Desktop\reqs\hrms-backend\src\modules\payroll\services\payroll.calculator.js">
        <metrics statements="86" coveredstatements="86" conditionals="70" coveredconditionals="53" methods="8" coveredmethods="8"/>
        <line num="1" count="1" type="stmt"/>
        <line num="2" count="1" type="stmt"/>
        <line num="3" count="1" type="stmt"/>
        <line num="7" count="23" type="cond" truecount="1" falsecount="1"/>
        <line num="8" count="23" type="stmt"/>
        <line num="9" count="23" type="stmt"/>
        <line num="10" count="23" type="stmt"/>
        <line num="11" count="23" type="cond" truecount="1" falsecount="1"/>
        <line num="13" count="23" type="cond" truecount="2" falsecount="0"/>
        <line num="14" count="23" type="cond" truecount="2" falsecount="2"/>
        <line num="16" count="23" type="cond" truecount="3" falsecount="1"/>
        <line num="17" count="23" type="stmt"/>
        <line num="18" count="23" type="stmt"/>
        <line num="24" count="22" type="stmt"/>
        <line num="29" count="22" type="cond" truecount="1" falsecount="1"/>
        <line num="32" count="22" type="cond" truecount="1" falsecount="1"/>
        <line num="33" count="22" type="stmt"/>
        <line num="35" count="22" type="stmt"/>
        <line num="36" count="22" type="stmt"/>
        <line num="38" count="22" type="stmt"/>
        <line num="39" count="22" type="cond" truecount="1" falsecount="1"/>
        <line num="40" count="22" type="stmt"/>
        <line num="41" count="22" type="cond" truecount="1" falsecount="1"/>
        <line num="42" count="22" type="stmt"/>
        <line num="43" count="22" type="stmt"/>
        <line num="45" count="22" type="cond" truecount="1" falsecount="1"/>
        <line num="47" count="22" type="stmt"/>
        <line num="48" count="22" type="stmt"/>
        <line num="49" count="22" type="stmt"/>
        <line num="51" count="22" type="stmt"/>
        <line num="55" count="22" type="stmt"/>
        <line num="56" count="22" type="stmt"/>
        <line num="61" count="22" type="stmt"/>
        <line num="62" count="22" type="stmt"/>
        <line num="70" count="22" type="stmt"/>
        <line num="78" count="22" type="cond" truecount="4" falsecount="0"/>
        <line num="82" count="7" type="stmt"/>
        <line num="83" count="7" type="stmt"/>
        <line num="86" count="7" type="cond" truecount="1" falsecount="1"/>
        <line num="88" count="7" type="stmt"/>
        <line num="94" count="24" type="cond" truecount="2" falsecount="0"/>
        <line num="96" count="23" type="stmt"/>
        <line num="97" count="23" type="stmt"/>
        <line num="99" count="23" type="stmt"/>
        <line num="100" count="23" type="stmt"/>
        <line num="102" count="23" type="stmt"/>
        <line num="108" count="23" type="stmt"/>
        <line num="109" count="23" type="stmt"/>
        <line num="111" count="23" type="cond" truecount="1" falsecount="1"/>
        <line num="114" count="23" type="stmt"/>
        <line num="123" count="23" type="cond" truecount="2" falsecount="0"/>
        <line num="125" count="22" type="stmt"/>
        <line num="126" count="22" type="stmt"/>
        <line num="129" count="22" type="stmt"/>
        <line num="138" count="22" type="stmt"/>
        <line num="139" count="21" type="cond" truecount="2" falsecount="0"/>
        <line num="140" count="21" type="stmt"/>
        <line num="147" count="22" type="stmt"/>
        <line num="152" count="22" type="cond" truecount="1" falsecount="1"/>
        <line num="155" count="22" type="cond" truecount="1" falsecount="1"/>
        <line num="156" count="22" type="stmt"/>
        <line num="157" count="22" type="stmt"/>
        <line num="159" count="22" type="cond" truecount="4" falsecount="0"/>
        <line num="161" count="22" type="cond" truecount="1" falsecount="1"/>
        <line num="162" count="22" type="stmt"/>
        <line num="164" count="22" type="cond" truecount="4" falsecount="0"/>
        <line num="165" count="22" type="stmt"/>
        <line num="167" count="22" type="cond" truecount="2" falsecount="0"/>
        <line num="168" count="22" type="stmt"/>
        <line num="171" count="22" type="cond" truecount="2" falsecount="0"/>
        <line num="172" count="22" type="stmt"/>
        <line num="175" count="22" type="stmt"/>
        <line num="177" count="22" type="stmt"/>
        <line num="178" count="22" type="stmt"/>
        <line num="179" count="22" type="stmt"/>
        <line num="182" count="22" type="stmt"/>
        <line num="185" count="22" type="stmt"/>
        <line num="188" count="22" type="cond" truecount="1" falsecount="1"/>
        <line num="191" count="22" type="stmt"/>
        <line num="196" count="22" type="cond" truecount="2" falsecount="0"/>
        <line num="197" count="22" type="cond" truecount="2" falsecount="0"/>
        <line num="198" count="22" type="cond" truecount="1" falsecount="1"/>
        <line num="200" count="22" type="stmt"/>
        <line num="201" count="22" type="stmt"/>
        <line num="203" count="22" type="stmt"/>
        <line num="215" count="1" type="stmt"/>
      </file>
      <file name="payroll.service.js" path="C:\Users\ALAA\OneDrive\Desktop\reqs\hrms-backend\src\modules\payroll\services\payroll.service.js">
        <metrics statements="200" coveredstatements="122" conditionals="130" coveredconditionals="57" methods="40" coveredmethods="14"/>
        <line num="1" count="2" type="stmt"/>
        <line num="2" count="2" type="stmt"/>
        <line num="3" count="2" type="stmt"/>
        <line num="4" count="2" type="stmt"/>
        <line num="5" count="2" type="stmt"/>
        <line num="6" count="2" type="stmt"/>
        <line num="10" count="11" type="stmt"/>
        <line num="11" count="11" type="cond" truecount="2" falsecount="0"/>
        <line num="12" count="7" type="cond" truecount="1" falsecount="1"/>
        <line num="13" count="7" type="stmt"/>
        <line num="14" count="7" type="stmt"/>
        <line num="15" count="7" type="stmt"/>
        <line num="16" count="7" type="stmt"/>
        <line num="17" count="9" type="cond" truecount="2" falsecount="0"/>
        <line num="18" count="5" type="stmt"/>
        <line num="19" count="5" type="cond" truecount="2" falsecount="0"/>
        <line num="20" count="5" type="stmt"/>
        <line num="21" count="5" type="stmt"/>
        <line num="22" count="5" type="stmt"/>
        <line num="23" count="5" type="stmt"/>
        <line num="24" count="5" type="stmt"/>
        <line num="26" count="7" type="stmt"/>
        <line num="30" count="7" type="stmt"/>
        <line num="31" count="7" type="stmt"/>
        <line num="35" count="7" type="cond" truecount="2" falsecount="2"/>
        <line num="39" count="0" type="stmt"/>
        <line num="40" count="0" type="stmt"/>
        <line num="41" count="0" type="stmt"/>
        <line num="42" count="0" type="stmt"/>
        <line num="43" count="0" type="stmt"/>
        <line num="44" count="0" type="stmt"/>
        <line num="45" count="0" type="stmt"/>
        <line num="46" count="0" type="stmt"/>
        <line num="50" count="0" type="stmt"/>
        <line num="53" count="0" type="stmt"/>
        <line num="57" count="0" type="stmt"/>
        <line num="62" count="0" type="cond" truecount="0" falsecount="2"/>
        <line num="63" count="0" type="stmt"/>
        <line num="66" count="0" type="stmt"/>
        <line num="67" count="0" type="stmt"/>
        <line num="68" count="0" type="cond" truecount="0" falsecount="2"/>
        <line num="69" count="0" type="cond" truecount="0" falsecount="2"/>
        <line num="71" count="0" type="cond" truecount="0" falsecount="2"/>
        <line num="72" count="0" type="cond" truecount="0" falsecount="4"/>
        <line num="75" count="0" type="cond" truecount="0" falsecount="4"/>
        <line num="76" count="0" type="stmt"/>
        <line num="79" count="0" type="stmt"/>
        <line num="80" count="0" type="stmt"/>
        <line num="82" count="0" type="stmt"/>
        <line num="95" count="0" type="stmt"/>
        <line num="96" count="0" type="stmt"/>
        <line num="97" count="0" type="cond" truecount="0" falsecount="2"/>
        <line num="98" count="0" type="cond" truecount="0" falsecount="2"/>
        <line num="99" count="0" type="cond" truecount="0" falsecount="2"/>
        <line num="100" count="0" type="stmt"/>
        <line num="106" count="0" type="stmt"/>
        <line num="110" count="0" type="stmt"/>
        <line num="116" count="0" type="cond" truecount="0" falsecount="2"/>
        <line num="117" count="0" type="stmt"/>
        <line num="121" count="3" type="stmt"/>
        <line num="122" count="3" type="cond" truecount="2" falsecount="0"/>
        <line num="123" count="2" type="stmt"/>
        <line num="124" count="2" type="cond" truecount="2" falsecount="0"/>
        <line num="125" count="1" type="stmt"/>
        <line num="135" count="7" type="stmt"/>
        <line num="143" count="7" type="stmt"/>
        <line num="144" count="7" type="stmt"/>
        <line num="145" count="42" type="stmt"/>
        <line num="146" count="42" type="cond" truecount="1" falsecount="1"/>
        <line num="147" count="42" type="stmt"/>
        <line num="149" count="7" type="stmt"/>
        <line num="153" count="7" type="stmt"/>
        <line num="154" count="7" type="cond" truecount="1" falsecount="1"/>
        <line num="155" count="7" type="stmt"/>
        <line num="159" count="9" type="stmt"/>
        <line num="160" count="9" type="cond" truecount="2" falsecount="0"/>
        <line num="161" count="8" type="cond" truecount="2" falsecount="0"/>
        <line num="162" count="7" type="stmt"/>
        <line num="164" count="7" type="stmt"/>
        <line num="165" count="7" type="cond" truecount="2" falsecount="0"/>
        <line num="166" count="7" type="stmt"/>
        <line num="168" count="7" type="stmt"/>
        <line num="169" count="7" type="stmt"/>
        <line num="170" count="7" type="stmt"/>
        <line num="171" count="7" type="stmt"/>
        <line num="173" count="7" type="stmt"/>
        <line num="174" count="7" type="stmt"/>
        <line num="175" count="7" type="stmt"/>
        <line num="179" count="7" type="cond" truecount="2" falsecount="0"/>
        <line num="181" count="6" type="stmt"/>
        <line num="182" count="6" type="stmt"/>
        <line num="187" count="6" type="stmt"/>
        <line num="190" count="6" type="cond" truecount="2" falsecount="0"/>
        <line num="192" count="5" type="stmt"/>
        <line num="196" count="5" type="stmt"/>
        <line num="197" count="5" type="stmt"/>
        <line num="198" count="5" type="stmt"/>
        <line num="200" count="5" type="cond" truecount="1" falsecount="1"/>
        <line num="201" count="5" type="stmt"/>
        <line num="202" count="5" type="cond" truecount="3" falsecount="1"/>
        <line num="203" count="5" type="stmt"/>
        <line num="204" count="5" type="stmt"/>
        <line num="207" count="5" type="cond" truecount="0" falsecount="2"/>
        <line num="209" count="5" type="stmt"/>
        <line num="210" count="5" type="stmt"/>
        <line num="211" count="5" type="stmt"/>
        <line num="212" count="5" type="stmt"/>
        <line num="213" count="0" type="stmt"/>
        <line num="214" count="0" type="stmt"/>
        <line num="216" count="0" type="cond" truecount="0" falsecount="2"/>
        <line num="218" count="0" type="stmt"/>
        <line num="227" count="0" type="stmt"/>
        <line num="230" count="0" type="stmt"/>
        <line num="233" count="0" type="stmt"/>
        <line num="234" count="0" type="stmt"/>
        <line num="242" count="0" type="stmt"/>
        <line num="244" count="0" type="stmt"/>
        <line num="245" count="0" type="cond" truecount="0" falsecount="2"/>
        <line num="246" count="0" type="stmt"/>
        <line num="248" count="0" type="stmt"/>
        <line num="249" count="0" type="stmt"/>
        <line num="250" count="0" type="cond" truecount="0" falsecount="2"/>
        <line num="251" count="0" type="cond" truecount="0" falsecount="2"/>
        <line num="252" count="0" type="cond" truecount="0" falsecount="2"/>
        <line num="253" count="0" type="cond" truecount="0" falsecount="2"/>
        <line num="254" count="0" type="cond" truecount="0" falsecount="2"/>
        <line num="255" count="0" type="stmt"/>
        <line num="257" count="0" type="stmt"/>
        <line num="259" count="5" type="stmt"/>
        <line num="263" count="7" type="stmt"/>
        <line num="264" count="7" type="cond" truecount="1" falsecount="1"/>
        <line num="265" count="7" type="stmt"/>
        <line num="266" count="7" type="stmt"/>
        <line num="270" count="4" type="stmt"/>
        <line num="271" count="4" type="cond" truecount="2" falsecount="0"/>
        <line num="272" count="3" type="cond" truecount="2" falsecount="0"/>
        <line num="273" count="2" type="stmt"/>
        <line num="274" count="2" type="cond" truecount="2" falsecount="0"/>
        <line num="275" count="1" type="stmt"/>
        <line num="276" count="1" type="stmt"/>
        <line num="280" count="2" type="stmt"/>
        <line num="281" count="2" type="cond" truecount="1" falsecount="1"/>
        <line num="282" count="2" type="cond" truecount="2" falsecount="0"/>
        <line num="283" count="1" type="stmt"/>
        <line num="284" count="1" type="stmt"/>
        <line num="285" count="1" type="stmt"/>
        <line num="289" count="3" type="stmt"/>
        <line num="290" count="3" type="cond" truecount="1" falsecount="1"/>
        <line num="291" count="3" type="cond" truecount="2" falsecount="0"/>
        <line num="292" count="2" type="stmt"/>
        <line num="293" count="2" type="stmt"/>
        <line num="294" count="2" type="stmt"/>
        <line num="295" count="2" type="stmt"/>
        <line num="296" count="2" type="stmt"/>
        <line num="297" count="2" type="cond" truecount="2" falsecount="0"/>
        <line num="298" count="1" type="stmt"/>
        <line num="299" count="1" type="stmt"/>
        <line num="300" count="1" type="stmt"/>
        <line num="301" count="1" type="stmt"/>
        <line num="303" count="2" type="stmt"/>
        <line num="307" count="0" type="stmt"/>
        <line num="308" count="0" type="stmt"/>
        <line num="313" count="0" type="stmt"/>
        <line num="314" count="0" type="stmt"/>
        <line num="318" count="5" type="stmt"/>
        <line num="322" count="5" type="cond" truecount="2" falsecount="0"/>
        <line num="323" count="4" type="stmt"/>
        <line num="324" count="4" type="cond" truecount="4" falsecount="0"/>
        <line num="325" count="3" type="stmt"/>
        <line num="329" count="0" type="stmt"/>
        <line num="330" count="0" type="stmt"/>
        <line num="331" count="0" type="cond" truecount="0" falsecount="2"/>
        <line num="332" count="0" type="cond" truecount="0" falsecount="2"/>
        <line num="333" count="0" type="cond" truecount="0" falsecount="2"/>
        <line num="334" count="0" type="stmt"/>
        <line num="338" count="0" type="stmt"/>
        <line num="342" count="3" type="stmt"/>
        <line num="343" count="3" type="cond" truecount="2" falsecount="0"/>
        <line num="344" count="2" type="cond" truecount="2" falsecount="0"/>
        <line num="345" count="1" type="stmt"/>
        <line num="349" count="2" type="stmt"/>
        <line num="350" count="2" type="cond" truecount="1" falsecount="1"/>
        <line num="351" count="2" type="cond" truecount="2" falsecount="0"/>
        <line num="352" count="1" type="stmt"/>
        <line num="353" count="1" type="stmt"/>
        <line num="354" count="1" type="stmt"/>
        <line num="355" count="1" type="stmt"/>
        <line num="359" count="0" type="stmt"/>
        <line num="364" count="0" type="stmt"/>
        <line num="365" count="0" type="stmt"/>
        <line num="369" count="0" type="cond" truecount="0" falsecount="2"/>
        <line num="375" count="0" type="stmt"/>
        <line num="376" count="0" type="cond" truecount="0" falsecount="2"/>
        <line num="377" count="0" type="cond" truecount="0" falsecount="2"/>
        <line num="378" count="0" type="stmt"/>
        <line num="386" count="0" type="stmt"/>
        <line num="387" count="0" type="cond" truecount="0" falsecount="2"/>
        <line num="388" count="0" type="stmt"/>
        <line num="399" count="0" type="stmt"/>
        <line num="406" count="2" type="stmt"/>
      </file>
    </package>
    <package name="shared.constants">
      <metrics statements="23" coveredstatements="23" conditionals="0" coveredconditionals="0" methods="0" coveredmethods="0"/>
      <file name="index.js" path="C:\Users\ALAA\OneDrive\Desktop\reqs\hrms-backend\src\shared\constants\index.js">
        <metrics statements="23" coveredstatements="23" conditionals="0" coveredconditionals="0" methods="0" coveredmethods="0"/>
        <line num="14" count="2" type="stmt"/>
        <line num="21" count="2" type="stmt"/>
        <line num="28" count="2" type="stmt"/>
        <line num="34" count="2" type="stmt"/>
        <line num="42" count="2" type="stmt"/>
        <line num="52" count="2" type="stmt"/>
        <line num="58" count="2" type="stmt"/>
        <line num="66" count="2" type="stmt"/>
        <line num="69" count="2" type="stmt"/>
        <line num="80" count="2" type="stmt"/>
        <line num="87" count="2" type="stmt"/>
        <line num="101" count="2" type="stmt"/>
        <line num="107" count="2" type="stmt"/>
        <line num="116" count="2" type="stmt"/>
        <line num="123" count="2" type="stmt"/>
        <line num="129" count="2" type="stmt"/>
        <line num="135" count="2" type="stmt"/>
        <line num="141" count="2" type="stmt"/>
        <line num="149" count="2" type="stmt"/>
        <line num="157" count="2" type="stmt"/>
        <line num="182" count="2" type="stmt"/>
        <line num="191" count="2" type="stmt"/>
        <line num="197" count="2" type="stmt"/>
      </file>
    </package>
    <package name="shared.utils">
      <metrics statements="10" coveredstatements="4" conditionals="7" coveredconditionals="0" methods="3" coveredmethods="0"/>
      <file name="notification.util.js" path="C:\Users\ALAA\OneDrive\Desktop\reqs\hrms-backend\src\shared\utils\notification.util.js">
        <metrics statements="10" coveredstatements="4" conditionals="7" coveredconditionals="0" methods="3" coveredmethods="0"/>
        <line num="19" count="1" type="stmt"/>
        <line num="20" count="1" type="stmt"/>
        <line num="21" count="1" type="stmt"/>
        <line num="44" count="0" type="stmt"/>
        <line num="45" count="0" type="stmt"/>
        <line num="59" count="0" type="cond" truecount="0" falsecount="2"/>
        <line num="60" count="0" type="stmt"/>
        <line num="65" count="0" type="stmt"/>
        <line num="75" count="0" type="stmt"/>
        <line num="78" count="1" type="stmt"/>
      </file>
    </package>
    <package name="tests.mocks">
      <metrics statements="13" coveredstatements="2" conditionals="11" coveredconditionals="0" methods="4" coveredmethods="0"/>
      <file name="prisma.mock.js" path="C:\Users\ALAA\OneDrive\Desktop\reqs\hrms-backend\src\tests\mocks\prisma.mock.js">
        <metrics statements="13" coveredstatements="2" conditionals="11" coveredconditionals="0" methods="4" coveredmethods="0"/>
        <line num="3" count="5" type="stmt"/>
        <line num="426" count="0" type="cond" truecount="0" falsecount="2"/>
        <line num="427" count="0" type="stmt"/>
        <line num="431" count="0" type="cond" truecount="0" falsecount="2"/>
        <line num="432" count="0" type="stmt"/>
        <line num="560" count="0" type="stmt"/>
        <line num="563" count="0" type="stmt"/>
        <line num="575" count="0" type="stmt"/>
        <line num="576" count="0" type="cond" truecount="0" falsecount="5"/>
        <line num="577" count="0" type="stmt"/>
        <line num="578" count="0" type="cond" truecount="0" falsecount="2"/>
        <line num="579" count="0" type="stmt"/>
        <line num="587" count="5" type="stmt"/>
      </file>
    </package>
  </project>
</coverage>
