{"C:\\Users\\ALAA\\OneDrive\\Desktop\\reqs\\hrms-backend\\src\\config\\logger.js": {"path":"C:\\Users\\ALAA\\OneDrive\\Desktop\\reqs\\hrms-backend\\src\\config\\logger.js","statementMap":{"0":{"start":{"line":17,"column":16},"end":{"line":17,"column":34}},"1":{"start":{"line":18,"column":13},"end":{"line":18,"column":28}},"2":{"start":{"line":19,"column":11},"end":{"line":19,"column":24}},"3":{"start":{"line":21,"column":15},"end":{"line":21,"column":44}},"4":{"start":{"line":22,"column":0},"end":{"line":22,"column":70}},"5":{"start":{"line":22,"column":28},"end":{"line":22,"column":70}},"6":{"start":{"line":24,"column":57},"end":{"line":24,"column":71}},"7":{"start":{"line":26,"column":18},"end":{"line":33,"column":1}},"8":{"start":{"line":31,"column":4},"end":{"line":31,"column":97}},"9":{"start":{"line":35,"column":19},"end":{"line":39,"column":1}},"10":{"start":{"line":41,"column":15},"end":{"line":56,"column":2}},"11":{"start":{"line":58,"column":0},"end":{"line":58,"column":24}}},"fnMap":{"0":{"name":"(anonymous_0)","decl":{"start":{"line":30,"column":9},"end":{"line":30,"column":10}},"loc":{"start":{"line":31,"column":4},"end":{"line":31,"column":97}},"line":31}},"branchMap":{"0":{"loc":{"start":{"line":21,"column":15},"end":{"line":21,"column":44}},"type":"binary-expr","locations":[{"start":{"line":21,"column":15},"end":{"line":21,"column":34}},{"start":{"line":21,"column":38},"end":{"line":21,"column":44}}],"line":21},"1":{"loc":{"start":{"line":22,"column":0},"end":{"line":22,"column":70}},"type":"if","locations":[{"start":{"line":22,"column":0},"end":{"line":22,"column":70}},{"start":{},"end":{}}],"line":22},"2":{"loc":{"start":{"line":31,"column":4},"end":{"line":31,"column":97}},"type":"cond-expr","locations":[{"start":{"line":31,"column":12},"end":{"line":31,"column":58}},{"start":{"line":31,"column":61},"end":{"line":31,"column":97}}],"line":31},"3":{"loc":{"start":{"line":42,"column":9},"end":{"line":42,"column":40}},"type":"binary-expr","locations":[{"start":{"line":42,"column":9},"end":{"line":42,"column":30}},{"start":{"line":42,"column":34},"end":{"line":42,"column":40}}],"line":42},"4":{"loc":{"start":{"line":43,"column":10},"end":{"line":43,"column":72}},"type":"cond-expr","locations":[{"start":{"line":43,"column":50},"end":{"line":43,"column":60}},{"start":{"line":43,"column":63},"end":{"line":43,"column":72}}],"line":43}},"s":{"0":5,"1":5,"2":5,"3":5,"4":5,"5":0,"6":5,"7":5,"8":0,"9":5,"10":5,"11":5},"f":{"0":0},"b":{"0":[5,5],"1":[0,5],"2":[0,0],"3":[5,5],"4":[0,5]},"_coverageSchema":"1a1c01bbd47fc00a2c39e90264f33305004495a9","hash":"c35aef4ee8463fde0f6869cf973204d1449ba5a2"}
,"C:\\Users\\ALAA\\OneDrive\\Desktop\\reqs\\hrms-backend\\src\\middleware\\errorHandler.js": {"path":"C:\\Users\\ALAA\\OneDrive\\Desktop\\reqs\\hrms-backend\\src\\middleware\\errorHandler.js","statementMap":{"0":{"start":{"line":27,"column":15},"end":{"line":27,"column":42}},"1":{"start":{"line":28,"column":19},"end":{"line":28,"column":44}},"2":{"start":{"line":33,"column":4},"end":{"line":33,"column":19}},"3":{"start":{"line":34,"column":4},"end":{"line":34,"column":33}},"4":{"start":{"line":35,"column":4},"end":{"line":35,"column":21}},"5":{"start":{"line":36,"column":4},"end":{"line":36,"column":30}},"6":{"start":{"line":42,"column":2},"end":{"line":57,"column":3}},"7":{"start":{"line":43,"column":4},"end":{"line":56,"column":5}},"8":{"start":{"line":45,"column":22},"end":{"line":45,"column":61}},"9":{"start":{"line":46,"column":8},"end":{"line":46,"column":99}},"10":{"start":{"line":49,"column":8},"end":{"line":49,"column":67}},"11":{"start":{"line":51,"column":8},"end":{"line":51,"column":108}},"12":{"start":{"line":53,"column":8},"end":{"line":53,"column":99}},"13":{"start":{"line":55,"column":8},"end":{"line":55,"column":76}},"14":{"start":{"line":59,"column":2},"end":{"line":61,"column":3}},"15":{"start":{"line":60,"column":4},"end":{"line":60,"column":96}},"16":{"start":{"line":63,"column":2},"end":{"line":63,"column":14}},"17":{"start":{"line":68,"column":14},"end":{"line":68,"column":17}},"18":{"start":{"line":71,"column":22},"end":{"line":71,"column":44}},"19":{"start":{"line":72,"column":2},"end":{"line":72,"column":39}},"20":{"start":{"line":72,"column":19},"end":{"line":72,"column":39}},"21":{"start":{"line":75,"column":24},"end":{"line":75,"column":52}},"22":{"start":{"line":76,"column":2},"end":{"line":84,"column":3}},"23":{"start":{"line":77,"column":4},"end":{"line":81,"column":7}},"24":{"start":{"line":83,"column":4},"end":{"line":83,"column":83}},"25":{"start":{"line":86,"column":21},"end":{"line":86,"column":44}},"26":{"start":{"line":87,"column":16},"end":{"line":87,"column":54}},"27":{"start":{"line":89,"column":2},"end":{"line":98,"column":5}},"28":{"start":{"line":101,"column":0},"end":{"line":101,"column":44}}},"fnMap":{"0":{"name":"(anonymous_0)","decl":{"start":{"line":32,"column":2},"end":{"line":32,"column":3}},"loc":{"start":{"line":32,"column":61},"end":{"line":37,"column":3}},"line":32},"1":{"name":"handlePrismaError","decl":{"start":{"line":41,"column":9},"end":{"line":41,"column":26}},"loc":{"start":{"line":41,"column":32},"end":{"line":64,"column":1}},"line":41},"2":{"name":"errorHandler","decl":{"start":{"line":67,"column":9},"end":{"line":67,"column":21}},"loc":{"start":{"line":67,"column":43},"end":{"line":99,"column":1}},"line":67}},"branchMap":{"0":{"loc":{"start":{"line":32,"column":23},"end":{"line":32,"column":39}},"type":"default-arg","locations":[{"start":{"line":32,"column":36},"end":{"line":32,"column":39}}],"line":32},"1":{"loc":{"start":{"line":32,"column":41},"end":{"line":32,"column":59}},"type":"default-arg","locations":[{"start":{"line":32,"column":48},"end":{"line":32,"column":59}}],"line":32},"2":{"loc":{"start":{"line":42,"column":2},"end":{"line":57,"column":3}},"type":"if","locations":[{"start":{"line":42,"column":2},"end":{"line":57,"column":3}},{"start":{},"end":{}}],"line":42},"3":{"loc":{"start":{"line":43,"column":4},"end":{"line":56,"column":5}},"type":"switch","locations":[{"start":{"line":44,"column":6},"end":{"line":47,"column":7}},{"start":{"line":48,"column":6},"end":{"line":49,"column":67}},{"start":{"line":50,"column":6},"end":{"line":51,"column":108}},{"start":{"line":52,"column":6},"end":{"line":53,"column":99}},{"start":{"line":54,"column":6},"end":{"line":55,"column":76}}],"line":43},"4":{"loc":{"start":{"line":45,"column":22},"end":{"line":45,"column":61}},"type":"binary-expr","locations":[{"start":{"line":45,"column":22},"end":{"line":45,"column":50}},{"start":{"line":45,"column":54},"end":{"line":45,"column":61}}],"line":45},"5":{"loc":{"start":{"line":59,"column":2},"end":{"line":61,"column":3}},"type":"if","locations":[{"start":{"line":59,"column":2},"end":{"line":61,"column":3}},{"start":{},"end":{}}],"line":59},"6":{"loc":{"start":{"line":72,"column":2},"end":{"line":72,"column":39}},"type":"if","locations":[{"start":{"line":72,"column":2},"end":{"line":72,"column":39}},{"start":{},"end":{}}],"line":72},"7":{"loc":{"start":{"line":76,"column":2},"end":{"line":84,"column":3}},"type":"if","locations":[{"start":{"line":76,"column":2},"end":{"line":84,"column":3}},{"start":{"line":82,"column":9},"end":{"line":84,"column":3}}],"line":76},"8":{"loc":{"start":{"line":86,"column":21},"end":{"line":86,"column":44}},"type":"binary-expr","locations":[{"start":{"line":86,"column":21},"end":{"line":86,"column":37}},{"start":{"line":86,"column":41},"end":{"line":86,"column":44}}],"line":86},"9":{"loc":{"start":{"line":92,"column":12},"end":{"line":92,"column":42}},"type":"binary-expr","locations":[{"start":{"line":92,"column":12},"end":{"line":92,"column":22}},{"start":{"line":92,"column":26},"end":{"line":92,"column":42}}],"line":92},"10":{"loc":{"start":{"line":93,"column":15},"end":{"line":93,"column":96}},"type":"cond-expr","locations":[{"start":{"line":93,"column":31},"end":{"line":93,"column":44}},{"start":{"line":93,"column":47},"end":{"line":93,"column":96}}],"line":93},"11":{"loc":{"start":{"line":94,"column":15},"end":{"line":94,"column":41}},"type":"binary-expr","locations":[{"start":{"line":94,"column":15},"end":{"line":94,"column":28}},{"start":{"line":94,"column":32},"end":{"line":94,"column":41}}],"line":94},"12":{"loc":{"start":{"line":96,"column":10},"end":{"line":96,"column":59}},"type":"binary-expr","locations":[{"start":{"line":96,"column":10},"end":{"line":96,"column":15}},{"start":{"line":96,"column":19},"end":{"line":96,"column":33}},{"start":{"line":96,"column":37},"end":{"line":96,"column":59}}],"line":96}},"s":{"0":5,"1":5,"2":72,"3":72,"4":72,"5":72,"6":0,"7":0,"8":0,"9":0,"10":0,"11":0,"12":0,"13":0,"14":0,"15":0,"16":0,"17":0,"18":0,"19":0,"20":0,"21":0,"22":0,"23":0,"24":0,"25":0,"26":0,"27":0,"28":5},"f":{"0":72,"1":0,"2":0},"b":{"0":[0],"1":[14],"2":[0,0],"3":[0,0,0,0,0],"4":[0,0],"5":[0,0],"6":[0,0],"7":[0,0],"8":[0,0],"9":[0,0],"10":[0,0],"11":[0,0],"12":[0,0,0]},"_coverageSchema":"1a1c01bbd47fc00a2c39e90264f33305004495a9","hash":"bcae8704aea214375440f24d2cec9913f7e041a1"}
,"C:\\Users\\ALAA\\OneDrive\\Desktop\\reqs\\hrms-backend\\src\\middleware\\validate.js": {"path":"C:\\Users\\ALAA\\OneDrive\\Desktop\\reqs\\hrms-backend\\src\\middleware\\validate.js","statementMap":{"0":{"start":{"line":21,"column":12},"end":{"line":21,"column":26}},"1":{"start":{"line":28,"column":2},"end":{"line":54,"column":4}},"2":{"start":{"line":29,"column":29},"end":{"line":33,"column":6}},"3":{"start":{"line":35,"column":4},"end":{"line":49,"column":5}},"4":{"start":{"line":36,"column":22},"end":{"line":39,"column":9}},"5":{"start":{"line":36,"column":48},"end":{"line":39,"column":7}},"6":{"start":{"line":41,"column":6},"end":{"line":48,"column":9}},"7":{"start":{"line":52,"column":4},"end":{"line":52,"column":26}},"8":{"start":{"line":53,"column":4},"end":{"line":53,"column":18}},"9":{"start":{"line":67,"column":19},"end":{"line":67,"column":42}},"10":{"start":{"line":68,"column":2},"end":{"line":68,"column":33}},"11":{"start":{"line":68,"column":12},"end":{"line":68,"column":33}},"12":{"start":{"line":69,"column":2},"end":{"line":69,"column":47}},"13":{"start":{"line":76,"column":15},"end":{"line":76,"column":57}},"14":{"start":{"line":77,"column":16},"end":{"line":80,"column":3}},"15":{"start":{"line":81,"column":15},"end":{"line":81,"column":33}},"16":{"start":{"line":82,"column":2},"end":{"line":82,"column":31}},"17":{"start":{"line":86,"column":2},"end":{"line":93,"column":4}},"18":{"start":{"line":96,"column":0},"end":{"line":96,"column":79}}},"fnMap":{"0":{"name":"validate","decl":{"start":{"line":27,"column":9},"end":{"line":27,"column":17}},"loc":{"start":{"line":27,"column":45},"end":{"line":55,"column":1}},"line":27},"1":{"name":"(anonymous_1)","decl":{"start":{"line":28,"column":9},"end":{"line":28,"column":10}},"loc":{"start":{"line":28,"column":29},"end":{"line":54,"column":3}},"line":28},"2":{"name":"(anonymous_2)","decl":{"start":{"line":36,"column":40},"end":{"line":36,"column":41}},"loc":{"start":{"line":36,"column":48},"end":{"line":39,"column":7}},"line":36},"3":{"name":"sendSuccess","decl":{"start":{"line":66,"column":9},"end":{"line":66,"column":20}},"loc":{"start":{"line":66,"column":63},"end":{"line":70,"column":1}},"line":66},"4":{"name":"getPagination","decl":{"start":{"line":75,"column":9},"end":{"line":75,"column":22}},"loc":{"start":{"line":75,"column":30},"end":{"line":83,"column":1}},"line":75},"5":{"name":"buildPaginationMeta","decl":{"start":{"line":85,"column":9},"end":{"line":85,"column":28}},"loc":{"start":{"line":85,"column":49},"end":{"line":94,"column":1}},"line":85}},"branchMap":{"0":{"loc":{"start":{"line":27,"column":26},"end":{"line":27,"column":43}},"type":"default-arg","locations":[{"start":{"line":27,"column":37},"end":{"line":27,"column":43}}],"line":27},"1":{"loc":{"start":{"line":35,"column":4},"end":{"line":49,"column":5}},"type":"if","locations":[{"start":{"line":35,"column":4},"end":{"line":49,"column":5}},{"start":{},"end":{}}],"line":35},"2":{"loc":{"start":{"line":66,"column":32},"end":{"line":66,"column":48}},"type":"default-arg","locations":[{"start":{"line":66,"column":45},"end":{"line":66,"column":48}}],"line":66},"3":{"loc":{"start":{"line":66,"column":50},"end":{"line":66,"column":61}},"type":"default-arg","locations":[{"start":{"line":66,"column":57},"end":{"line":66,"column":61}}],"line":66},"4":{"loc":{"start":{"line":68,"column":2},"end":{"line":68,"column":33}},"type":"if","locations":[{"start":{"line":68,"column":2},"end":{"line":68,"column":33}},{"start":{},"end":{}}],"line":68},"5":{"loc":{"start":{"line":76,"column":27},"end":{"line":76,"column":56}},"type":"binary-expr","locations":[{"start":{"line":76,"column":27},"end":{"line":76,"column":51}},{"start":{"line":76,"column":55},"end":{"line":76,"column":56}}],"line":76},"6":{"loc":{"start":{"line":78,"column":4},"end":{"line":78,"column":82}},"type":"binary-expr","locations":[{"start":{"line":78,"column":4},"end":{"line":78,"column":29}},{"start":{"line":78,"column":33},"end":{"line":78,"column":76}},{"start":{"line":78,"column":80},"end":{"line":78,"column":82}}],"line":78},"7":{"loc":{"start":{"line":79,"column":4},"end":{"line":79,"column":57}},"type":"binary-expr","locations":[{"start":{"line":79,"column":4},"end":{"line":79,"column":43}},{"start":{"line":79,"column":47},"end":{"line":79,"column":57}}],"line":79}},"s":{"0":1,"1":0,"2":0,"3":0,"4":0,"5":0,"6":0,"7":0,"8":0,"9":0,"10":0,"11":0,"12":0,"13":0,"14":0,"15":0,"16":0,"17":0,"18":1},"f":{"0":0,"1":0,"2":0,"3":0,"4":0,"5":0},"b":{"0":[0],"1":[0,0],"2":[0],"3":[0],"4":[0,0],"5":[0,0],"6":[0,0,0],"7":[0,0]},"_coverageSchema":"1a1c01bbd47fc00a2c39e90264f33305004495a9","hash":"22ed2f5e9a463067879d27c77bc08566cd3a82f0"}
,"C:\\Users\\ALAA\\OneDrive\\Desktop\\reqs\\hrms-backend\\src\\modules\\attendance\\services\\attendance.service.js": {"path":"C:\\Users\\ALAA\\OneDrive\\Desktop\\reqs\\hrms-backend\\src\\modules\\attendance\\services\\attendance.service.js","statementMap":{"0":{"start":{"line":34,"column":15},"end":{"line":34,"column":50}},"1":{"start":{"line":35,"column":21},"end":{"line":35,"column":64}},"2":{"start":{"line":36,"column":19},"end":{"line":36,"column":69}},"3":{"start":{"line":43,"column":4},"end":{"line":43,"column":40}},"4":{"start":{"line":44,"column":80},"end":{"line":44,"column":122}},"5":{"start":{"line":45,"column":47},"end":{"line":45,"column":86}},"6":{"start":{"line":50,"column":21},"end":{"line":58,"column":4}},"7":{"start":{"line":59,"column":2},"end":{"line":59,"column":35}},"8":{"start":{"line":65,"column":2},"end":{"line":65,"column":30}},"9":{"start":{"line":65,"column":18},"end":{"line":65,"column":30}},"10":{"start":{"line":66,"column":12},"end":{"line":66,"column":44}},"11":{"start":{"line":67,"column":12},"end":{"line":67,"column":47}},"12":{"start":{"line":68,"column":2},"end":{"line":68,"column":31}},"13":{"start":{"line":78,"column":16},"end":{"line":78,"column":26}},"14":{"start":{"line":79,"column":14},"end":{"line":79,"column":24}},"15":{"start":{"line":82,"column":19},"end":{"line":85,"column":4}},"16":{"start":{"line":86,"column":2},"end":{"line":86,"column":111}},"17":{"start":{"line":86,"column":39},"end":{"line":86,"column":111}},"18":{"start":{"line":89,"column":19},"end":{"line":91,"column":4}},"19":{"start":{"line":93,"column":2},"end":{"line":95,"column":3}},"20":{"start":{"line":94,"column":4},"end":{"line":94,"column":88}},"21":{"start":{"line":98,"column":16},"end":{"line":98,"column":66}},"22":{"start":{"line":99,"column":24},"end":{"line":99,"column":25}},"23":{"start":{"line":101,"column":2},"end":{"line":104,"column":3}},"24":{"start":{"line":102,"column":28},"end":{"line":102,"column":67}},"25":{"start":{"line":103,"column":4},"end":{"line":103,"column":64}},"26":{"start":{"line":107,"column":2},"end":{"line":133,"column":3}},"27":{"start":{"line":109,"column":4},"end":{"line":119,"column":7}},"28":{"start":{"line":121,"column":4},"end":{"line":132,"column":7}},"29":{"start":{"line":135,"column":2},"end":{"line":142,"column":5}},"30":{"start":{"line":144,"column":2},"end":{"line":144,"column":77}},"31":{"start":{"line":153,"column":16},"end":{"line":153,"column":26}},"32":{"start":{"line":154,"column":14},"end":{"line":154,"column":24}},"33":{"start":{"line":156,"column":17},"end":{"line":159,"column":4}},"34":{"start":{"line":161,"column":2},"end":{"line":161,"column":112}},"35":{"start":{"line":161,"column":15},"end":{"line":161,"column":112}},"36":{"start":{"line":162,"column":2},"end":{"line":162,"column":99}},"37":{"start":{"line":162,"column":27},"end":{"line":162,"column":99}},"38":{"start":{"line":163,"column":2},"end":{"line":163,"column":113}},"39":{"start":{"line":163,"column":27},"end":{"line":163,"column":113}},"40":{"start":{"line":166,"column":23},"end":{"line":166,"column":58}},"41":{"start":{"line":167,"column":21},"end":{"line":167,"column":59}},"42":{"start":{"line":168,"column":22},"end":{"line":168,"column":65}},"43":{"start":{"line":171,"column":24},"end":{"line":171,"column":77}},"44":{"start":{"line":172,"column":22},"end":{"line":172,"column":62}},"45":{"start":{"line":173,"column":24},"end":{"line":173,"column":73}},"46":{"start":{"line":176,"column":25},"end":{"line":176,"column":62}},"47":{"start":{"line":178,"column":18},"end":{"line":188,"column":4}},"48":{"start":{"line":190,"column":2},"end":{"line":197,"column":5}},"49":{"start":{"line":199,"column":2},"end":{"line":199,"column":52}},"50":{"start":{"line":203,"column":2},"end":{"line":203,"column":30}},"51":{"start":{"line":203,"column":21},"end":{"line":203,"column":30}},"52":{"start":{"line":204,"column":22},"end":{"line":207,"column":3}},"53":{"start":{"line":208,"column":2},"end":{"line":208,"column":29}},"54":{"start":{"line":208,"column":20},"end":{"line":208,"column":29}},"55":{"start":{"line":209,"column":15},"end":{"line":209,"column":69}},"56":{"start":{"line":210,"column":2},"end":{"line":210,"column":27}},"57":{"start":{"line":216,"column":16},"end":{"line":216,"column":26}},"58":{"start":{"line":217,"column":16},"end":{"line":217,"column":66}},"59":{"start":{"line":218,"column":17},"end":{"line":220,"column":4}},"60":{"start":{"line":222,"column":22},"end":{"line":222,"column":35}},"61":{"start":{"line":223,"column":2},"end":{"line":223,"column":81}},"62":{"start":{"line":223,"column":52},"end":{"line":223,"column":81}},"63":{"start":{"line":224,"column":2},"end":{"line":224,"column":63}},"64":{"start":{"line":224,"column":36},"end":{"line":224,"column":63}},"65":{"start":{"line":225,"column":2},"end":{"line":225,"column":62}},"66":{"start":{"line":225,"column":36},"end":{"line":225,"column":62}},"67":{"start":{"line":227,"column":20},"end":{"line":232,"column":10}},"68":{"start":{"line":234,"column":2},"end":{"line":250,"column":4}},"69":{"start":{"line":256,"column":14},"end":{"line":256,"column":21}},"70":{"start":{"line":259,"column":20},"end":{"line":259,"column":48}},"71":{"start":{"line":260,"column":22},"end":{"line":267,"column":4}},"72":{"start":{"line":269,"column":24},"end":{"line":269,"column":91}},"73":{"start":{"line":269,"column":55},"end":{"line":269,"column":87}},"74":{"start":{"line":272,"column":21},"end":{"line":272,"column":50}},"75":{"start":{"line":273,"column":23},"end":{"line":280,"column":4}},"76":{"start":{"line":282,"column":22},"end":{"line":282,"column":87}},"77":{"start":{"line":282,"column":49},"end":{"line":282,"column":79}},"78":{"start":{"line":283,"column":21},"end":{"line":285,"column":9}},"79":{"start":{"line":288,"column":29},"end":{"line":290,"column":4}},"80":{"start":{"line":293,"column":21},"end":{"line":293,"column":23}},"81":{"start":{"line":295,"column":2},"end":{"line":299,"column":3}},"82":{"start":{"line":296,"column":4},"end":{"line":296,"column":44}},"83":{"start":{"line":298,"column":4},"end":{"line":298,"column":64}},"84":{"start":{"line":301,"column":2},"end":{"line":306,"column":4}},"85":{"start":{"line":312,"column":32},"end":{"line":312,"column":52}},"86":{"start":{"line":313,"column":16},"end":{"line":313,"column":18}},"87":{"start":{"line":315,"column":2},"end":{"line":315,"column":60}},"88":{"start":{"line":315,"column":24},"end":{"line":315,"column":60}},"89":{"start":{"line":316,"column":2},"end":{"line":316,"column":48}},"90":{"start":{"line":316,"column":20},"end":{"line":316,"column":48}},"91":{"start":{"line":317,"column":2},"end":{"line":321,"column":3}},"92":{"start":{"line":318,"column":4},"end":{"line":318,"column":30}},"93":{"start":{"line":319,"column":4},"end":{"line":319,"column":78}},"94":{"start":{"line":319,"column":25},"end":{"line":319,"column":78}},"95":{"start":{"line":320,"column":4},"end":{"line":320,"column":74}},"96":{"start":{"line":320,"column":23},"end":{"line":320,"column":74}},"97":{"start":{"line":322,"column":2},"end":{"line":324,"column":3}},"98":{"start":{"line":323,"column":4},"end":{"line":323,"column":58}},"99":{"start":{"line":326,"column":27},"end":{"line":338,"column":4}},"100":{"start":{"line":340,"column":2},"end":{"line":340,"column":68}},"101":{"start":{"line":344,"column":17},"end":{"line":356,"column":4}},"102":{"start":{"line":357,"column":2},"end":{"line":357,"column":84}},"103":{"start":{"line":357,"column":15},"end":{"line":357,"column":84}},"104":{"start":{"line":358,"column":2},"end":{"line":358,"column":16}},"105":{"start":{"line":363,"column":19},"end":{"line":363,"column":95}},"106":{"start":{"line":364,"column":2},"end":{"line":364,"column":77}},"107":{"start":{"line":364,"column":17},"end":{"line":364,"column":77}},"108":{"start":{"line":367,"column":19},"end":{"line":374,"column":4}},"109":{"start":{"line":375,"column":2},"end":{"line":375,"column":130}},"110":{"start":{"line":375,"column":16},"end":{"line":375,"column":130}},"111":{"start":{"line":377,"column":20},"end":{"line":377,"column":24}},"112":{"start":{"line":378,"column":22},"end":{"line":378,"column":23}},"113":{"start":{"line":380,"column":2},"end":{"line":386,"column":3}},"114":{"start":{"line":381,"column":18},"end":{"line":381,"column":87}},"115":{"start":{"line":382,"column":21},"end":{"line":382,"column":49}},"116":{"start":{"line":383,"column":4},"end":{"line":383,"column":98}},"117":{"start":{"line":384,"column":26},"end":{"line":384,"column":65}},"118":{"start":{"line":385,"column":4},"end":{"line":385,"column":99}},"119":{"start":{"line":388,"column":2},"end":{"line":398,"column":5}},"120":{"start":{"line":404,"column":17},"end":{"line":404,"column":100}},"121":{"start":{"line":405,"column":2},"end":{"line":405,"column":84}},"122":{"start":{"line":405,"column":15},"end":{"line":405,"column":84}},"123":{"start":{"line":406,"column":2},"end":{"line":406,"column":133}},"124":{"start":{"line":406,"column":40},"end":{"line":406,"column":133}},"125":{"start":{"line":409,"column":18},"end":{"line":411,"column":4}},"126":{"start":{"line":412,"column":2},"end":{"line":412,"column":122}},"127":{"start":{"line":412,"column":15},"end":{"line":412,"column":122}},"128":{"start":{"line":414,"column":21},"end":{"line":423,"column":4}},"129":{"start":{"line":425,"column":2},"end":{"line":432,"column":5}},"130":{"start":{"line":434,"column":2},"end":{"line":434,"column":20}},"131":{"start":{"line":438,"column":21},"end":{"line":441,"column":4}},"132":{"start":{"line":442,"column":2},"end":{"line":442,"column":89}},"133":{"start":{"line":442,"column":19},"end":{"line":442,"column":89}},"134":{"start":{"line":443,"column":2},"end":{"line":445,"column":3}},"135":{"start":{"line":444,"column":4},"end":{"line":444,"column":94}},"136":{"start":{"line":447,"column":14},"end":{"line":457,"column":3}},"137":{"start":{"line":459,"column":2},"end":{"line":486,"column":3}},"138":{"start":{"line":461,"column":20},"end":{"line":461,"column":84}},"139":{"start":{"line":462,"column":21},"end":{"line":462,"column":87}},"140":{"start":{"line":463,"column":22},"end":{"line":463,"column":26}},"141":{"start":{"line":464,"column":24},"end":{"line":464,"column":25}},"142":{"start":{"line":466,"column":4},"end":{"line":471,"column":5}},"143":{"start":{"line":467,"column":23},"end":{"line":467,"column":73}},"144":{"start":{"line":468,"column":6},"end":{"line":468,"column":82}},"145":{"start":{"line":469,"column":28},"end":{"line":469,"column":111}},"146":{"start":{"line":470,"column":6},"end":{"line":470,"column":101}},"147":{"start":{"line":473,"column":4},"end":{"line":485,"column":6}},"148":{"start":{"line":488,"column":20},"end":{"line":488,"column":50}},"149":{"start":{"line":490,"column":2},"end":{"line":497,"column":5}},"150":{"start":{"line":499,"column":2},"end":{"line":499,"column":17}},"151":{"start":{"line":503,"column":32},"end":{"line":503,"column":52}},"152":{"start":{"line":504,"column":16},"end":{"line":504,"column":18}},"153":{"start":{"line":505,"column":2},"end":{"line":505,"column":60}},"154":{"start":{"line":505,"column":24},"end":{"line":505,"column":60}},"155":{"start":{"line":506,"column":2},"end":{"line":506,"column":48}},"156":{"start":{"line":506,"column":20},"end":{"line":506,"column":48}},"157":{"start":{"line":508,"column":31},"end":{"line":521,"column":4}},"158":{"start":{"line":523,"column":2},"end":{"line":523,"column":72}},"159":{"start":{"line":529,"column":19},"end":{"line":529,"column":95}},"160":{"start":{"line":530,"column":2},"end":{"line":530,"column":77}},"161":{"start":{"line":530,"column":17},"end":{"line":530,"column":77}},"162":{"start":{"line":532,"column":2},"end":{"line":538,"column":3}},"163":{"start":{"line":533,"column":4},"end":{"line":537,"column":6}},"164":{"start":{"line":540,"column":18},"end":{"line":551,"column":4}},"165":{"start":{"line":553,"column":2},"end":{"line":560,"column":5}},"166":{"start":{"line":562,"column":2},"end":{"line":562,"column":17}},"167":{"start":{"line":566,"column":18},"end":{"line":568,"column":4}},"168":{"start":{"line":569,"column":2},"end":{"line":569,"column":84}},"169":{"start":{"line":569,"column":16},"end":{"line":569,"column":84}},"170":{"start":{"line":570,"column":2},"end":{"line":572,"column":3}},"171":{"start":{"line":571,"column":4},"end":{"line":571,"column":102}},"172":{"start":{"line":574,"column":20},"end":{"line":574,"column":82}},"173":{"start":{"line":576,"column":18},"end":{"line":583,"column":4}},"174":{"start":{"line":585,"column":2},"end":{"line":592,"column":5}},"175":{"start":{"line":594,"column":2},"end":{"line":594,"column":17}},"176":{"start":{"line":600,"column":2},"end":{"line":604,"column":5}},"177":{"start":{"line":608,"column":19},"end":{"line":608,"column":95}},"178":{"start":{"line":609,"column":2},"end":{"line":609,"column":77}},"179":{"start":{"line":609,"column":17},"end":{"line":609,"column":77}},"180":{"start":{"line":611,"column":16},"end":{"line":611,"column":83}},"181":{"start":{"line":612,"column":2},"end":{"line":612,"column":71}},"182":{"start":{"line":612,"column":14},"end":{"line":612,"column":71}},"183":{"start":{"line":615,"column":2},"end":{"line":618,"column":5}},"184":{"start":{"line":620,"column":2},"end":{"line":629,"column":5}},"185":{"start":{"line":644,"column":33},"end":{"line":644,"column":60}},"186":{"start":{"line":646,"column":18},"end":{"line":651,"column":4}},"187":{"start":{"line":653,"column":18},"end":{"line":662,"column":3}},"188":{"start":{"line":664,"column":2},"end":{"line":681,"column":3}},"189":{"start":{"line":665,"column":4},"end":{"line":679,"column":5}},"190":{"start":{"line":666,"column":6},"end":{"line":666,"column":28}},"191":{"start":{"line":667,"column":6},"end":{"line":667,"column":61}},"192":{"start":{"line":668,"column":6},"end":{"line":668,"column":63}},"193":{"start":{"line":669,"column":6},"end":{"line":669,"column":66}},"194":{"start":{"line":670,"column":11},"end":{"line":679,"column":5}},"195":{"start":{"line":671,"column":6},"end":{"line":671,"column":27}},"196":{"start":{"line":672,"column":11},"end":{"line":679,"column":5}},"197":{"start":{"line":673,"column":6},"end":{"line":673,"column":26}},"198":{"start":{"line":674,"column":11},"end":{"line":679,"column":5}},"199":{"start":{"line":675,"column":6},"end":{"line":675,"column":28}},"200":{"start":{"line":676,"column":11},"end":{"line":679,"column":5}},"201":{"start":{"line":677,"column":6},"end":{"line":677,"column":33}},"202":{"start":{"line":678,"column":6},"end":{"line":678,"column":61}},"203":{"start":{"line":680,"column":4},"end":{"line":680,"column":31}},"204":{"start":{"line":683,"column":21},"end":{"line":685,"column":9}},"205":{"start":{"line":688,"column":19},"end":{"line":690,"column":4}},"206":{"start":{"line":692,"column":22},"end":{"line":706,"column":3}},"207":{"start":{"line":708,"column":2},"end":{"line":713,"column":3}},"208":{"start":{"line":709,"column":4},"end":{"line":712,"column":7}},"209":{"start":{"line":715,"column":2},"end":{"line":715,"column":64}},"210":{"start":{"line":719,"column":18},"end":{"line":722,"column":4}},"211":{"start":{"line":724,"column":2},"end":{"line":727,"column":3}},"212":{"start":{"line":726,"column":4},"end":{"line":726,"column":62}},"213":{"start":{"line":729,"column":2},"end":{"line":729,"column":17}},"214":{"start":{"line":735,"column":16},"end":{"line":735,"column":18}},"215":{"start":{"line":736,"column":16},"end":{"line":736,"column":32}},"216":{"start":{"line":737,"column":14},"end":{"line":737,"column":28}},"217":{"start":{"line":738,"column":2},"end":{"line":741,"column":3}},"218":{"start":{"line":739,"column":4},"end":{"line":739,"column":45}},"219":{"start":{"line":740,"column":4},"end":{"line":740,"column":36}},"220":{"start":{"line":743,"column":14},"end":{"line":764,"column":3}},"221":{"start":{"line":744,"column":4},"end":{"line":763,"column":6}},"222":{"start":{"line":766,"column":2},"end":{"line":766,"column":34}},"223":{"start":{"line":772,"column":2},"end":{"line":787,"column":5}},"224":{"start":{"line":793,"column":33},"end":{"line":793,"column":60}},"225":{"start":{"line":794,"column":18},"end":{"line":810,"column":4}},"226":{"start":{"line":813,"column":19},"end":{"line":813,"column":21}},"227":{"start":{"line":814,"column":16},"end":{"line":814,"column":32}},"228":{"start":{"line":815,"column":14},"end":{"line":815,"column":28}},"229":{"start":{"line":816,"column":20},"end":{"line":816,"column":98}},"230":{"start":{"line":816,"column":47},"end":{"line":816,"column":96}},"231":{"start":{"line":818,"column":2},"end":{"line":832,"column":3}},"232":{"start":{"line":819,"column":20},"end":{"line":819,"column":48}},"233":{"start":{"line":820,"column":16},"end":{"line":820,"column":29}},"234":{"start":{"line":821,"column":22},"end":{"line":821,"column":44}},"235":{"start":{"line":823,"column":4},"end":{"line":830,"column":5}},"236":{"start":{"line":824,"column":6},"end":{"line":824,"column":66}},"237":{"start":{"line":826,"column":6},"end":{"line":829,"column":9}},"238":{"start":{"line":831,"column":4},"end":{"line":831,"column":36}},"239":{"start":{"line":834,"column":2},"end":{"line":834,"column":18}},"240":{"start":{"line":837,"column":0},"end":{"line":857,"column":2}}},"fnMap":{"0":{"name":"getActiveShiftForEmployee","decl":{"start":{"line":49,"column":15},"end":{"line":49,"column":40}},"loc":{"start":{"line":49,"column":59},"end":{"line":60,"column":1}},"line":49},"1":{"name":"combineDateTime","decl":{"start":{"line":64,"column":9},"end":{"line":64,"column":24}},"loc":{"start":{"line":64,"column":42},"end":{"line":69,"column":1}},"line":64},"2":{"name":"checkIn","decl":{"start":{"line":77,"column":15},"end":{"line":77,"column":22}},"loc":{"start":{"line":77,"column":51},"end":{"line":145,"column":1}},"line":77},"3":{"name":"checkOut","decl":{"start":{"line":152,"column":15},"end":{"line":152,"column":23}},"loc":{"start":{"line":152,"column":52},"end":{"line":200,"column":1}},"line":152},"4":{"name":"calcEarlyDeparture","decl":{"start":{"line":202,"column":15},"end":{"line":202,"column":33}},"loc":{"start":{"line":202,"column":56},"end":{"line":211,"column":1}},"line":202},"5":{"name":"getTodayStatus","decl":{"start":{"line":215,"column":15},"end":{"line":215,"column":29}},"loc":{"start":{"line":215,"column":42},"end":{"line":251,"column":1}},"line":215},"6":{"name":"getDashboardKPIs","decl":{"start":{"line":255,"column":15},"end":{"line":255,"column":31}},"loc":{"start":{"line":255,"column":44},"end":{"line":307,"column":1}},"line":255},"7":{"name":"(anonymous_7)","decl":{"start":{"line":269,"column":43},"end":{"line":269,"column":44}},"loc":{"start":{"line":269,"column":55},"end":{"line":269,"column":87}},"line":269},"8":{"name":"(anonymous_8)","decl":{"start":{"line":282,"column":42},"end":{"line":282,"column":43}},"loc":{"start":{"line":282,"column":49},"end":{"line":282,"column":79}},"line":282},"9":{"name":"listAttendance","decl":{"start":{"line":311,"column":15},"end":{"line":311,"column":29}},"loc":{"start":{"line":311,"column":37},"end":{"line":341,"column":1}},"line":311},"10":{"name":"getAttendanceRecord","decl":{"start":{"line":343,"column":15},"end":{"line":343,"column":34}},"loc":{"start":{"line":343,"column":49},"end":{"line":359,"column":1}},"line":343},"11":{"name":"createManualAttendance","decl":{"start":{"line":361,"column":15},"end":{"line":361,"column":37}},"loc":{"start":{"line":361,"column":57},"end":{"line":399,"column":1}},"line":361},"12":{"name":"submitCorrectionRequest","decl":{"start":{"line":403,"column":15},"end":{"line":403,"column":38}},"loc":{"start":{"line":403,"column":71},"end":{"line":435,"column":1}},"line":403},"13":{"name":"reviewCorrectionRequest","decl":{"start":{"line":437,"column":15},"end":{"line":437,"column":38}},"loc":{"start":{"line":437,"column":89},"end":{"line":500,"column":1}},"line":437},"14":{"name":"listCorrectionRequests","decl":{"start":{"line":502,"column":15},"end":{"line":502,"column":37}},"loc":{"start":{"line":502,"column":45},"end":{"line":524,"column":1}},"line":502},"15":{"name":"submitOvertimeRequest","decl":{"start":{"line":528,"column":15},"end":{"line":528,"column":36}},"loc":{"start":{"line":528,"column":58},"end":{"line":563,"column":1}},"line":528},"16":{"name":"approveOvertimeRequest","decl":{"start":{"line":565,"column":15},"end":{"line":565,"column":37}},"loc":{"start":{"line":565,"column":79},"end":{"line":595,"column":1}},"line":565},"17":{"name":"listShifts","decl":{"start":{"line":599,"column":15},"end":{"line":599,"column":25}},"loc":{"start":{"line":599,"column":28},"end":{"line":605,"column":1}},"line":599},"18":{"name":"assignShift","decl":{"start":{"line":607,"column":15},"end":{"line":607,"column":26}},"loc":{"start":{"line":607,"column":47},"end":{"line":630,"column":1}},"line":607},"19":{"name":"generateAttendanceSummary","decl":{"start":{"line":643,"column":15},"end":{"line":643,"column":40}},"loc":{"start":{"line":643,"column":66},"end":{"line":716,"column":1}},"line":643},"20":{"name":"getAttendanceSummary","decl":{"start":{"line":718,"column":15},"end":{"line":718,"column":35}},"loc":{"start":{"line":718,"column":61},"end":{"line":730,"column":1}},"line":718},"21":{"name":"markAttendanceAsOnLeave","decl":{"start":{"line":734,"column":15},"end":{"line":734,"column":38}},"loc":{"start":{"line":734,"column":87},"end":{"line":767,"column":1}},"line":734},"22":{"name":"(anonymous_22)","decl":{"start":{"line":743,"column":24},"end":{"line":743,"column":25}},"loc":{"start":{"line":744,"column":4},"end":{"line":763,"column":6}},"line":744},"23":{"name":"getRecentActivity","decl":{"start":{"line":771,"column":15},"end":{"line":771,"column":32}},"loc":{"start":{"line":771,"column":57},"end":{"line":788,"column":1}},"line":771},"24":{"name":"getAttendanceCalendar","decl":{"start":{"line":792,"column":15},"end":{"line":792,"column":36}},"loc":{"start":{"line":792,"column":62},"end":{"line":835,"column":1}},"line":792},"25":{"name":"(anonymous_25)","decl":{"start":{"line":816,"column":40},"end":{"line":816,"column":41}},"loc":{"start":{"line":816,"column":47},"end":{"line":816,"column":96}},"line":816}},"branchMap":{"0":{"loc":{"start":{"line":59,"column":9},"end":{"line":59,"column":34}},"type":"binary-expr","locations":[{"start":{"line":59,"column":9},"end":{"line":59,"column":26}},{"start":{"line":59,"column":30},"end":{"line":59,"column":34}}],"line":59},"1":{"loc":{"start":{"line":65,"column":2},"end":{"line":65,"column":30}},"type":"if","locations":[{"start":{"line":65,"column":2},"end":{"line":65,"column":30}},{"start":{},"end":{}}],"line":65},"2":{"loc":{"start":{"line":77,"column":35},"end":{"line":77,"column":49}},"type":"default-arg","locations":[{"start":{"line":77,"column":47},"end":{"line":77,"column":49}}],"line":77},"3":{"loc":{"start":{"line":86,"column":2},"end":{"line":86,"column":111}},"type":"if","locations":[{"start":{"line":86,"column":2},"end":{"line":86,"column":111}},{"start":{},"end":{}}],"line":86},"4":{"loc":{"start":{"line":86,"column":6},"end":{"line":86,"column":37}},"type":"binary-expr","locations":[{"start":{"line":86,"column":6},"end":{"line":86,"column":15}},{"start":{"line":86,"column":19},"end":{"line":86,"column":37}}],"line":86},"5":{"loc":{"start":{"line":93,"column":2},"end":{"line":95,"column":3}},"type":"if","locations":[{"start":{"line":93,"column":2},"end":{"line":95,"column":3}},{"start":{},"end":{}}],"line":93},"6":{"loc":{"start":{"line":101,"column":2},"end":{"line":104,"column":3}},"type":"if","locations":[{"start":{"line":101,"column":2},"end":{"line":104,"column":3}},{"start":{},"end":{}}],"line":101},"7":{"loc":{"start":{"line":107,"column":2},"end":{"line":133,"column":3}},"type":"if","locations":[{"start":{"line":107,"column":2},"end":{"line":133,"column":3}},{"start":{"line":120,"column":9},"end":{"line":133,"column":3}}],"line":107},"8":{"loc":{"start":{"line":114,"column":17},"end":{"line":114,"column":39}},"type":"binary-expr","locations":[{"start":{"line":114,"column":17},"end":{"line":114,"column":31}},{"start":{"line":114,"column":35},"end":{"line":114,"column":39}}],"line":114},"9":{"loc":{"start":{"line":116,"column":15},"end":{"line":116,"column":28}},"type":"binary-expr","locations":[{"start":{"line":116,"column":15},"end":{"line":116,"column":20}},{"start":{"line":116,"column":24},"end":{"line":116,"column":28}}],"line":116},"10":{"loc":{"start":{"line":125,"column":17},"end":{"line":125,"column":39}},"type":"binary-expr","locations":[{"start":{"line":125,"column":17},"end":{"line":125,"column":31}},{"start":{"line":125,"column":35},"end":{"line":125,"column":39}}],"line":125},"11":{"loc":{"start":{"line":129,"column":15},"end":{"line":129,"column":28}},"type":"binary-expr","locations":[{"start":{"line":129,"column":15},"end":{"line":129,"column":20}},{"start":{"line":129,"column":24},"end":{"line":129,"column":28}}],"line":129},"12":{"loc":{"start":{"line":139,"column":54},"end":{"line":139,"column":117}},"type":"cond-expr","locations":[{"start":{"line":139,"column":76},"end":{"line":139,"column":112}},{"start":{"line":139,"column":115},"end":{"line":139,"column":117}}],"line":139},"13":{"loc":{"start":{"line":144,"column":50},"end":{"line":144,"column":74}},"type":"binary-expr","locations":[{"start":{"line":144,"column":50},"end":{"line":144,"column":66}},{"start":{"line":144,"column":70},"end":{"line":144,"column":74}}],"line":144},"14":{"loc":{"start":{"line":152,"column":36},"end":{"line":152,"column":50}},"type":"default-arg","locations":[{"start":{"line":152,"column":48},"end":{"line":152,"column":50}}],"line":152},"15":{"loc":{"start":{"line":161,"column":2},"end":{"line":161,"column":112}},"type":"if","locations":[{"start":{"line":161,"column":2},"end":{"line":161,"column":112}},{"start":{},"end":{}}],"line":161},"16":{"loc":{"start":{"line":162,"column":2},"end":{"line":162,"column":99}},"type":"if","locations":[{"start":{"line":162,"column":2},"end":{"line":162,"column":99}},{"start":{},"end":{}}],"line":162},"17":{"loc":{"start":{"line":163,"column":2},"end":{"line":163,"column":113}},"type":"if","locations":[{"start":{"line":163,"column":2},"end":{"line":163,"column":113}},{"start":{},"end":{}}],"line":163},"18":{"loc":{"start":{"line":166,"column":23},"end":{"line":166,"column":58}},"type":"binary-expr","locations":[{"start":{"line":166,"column":23},"end":{"line":166,"column":53}},{"start":{"line":166,"column":57},"end":{"line":166,"column":58}}],"line":166},"19":{"loc":{"start":{"line":171,"column":24},"end":{"line":171,"column":77}},"type":"cond-expr","locations":[{"start":{"line":171,"column":39},"end":{"line":171,"column":73}},{"start":{"line":171,"column":76},"end":{"line":171,"column":77}}],"line":171},"20":{"loc":{"start":{"line":185,"column":13},"end":{"line":185,"column":34}},"type":"binary-expr","locations":[{"start":{"line":185,"column":13},"end":{"line":185,"column":18}},{"start":{"line":185,"column":22},"end":{"line":185,"column":34}}],"line":185},"21":{"loc":{"start":{"line":194,"column":91},"end":{"line":194,"column":158}},"type":"cond-expr","locations":[{"start":{"line":194,"column":111},"end":{"line":194,"column":153}},{"start":{"line":194,"column":156},"end":{"line":194,"column":158}}],"line":194},"22":{"loc":{"start":{"line":203,"column":2},"end":{"line":203,"column":30}},"type":"if","locations":[{"start":{"line":203,"column":2},"end":{"line":203,"column":30}},{"start":{},"end":{}}],"line":203},"23":{"loc":{"start":{"line":208,"column":2},"end":{"line":208,"column":29}},"type":"if","locations":[{"start":{"line":208,"column":2},"end":{"line":208,"column":29}},{"start":{},"end":{}}],"line":208},"24":{"loc":{"start":{"line":223,"column":2},"end":{"line":223,"column":81}},"type":"if","locations":[{"start":{"line":223,"column":2},"end":{"line":223,"column":81}},{"start":{},"end":{}}],"line":223},"25":{"loc":{"start":{"line":223,"column":6},"end":{"line":223,"column":50}},"type":"binary-expr","locations":[{"start":{"line":223,"column":6},"end":{"line":223,"column":25}},{"start":{"line":223,"column":29},"end":{"line":223,"column":50}}],"line":223},"26":{"loc":{"start":{"line":224,"column":2},"end":{"line":224,"column":63}},"type":"if","locations":[{"start":{"line":224,"column":2},"end":{"line":224,"column":63}},{"start":{},"end":{}}],"line":224},"27":{"loc":{"start":{"line":225,"column":2},"end":{"line":225,"column":62}},"type":"if","locations":[{"start":{"line":225,"column":2},"end":{"line":225,"column":62}},{"start":{},"end":{}}],"line":225},"28":{"loc":{"start":{"line":227,"column":20},"end":{"line":232,"column":10}},"type":"cond-expr","locations":[{"start":{"line":228,"column":6},"end":{"line":231,"column":7}},{"start":{"line":232,"column":6},"end":{"line":232,"column":10}}],"line":227},"29":{"loc":{"start":{"line":229,"column":14},"end":{"line":229,"column":88}},"type":"cond-expr","locations":[{"start":{"line":229,"column":37},"end":{"line":229,"column":81}},{"start":{"line":229,"column":84},"end":{"line":229,"column":88}}],"line":229},"30":{"loc":{"start":{"line":236,"column":17},"end":{"line":236,"column":44}},"type":"binary-expr","locations":[{"start":{"line":236,"column":17},"end":{"line":236,"column":36}},{"start":{"line":236,"column":40},"end":{"line":236,"column":44}}],"line":236},"31":{"loc":{"start":{"line":237,"column":18},"end":{"line":237,"column":46}},"type":"binary-expr","locations":[{"start":{"line":237,"column":18},"end":{"line":237,"column":38}},{"start":{"line":237,"column":42},"end":{"line":237,"column":46}}],"line":237},"32":{"loc":{"start":{"line":238,"column":17},"end":{"line":238,"column":41}},"type":"binary-expr","locations":[{"start":{"line":238,"column":17},"end":{"line":238,"column":36}},{"start":{"line":238,"column":40},"end":{"line":238,"column":41}}],"line":238},"33":{"loc":{"start":{"line":239,"column":21},"end":{"line":239,"column":49}},"type":"binary-expr","locations":[{"start":{"line":239,"column":21},"end":{"line":239,"column":44}},{"start":{"line":239,"column":48},"end":{"line":239,"column":49}}],"line":239},"34":{"loc":{"start":{"line":240,"column":16},"end":{"line":248,"column":12}},"type":"cond-expr","locations":[{"start":{"line":241,"column":8},"end":{"line":247,"column":9}},{"start":{"line":248,"column":8},"end":{"line":248,"column":12}}],"line":240},"35":{"loc":{"start":{"line":269,"column":68},"end":{"line":269,"column":86}},"type":"binary-expr","locations":[{"start":{"line":269,"column":68},"end":{"line":269,"column":81}},{"start":{"line":269,"column":85},"end":{"line":269,"column":86}}],"line":269},"36":{"loc":{"start":{"line":282,"column":50},"end":{"line":282,"column":72}},"type":"binary-expr","locations":[{"start":{"line":282,"column":50},"end":{"line":282,"column":67}},{"start":{"line":282,"column":71},"end":{"line":282,"column":72}}],"line":282},"37":{"loc":{"start":{"line":283,"column":21},"end":{"line":285,"column":9}},"type":"cond-expr","locations":[{"start":{"line":284,"column":6},"end":{"line":284,"column":59}},{"start":{"line":285,"column":6},"end":{"line":285,"column":9}}],"line":283},"38":{"loc":{"start":{"line":295,"column":2},"end":{"line":299,"column":3}},"type":"if","locations":[{"start":{"line":295,"column":2},"end":{"line":299,"column":3}},{"start":{"line":297,"column":9},"end":{"line":299,"column":3}}],"line":295},"39":{"loc":{"start":{"line":315,"column":2},"end":{"line":315,"column":60}},"type":"if","locations":[{"start":{"line":315,"column":2},"end":{"line":315,"column":60}},{"start":{},"end":{}}],"line":315},"40":{"loc":{"start":{"line":316,"column":2},"end":{"line":316,"column":48}},"type":"if","locations":[{"start":{"line":316,"column":2},"end":{"line":316,"column":48}},{"start":{},"end":{}}],"line":316},"41":{"loc":{"start":{"line":317,"column":2},"end":{"line":321,"column":3}},"type":"if","locations":[{"start":{"line":317,"column":2},"end":{"line":321,"column":3}},{"start":{},"end":{}}],"line":317},"42":{"loc":{"start":{"line":317,"column":6},"end":{"line":317,"column":38}},"type":"binary-expr","locations":[{"start":{"line":317,"column":6},"end":{"line":317,"column":21}},{"start":{"line":317,"column":25},"end":{"line":317,"column":38}}],"line":317},"43":{"loc":{"start":{"line":319,"column":4},"end":{"line":319,"column":78}},"type":"if","locations":[{"start":{"line":319,"column":4},"end":{"line":319,"column":78}},{"start":{},"end":{}}],"line":319},"44":{"loc":{"start":{"line":320,"column":4},"end":{"line":320,"column":74}},"type":"if","locations":[{"start":{"line":320,"column":4},"end":{"line":320,"column":74}},{"start":{},"end":{}}],"line":320},"45":{"loc":{"start":{"line":322,"column":2},"end":{"line":324,"column":3}},"type":"if","locations":[{"start":{"line":322,"column":2},"end":{"line":324,"column":3}},{"start":{},"end":{}}],"line":322},"46":{"loc":{"start":{"line":357,"column":2},"end":{"line":357,"column":84}},"type":"if","locations":[{"start":{"line":357,"column":2},"end":{"line":357,"column":84}},{"start":{},"end":{}}],"line":357},"47":{"loc":{"start":{"line":364,"column":2},"end":{"line":364,"column":77}},"type":"if","locations":[{"start":{"line":364,"column":2},"end":{"line":364,"column":77}},{"start":{},"end":{}}],"line":364},"48":{"loc":{"start":{"line":375,"column":2},"end":{"line":375,"column":130}},"type":"if","locations":[{"start":{"line":375,"column":2},"end":{"line":375,"column":130}},{"start":{},"end":{}}],"line":375},"49":{"loc":{"start":{"line":380,"column":2},"end":{"line":386,"column":3}},"type":"if","locations":[{"start":{"line":380,"column":2},"end":{"line":386,"column":3}},{"start":{},"end":{}}],"line":380},"50":{"loc":{"start":{"line":380,"column":6},"end":{"line":380,"column":43}},"type":"binary-expr","locations":[{"start":{"line":380,"column":6},"end":{"line":380,"column":22}},{"start":{"line":380,"column":26},"end":{"line":380,"column":43}}],"line":380},"51":{"loc":{"start":{"line":382,"column":21},"end":{"line":382,"column":49}},"type":"binary-expr","locations":[{"start":{"line":382,"column":21},"end":{"line":382,"column":44}},{"start":{"line":382,"column":48},"end":{"line":382,"column":49}}],"line":382},"52":{"loc":{"start":{"line":384,"column":26},"end":{"line":384,"column":65}},"type":"cond-expr","locations":[{"start":{"line":384,"column":34},"end":{"line":384,"column":61}},{"start":{"line":384,"column":64},"end":{"line":384,"column":65}}],"line":384},"53":{"loc":{"start":{"line":392,"column":19},"end":{"line":392,"column":71}},"type":"cond-expr","locations":[{"start":{"line":392,"column":38},"end":{"line":392,"column":64}},{"start":{"line":392,"column":67},"end":{"line":392,"column":71}}],"line":392},"54":{"loc":{"start":{"line":393,"column":20},"end":{"line":393,"column":74}},"type":"cond-expr","locations":[{"start":{"line":393,"column":40},"end":{"line":393,"column":67}},{"start":{"line":393,"column":70},"end":{"line":393,"column":74}}],"line":393},"55":{"loc":{"start":{"line":394,"column":19},"end":{"line":394,"column":74}},"type":"cond-expr","locations":[{"start":{"line":394,"column":33},"end":{"line":394,"column":67}},{"start":{"line":394,"column":70},"end":{"line":394,"column":74}}],"line":394},"56":{"loc":{"start":{"line":405,"column":2},"end":{"line":405,"column":84}},"type":"if","locations":[{"start":{"line":405,"column":2},"end":{"line":405,"column":84}},{"start":{},"end":{}}],"line":405},"57":{"loc":{"start":{"line":406,"column":2},"end":{"line":406,"column":133}},"type":"if","locations":[{"start":{"line":406,"column":2},"end":{"line":406,"column":133}},{"start":{},"end":{}}],"line":406},"58":{"loc":{"start":{"line":412,"column":2},"end":{"line":412,"column":122}},"type":"if","locations":[{"start":{"line":412,"column":2},"end":{"line":412,"column":122}},{"start":{},"end":{}}],"line":412},"59":{"loc":{"start":{"line":418,"column":24},"end":{"line":418,"column":86}},"type":"cond-expr","locations":[{"start":{"line":418,"column":48},"end":{"line":418,"column":79}},{"start":{"line":418,"column":82},"end":{"line":418,"column":86}}],"line":418},"60":{"loc":{"start":{"line":419,"column":25},"end":{"line":419,"column":89}},"type":"cond-expr","locations":[{"start":{"line":419,"column":50},"end":{"line":419,"column":82}},{"start":{"line":419,"column":85},"end":{"line":419,"column":89}}],"line":419},"61":{"loc":{"start":{"line":442,"column":2},"end":{"line":442,"column":89}},"type":"if","locations":[{"start":{"line":442,"column":2},"end":{"line":442,"column":89}},{"start":{},"end":{}}],"line":442},"62":{"loc":{"start":{"line":443,"column":2},"end":{"line":445,"column":3}},"type":"if","locations":[{"start":{"line":443,"column":2},"end":{"line":445,"column":3}},{"start":{},"end":{}}],"line":443},"63":{"loc":{"start":{"line":453,"column":20},"end":{"line":453,"column":38}},"type":"binary-expr","locations":[{"start":{"line":453,"column":20},"end":{"line":453,"column":30}},{"start":{"line":453,"column":34},"end":{"line":453,"column":38}}],"line":453},"64":{"loc":{"start":{"line":459,"column":2},"end":{"line":486,"column":3}},"type":"if","locations":[{"start":{"line":459,"column":2},"end":{"line":486,"column":3}},{"start":{},"end":{}}],"line":459},"65":{"loc":{"start":{"line":461,"column":20},"end":{"line":461,"column":84}},"type":"binary-expr","locations":[{"start":{"line":461,"column":20},"end":{"line":461,"column":47}},{"start":{"line":461,"column":51},"end":{"line":461,"column":84}}],"line":461},"66":{"loc":{"start":{"line":462,"column":21},"end":{"line":462,"column":87}},"type":"binary-expr","locations":[{"start":{"line":462,"column":21},"end":{"line":462,"column":49}},{"start":{"line":462,"column":53},"end":{"line":462,"column":87}}],"line":462},"67":{"loc":{"start":{"line":466,"column":4},"end":{"line":471,"column":5}},"type":"if","locations":[{"start":{"line":466,"column":4},"end":{"line":471,"column":5}},{"start":{},"end":{}}],"line":466},"68":{"loc":{"start":{"line":466,"column":8},"end":{"line":466,"column":27}},"type":"binary-expr","locations":[{"start":{"line":466,"column":8},"end":{"line":466,"column":15}},{"start":{"line":466,"column":19},"end":{"line":466,"column":27}}],"line":466},"69":{"loc":{"start":{"line":467,"column":23},"end":{"line":467,"column":73}},"type":"binary-expr","locations":[{"start":{"line":467,"column":23},"end":{"line":467,"column":68}},{"start":{"line":467,"column":72},"end":{"line":467,"column":73}}],"line":467},"70":{"loc":{"start":{"line":469,"column":28},"end":{"line":469,"column":111}},"type":"cond-expr","locations":[{"start":{"line":469,"column":58},"end":{"line":469,"column":107}},{"start":{"line":469,"column":110},"end":{"line":469,"column":111}}],"line":469},"71":{"loc":{"start":{"line":477,"column":23},"end":{"line":477,"column":63}},"type":"binary-expr","locations":[{"start":{"line":477,"column":23},"end":{"line":477,"column":50}},{"start":{"line":477,"column":54},"end":{"line":477,"column":63}}],"line":477},"72":{"loc":{"start":{"line":478,"column":24},"end":{"line":478,"column":65}},"type":"binary-expr","locations":[{"start":{"line":478,"column":24},"end":{"line":478,"column":52}},{"start":{"line":478,"column":56},"end":{"line":478,"column":65}}],"line":478},"73":{"loc":{"start":{"line":479,"column":23},"end":{"line":479,"column":83}},"type":"cond-expr","locations":[{"start":{"line":479,"column":37},"end":{"line":479,"column":71}},{"start":{"line":479,"column":74},"end":{"line":479,"column":83}}],"line":479},"74":{"loc":{"start":{"line":494,"column":73},"end":{"line":494,"column":113}},"type":"cond-expr","locations":[{"start":{"line":494,"column":86},"end":{"line":494,"column":108}},{"start":{"line":494,"column":111},"end":{"line":494,"column":113}}],"line":494},"75":{"loc":{"start":{"line":505,"column":2},"end":{"line":505,"column":60}},"type":"if","locations":[{"start":{"line":505,"column":2},"end":{"line":505,"column":60}},{"start":{},"end":{}}],"line":505},"76":{"loc":{"start":{"line":506,"column":2},"end":{"line":506,"column":48}},"type":"if","locations":[{"start":{"line":506,"column":2},"end":{"line":506,"column":48}},{"start":{},"end":{}}],"line":506},"77":{"loc":{"start":{"line":530,"column":2},"end":{"line":530,"column":77}},"type":"if","locations":[{"start":{"line":530,"column":2},"end":{"line":530,"column":77}},{"start":{},"end":{}}],"line":530},"78":{"loc":{"start":{"line":532,"column":2},"end":{"line":538,"column":3}},"type":"if","locations":[{"start":{"line":532,"column":2},"end":{"line":538,"column":3}},{"start":{},"end":{}}],"line":532},"79":{"loc":{"start":{"line":546,"column":19},"end":{"line":546,"column":44}},"type":"binary-expr","locations":[{"start":{"line":546,"column":19},"end":{"line":546,"column":35}},{"start":{"line":546,"column":39},"end":{"line":546,"column":44}}],"line":546},"80":{"loc":{"start":{"line":569,"column":2},"end":{"line":569,"column":84}},"type":"if","locations":[{"start":{"line":569,"column":2},"end":{"line":569,"column":84}},{"start":{},"end":{}}],"line":569},"81":{"loc":{"start":{"line":570,"column":2},"end":{"line":572,"column":3}},"type":"if","locations":[{"start":{"line":570,"column":2},"end":{"line":572,"column":3}},{"start":{},"end":{}}],"line":570},"82":{"loc":{"start":{"line":574,"column":20},"end":{"line":574,"column":82}},"type":"cond-expr","locations":[{"start":{"line":574,"column":31},"end":{"line":574,"column":55}},{"start":{"line":574,"column":58},"end":{"line":574,"column":82}}],"line":574},"83":{"loc":{"start":{"line":609,"column":2},"end":{"line":609,"column":77}},"type":"if","locations":[{"start":{"line":609,"column":2},"end":{"line":609,"column":77}},{"start":{},"end":{}}],"line":609},"84":{"loc":{"start":{"line":612,"column":2},"end":{"line":612,"column":71}},"type":"if","locations":[{"start":{"line":612,"column":2},"end":{"line":612,"column":71}},{"start":{},"end":{}}],"line":612},"85":{"loc":{"start":{"line":625,"column":19},"end":{"line":625,"column":71}},"type":"cond-expr","locations":[{"start":{"line":625,"column":38},"end":{"line":625,"column":64}},{"start":{"line":625,"column":67},"end":{"line":625,"column":71}}],"line":625},"86":{"loc":{"start":{"line":665,"column":4},"end":{"line":679,"column":5}},"type":"if","locations":[{"start":{"line":665,"column":4},"end":{"line":679,"column":5}},{"start":{"line":670,"column":11},"end":{"line":679,"column":5}}],"line":665},"87":{"loc":{"start":{"line":665,"column":8},"end":{"line":665,"column":91}},"type":"binary-expr","locations":[{"start":{"line":665,"column":8},"end":{"line":665,"column":46}},{"start":{"line":665,"column":50},"end":{"line":665,"column":91}}],"line":665},"88":{"loc":{"start":{"line":667,"column":41},"end":{"line":667,"column":59}},"type":"binary-expr","locations":[{"start":{"line":667,"column":41},"end":{"line":667,"column":54}},{"start":{"line":667,"column":58},"end":{"line":667,"column":59}}],"line":667},"89":{"loc":{"start":{"line":668,"column":41},"end":{"line":668,"column":61}},"type":"binary-expr","locations":[{"start":{"line":668,"column":41},"end":{"line":668,"column":56}},{"start":{"line":668,"column":60},"end":{"line":668,"column":61}}],"line":668},"90":{"loc":{"start":{"line":669,"column":42},"end":{"line":669,"column":64}},"type":"binary-expr","locations":[{"start":{"line":669,"column":42},"end":{"line":669,"column":59}},{"start":{"line":669,"column":63},"end":{"line":669,"column":64}}],"line":669},"91":{"loc":{"start":{"line":670,"column":11},"end":{"line":679,"column":5}},"type":"if","locations":[{"start":{"line":670,"column":11},"end":{"line":679,"column":5}},{"start":{"line":672,"column":11},"end":{"line":679,"column":5}}],"line":670},"92":{"loc":{"start":{"line":672,"column":11},"end":{"line":679,"column":5}},"type":"if","locations":[{"start":{"line":672,"column":11},"end":{"line":679,"column":5}},{"start":{"line":674,"column":11},"end":{"line":679,"column":5}}],"line":672},"93":{"loc":{"start":{"line":674,"column":11},"end":{"line":679,"column":5}},"type":"if","locations":[{"start":{"line":674,"column":11},"end":{"line":679,"column":5}},{"start":{"line":676,"column":11},"end":{"line":679,"column":5}}],"line":674},"94":{"loc":{"start":{"line":676,"column":11},"end":{"line":679,"column":5}},"type":"if","locations":[{"start":{"line":676,"column":11},"end":{"line":679,"column":5}},{"start":{},"end":{}}],"line":676},"95":{"loc":{"start":{"line":678,"column":41},"end":{"line":678,"column":59}},"type":"binary-expr","locations":[{"start":{"line":678,"column":41},"end":{"line":678,"column":54}},{"start":{"line":678,"column":58},"end":{"line":678,"column":59}}],"line":678},"96":{"loc":{"start":{"line":683,"column":21},"end":{"line":685,"column":9}},"type":"cond-expr","locations":[{"start":{"line":684,"column":6},"end":{"line":684,"column":122}},{"start":{"line":685,"column":6},"end":{"line":685,"column":9}}],"line":683},"97":{"loc":{"start":{"line":684,"column":42},"end":{"line":684,"column":79}},"type":"cond-expr","locations":[{"start":{"line":684,"column":74},"end":{"line":684,"column":75}},{"start":{"line":684,"column":78},"end":{"line":684,"column":79}}],"line":684},"98":{"loc":{"start":{"line":708,"column":2},"end":{"line":713,"column":3}},"type":"if","locations":[{"start":{"line":708,"column":2},"end":{"line":713,"column":3}},{"start":{},"end":{}}],"line":708},"99":{"loc":{"start":{"line":724,"column":2},"end":{"line":727,"column":3}},"type":"if","locations":[{"start":{"line":724,"column":2},"end":{"line":727,"column":3}},{"start":{},"end":{}}],"line":724},"100":{"loc":{"start":{"line":771,"column":45},"end":{"line":771,"column":55}},"type":"default-arg","locations":[{"start":{"line":771,"column":53},"end":{"line":771,"column":55}}],"line":771},"101":{"loc":{"start":{"line":821,"column":22},"end":{"line":821,"column":44}},"type":"binary-expr","locations":[{"start":{"line":821,"column":22},"end":{"line":821,"column":31}},{"start":{"line":821,"column":35},"end":{"line":821,"column":44}}],"line":821},"102":{"loc":{"start":{"line":823,"column":4},"end":{"line":830,"column":5}},"type":"if","locations":[{"start":{"line":823,"column":4},"end":{"line":830,"column":5}},{"start":{"line":825,"column":11},"end":{"line":830,"column":5}}],"line":823},"103":{"loc":{"start":{"line":828,"column":16},"end":{"line":828,"column":50}},"type":"cond-expr","locations":[{"start":{"line":828,"column":28},"end":{"line":828,"column":37}},{"start":{"line":828,"column":40},"end":{"line":828,"column":50}}],"line":828}},"s":{"0":1,"1":1,"2":1,"3":1,"4":1,"5":1,"6":4,"7":4,"8":2,"9":0,"10":2,"11":2,"12":2,"13":4,"14":4,"15":4,"16":4,"17":1,"18":3,"19":3,"20":1,"21":2,"22":2,"23":2,"24":1,"25":1,"26":2,"27":1,"28":1,"29":2,"30":2,"31":4,"32":4,"33":4,"34":4,"35":1,"36":3,"37":1,"38":2,"39":1,"40":1,"41":1,"42":1,"43":1,"44":1,"45":1,"46":1,"47":1,"48":1,"49":1,"50":1,"51":0,"52":1,"53":1,"54":0,"55":1,"56":1,"57":2,"58":2,"59":2,"60":2,"61":2,"62":1,"63":2,"64":1,"65":2,"66":0,"67":2,"68":2,"69":1,"70":1,"71":1,"72":1,"73":1,"74":1,"75":1,"76":1,"77":1,"78":1,"79":1,"80":1,"81":1,"82":1,"83":0,"84":1,"85":1,"86":1,"87":1,"88":0,"89":1,"90":0,"91":1,"92":0,"93":0,"94":0,"95":0,"96":0,"97":1,"98":0,"99":1,"100":1,"101":2,"102":2,"103":1,"104":1,"105":2,"106":2,"107":0,"108":2,"109":2,"110":1,"111":1,"112":1,"113":1,"114":0,"115":0,"116":0,"117":0,"118":0,"119":1,"120":2,"121":2,"122":0,"123":2,"124":1,"125":1,"126":1,"127":0,"128":1,"129":1,"130":1,"131":2,"132":2,"133":0,"134":2,"135":1,"136":1,"137":1,"138":1,"139":1,"140":1,"141":1,"142":1,"143":1,"144":1,"145":1,"146":1,"147":1,"148":1,"149":1,"150":1,"151":0,"152":0,"153":0,"154":0,"155":0,"156":0,"157":0,"158":0,"159":2,"160":2,"161":0,"162":2,"163":1,"164":1,"165":1,"166":1,"167":2,"168":2,"169":0,"170":2,"171":1,"172":1,"173":1,"174":1,"175":1,"176":0,"177":3,"178":3,"179":1,"180":2,"181":2,"182":1,"183":1,"184":1,"185":2,"186":2,"187":2,"188":2,"189":1,"190":1,"191":1,"192":1,"193":1,"194":0,"195":0,"196":0,"197":0,"198":0,"199":0,"200":0,"201":0,"202":0,"203":1,"204":2,"205":2,"206":2,"207":2,"208":1,"209":1,"210":1,"211":1,"212":0,"213":1,"214":1,"215":1,"216":1,"217":1,"218":3,"219":3,"220":1,"221":3,"222":1,"223":0,"224":1,"225":1,"226":1,"227":1,"228":1,"229":1,"230":1,"231":1,"232":31,"233":31,"234":31,"235":31,"236":1,"237":30,"238":31,"239":1,"240":1},"f":{"0":4,"1":2,"2":4,"3":4,"4":1,"5":2,"6":1,"7":1,"8":1,"9":1,"10":2,"11":2,"12":2,"13":2,"14":0,"15":2,"16":2,"17":0,"18":3,"19":2,"20":1,"21":1,"22":3,"23":0,"24":1,"25":1},"b":{"0":[4,2],"1":[0,2],"2":[3],"3":[1,3],"4":[4,4],"5":[1,2],"6":[1,1],"7":[1,1],"8":[1,1],"9":[1,1],"10":[1,0],"11":[1,0],"12":[1,1],"13":[2,1],"14":[3],"15":[1,3],"16":[1,2],"17":[1,1],"18":[1,0],"19":[1,0],"20":[1,0],"21":[1,0],"22":[0,1],"23":[0,1],"24":[1,1],"25":[2,1],"26":[1,1],"27":[0,2],"28":[1,1],"29":[0,1],"30":[2,1],"31":[2,2],"32":[2,2],"33":[2,2],"34":[1,1],"35":[1,0],"36":[1,1],"37":[1,0],"38":[1,0],"39":[0,1],"40":[0,1],"41":[0,1],"42":[1,1],"43":[0,0],"44":[0,0],"45":[0,1],"46":[1,1],"47":[0,2],"48":[1,1],"49":[0,1],"50":[1,0],"51":[0,0],"52":[0,0],"53":[0,1],"54":[0,1],"55":[0,1],"56":[0,2],"57":[1,1],"58":[0,1],"59":[0,1],"60":[0,1],"61":[0,2],"62":[1,1],"63":[1,1],"64":[1,0],"65":[1,1],"66":[1,1],"67":[1,0],"68":[1,1],"69":[1,0],"70":[1,0],"71":[1,1],"72":[1,1],"73":[0,1],"74":[0,1],"75":[0,0],"76":[0,0],"77":[0,2],"78":[1,1],"79":[1,1],"80":[0,2],"81":[1,1],"82":[1,0],"83":[1,2],"84":[1,1],"85":[0,1],"86":[1,0],"87":[1,0],"88":[1,0],"89":[1,0],"90":[1,1],"91":[0,0],"92":[0,0],"93":[0,0],"94":[0,0],"95":[0,0],"96":[1,1],"97":[0,1],"98":[1,1],"99":[0,1],"100":[0],"101":[31,26],"102":[1,30],"103":[9,21]},"_coverageSchema":"1a1c01bbd47fc00a2c39e90264f33305004495a9","hash":"a18e315e5e20b96b85f994fdf8a4c37dce2873ed"}
,"C:\\Users\\ALAA\\OneDrive\\Desktop\\reqs\\hrms-backend\\src\\modules\\employee\\services\\employee.service.js": {"path":"C:\\Users\\ALAA\\OneDrive\\Desktop\\reqs\\hrms-backend\\src\\modules\\employee\\services\\employee.service.js","statementMap":{"0":{"start":{"line":8,"column":15},"end":{"line":8,"column":50}},"1":{"start":{"line":9,"column":21},"end":{"line":9,"column":64}},"2":{"start":{"line":10,"column":19},"end":{"line":10,"column":69}},"3":{"start":{"line":15,"column":4},"end":{"line":15,"column":40}},"4":{"start":{"line":16,"column":47},"end":{"line":16,"column":86}},"5":{"start":{"line":21,"column":32},"end":{"line":21,"column":52}},"6":{"start":{"line":24,"column":6},"end":{"line":24,"column":11}},"7":{"start":{"line":26,"column":16},"end":{"line":26,"column":18}},"8":{"start":{"line":28,"column":2},"end":{"line":34,"column":3}},"9":{"start":{"line":29,"column":4},"end":{"line":33,"column":6}},"10":{"start":{"line":36,"column":2},"end":{"line":36,"column":72}},"11":{"start":{"line":36,"column":22},"end":{"line":36,"column":72}},"12":{"start":{"line":37,"column":2},"end":{"line":37,"column":70}},"13":{"start":{"line":37,"column":22},"end":{"line":37,"column":70}},"14":{"start":{"line":38,"column":2},"end":{"line":38,"column":74}},"15":{"start":{"line":38,"column":22},"end":{"line":38,"column":74}},"16":{"start":{"line":39,"column":2},"end":{"line":39,"column":72}},"17":{"start":{"line":39,"column":22},"end":{"line":39,"column":72}},"18":{"start":{"line":41,"column":2},"end":{"line":43,"column":3}},"19":{"start":{"line":42,"column":4},"end":{"line":42,"column":33}},"20":{"start":{"line":45,"column":2},"end":{"line":47,"column":3}},"21":{"start":{"line":46,"column":4},"end":{"line":46,"column":64}},"22":{"start":{"line":49,"column":29},"end":{"line":72,"column":4}},"23":{"start":{"line":74,"column":2},"end":{"line":74,"column":70}},"24":{"start":{"line":78,"column":19},"end":{"line":103,"column":4}},"25":{"start":{"line":105,"column":2},"end":{"line":105,"column":77}},"26":{"start":{"line":105,"column":17},"end":{"line":105,"column":77}},"27":{"start":{"line":106,"column":2},"end":{"line":106,"column":18}},"28":{"start":{"line":110,"column":19},"end":{"line":133,"column":4}},"29":{"start":{"line":135,"column":2},"end":{"line":135,"column":77}},"30":{"start":{"line":135,"column":17},"end":{"line":135,"column":77}},"31":{"start":{"line":136,"column":2},"end":{"line":136,"column":18}},"32":{"start":{"line":140,"column":19},"end":{"line":144,"column":4}},"33":{"start":{"line":145,"column":2},"end":{"line":153,"column":3}},"34":{"start":{"line":146,"column":4},"end":{"line":152,"column":6}},"35":{"start":{"line":155,"column":27},"end":{"line":159,"column":4}},"36":{"start":{"line":160,"column":2},"end":{"line":160,"column":83}},"37":{"start":{"line":160,"column":13},"end":{"line":160,"column":83}},"38":{"start":{"line":161,"column":2},"end":{"line":161,"column":80}},"39":{"start":{"line":161,"column":12},"end":{"line":161,"column":80}},"40":{"start":{"line":162,"column":2},"end":{"line":162,"column":85}},"41":{"start":{"line":162,"column":12},"end":{"line":162,"column":85}},"42":{"start":{"line":164,"column":2},"end":{"line":167,"column":3}},"43":{"start":{"line":165,"column":16},"end":{"line":165,"column":94}},"44":{"start":{"line":166,"column":4},"end":{"line":166,"column":113}},"45":{"start":{"line":166,"column":31},"end":{"line":166,"column":113}},"46":{"start":{"line":169,"column":19},"end":{"line":169,"column":55}},"47":{"start":{"line":171,"column":19},"end":{"line":181,"column":4}},"48":{"start":{"line":183,"column":2},"end":{"line":190,"column":5}},"49":{"start":{"line":192,"column":2},"end":{"line":192,"column":18}},"50":{"start":{"line":196,"column":19},"end":{"line":196,"column":90}},"51":{"start":{"line":197,"column":2},"end":{"line":197,"column":77}},"52":{"start":{"line":197,"column":17},"end":{"line":197,"column":77}},"53":{"start":{"line":199,"column":22},"end":{"line":199,"column":33}},"54":{"start":{"line":200,"column":2},"end":{"line":202,"column":3}},"55":{"start":{"line":201,"column":4},"end":{"line":201,"column":107}},"56":{"start":{"line":203,"column":2},"end":{"line":203,"column":37}},"57":{"start":{"line":205,"column":23},"end":{"line":215,"column":7}},"58":{"start":{"line":206,"column":19},"end":{"line":206,"column":87}},"59":{"start":{"line":207,"column":17},"end":{"line":215,"column":5}},"60":{"start":{"line":217,"column":20},"end":{"line":224,"column":4}},"61":{"start":{"line":223,"column":31},"end":{"line":223,"column":74}},"62":{"start":{"line":226,"column":2},"end":{"line":226,"column":17}},"63":{"start":{"line":230,"column":19},"end":{"line":230,"column":90}},"64":{"start":{"line":231,"column":2},"end":{"line":231,"column":77}},"65":{"start":{"line":231,"column":17},"end":{"line":231,"column":77}},"66":{"start":{"line":232,"column":2},"end":{"line":234,"column":3}},"67":{"start":{"line":233,"column":4},"end":{"line":233,"column":85}},"68":{"start":{"line":236,"column":18},"end":{"line":244,"column":4}},"69":{"start":{"line":246,"column":2},"end":{"line":255,"column":5}},"70":{"start":{"line":257,"column":2},"end":{"line":257,"column":17}},"71":{"start":{"line":262,"column":19},"end":{"line":262,"column":90}},"72":{"start":{"line":263,"column":2},"end":{"line":263,"column":77}},"73":{"start":{"line":263,"column":17},"end":{"line":263,"column":77}},"74":{"start":{"line":264,"column":2},"end":{"line":266,"column":3}},"75":{"start":{"line":265,"column":4},"end":{"line":265,"column":77}},"76":{"start":{"line":268,"column":18},"end":{"line":276,"column":4}},"77":{"start":{"line":278,"column":2},"end":{"line":287,"column":5}},"78":{"start":{"line":289,"column":2},"end":{"line":289,"column":17}},"79":{"start":{"line":294,"column":19},"end":{"line":294,"column":90}},"80":{"start":{"line":295,"column":2},"end":{"line":295,"column":77}},"81":{"start":{"line":295,"column":17},"end":{"line":295,"column":77}},"82":{"start":{"line":297,"column":19},"end":{"line":297,"column":105}},"83":{"start":{"line":299,"column":18},"end":{"line":308,"column":4}},"84":{"start":{"line":310,"column":2},"end":{"line":317,"column":5}},"85":{"start":{"line":319,"column":2},"end":{"line":319,"column":17}},"86":{"start":{"line":323,"column":32},"end":{"line":323,"column":52}},"87":{"start":{"line":324,"column":16},"end":{"line":324,"column":42}},"88":{"start":{"line":325,"column":2},"end":{"line":325,"column":48}},"89":{"start":{"line":325,"column":20},"end":{"line":325,"column":48}},"90":{"start":{"line":327,"column":28},"end":{"line":339,"column":4}},"91":{"start":{"line":341,"column":2},"end":{"line":341,"column":69}},"92":{"start":{"line":345,"column":18},"end":{"line":348,"column":4}},"93":{"start":{"line":349,"column":2},"end":{"line":349,"column":82}},"94":{"start":{"line":349,"column":16},"end":{"line":349,"column":82}},"95":{"start":{"line":352,"column":2},"end":{"line":354,"column":3}},"96":{"start":{"line":353,"column":4},"end":{"line":353,"column":118}},"97":{"start":{"line":356,"column":2},"end":{"line":358,"column":3}},"98":{"start":{"line":357,"column":4},"end":{"line":357,"column":91}},"99":{"start":{"line":360,"column":33},"end":{"line":360,"column":37}},"100":{"start":{"line":363,"column":25},"end":{"line":366,"column":4}},"101":{"start":{"line":369,"column":2},"end":{"line":374,"column":3}},"102":{"start":{"line":370,"column":4},"end":{"line":373,"column":7}},"103":{"start":{"line":376,"column":2},"end":{"line":376,"column":24}},"104":{"start":{"line":381,"column":32},"end":{"line":381,"column":52}},"105":{"start":{"line":383,"column":24},"end":{"line":392,"column":4}},"106":{"start":{"line":394,"column":2},"end":{"line":394,"column":65}},"107":{"start":{"line":399,"column":19},"end":{"line":417,"column":4}},"108":{"start":{"line":418,"column":2},"end":{"line":418,"column":77}},"109":{"start":{"line":418,"column":17},"end":{"line":418,"column":77}},"110":{"start":{"line":419,"column":2},"end":{"line":419,"column":18}},"111":{"start":{"line":424,"column":16},"end":{"line":424,"column":18}},"112":{"start":{"line":425,"column":2},"end":{"line":425,"column":68}},"113":{"start":{"line":425,"column":36},"end":{"line":425,"column":68}},"114":{"start":{"line":427,"column":2},"end":{"line":434,"column":5}},"115":{"start":{"line":437,"column":40},"end":{"line":437,"column":82}},"116":{"start":{"line":440,"column":15},"end":{"line":440,"column":82}},"117":{"start":{"line":441,"column":2},"end":{"line":441,"column":75}},"118":{"start":{"line":441,"column":13},"end":{"line":441,"column":75}},"119":{"start":{"line":442,"column":2},"end":{"line":442,"column":109}},"120":{"start":{"line":446,"column":16},"end":{"line":446,"column":18}},"121":{"start":{"line":447,"column":2},"end":{"line":447,"column":68}},"122":{"start":{"line":447,"column":36},"end":{"line":447,"column":68}},"123":{"start":{"line":448,"column":2},"end":{"line":452,"column":5}},"124":{"start":{"line":455,"column":38},"end":{"line":455,"column":78}},"125":{"start":{"line":459,"column":19},"end":{"line":459,"column":90}},"126":{"start":{"line":460,"column":2},"end":{"line":460,"column":77}},"127":{"start":{"line":460,"column":17},"end":{"line":460,"column":77}},"128":{"start":{"line":462,"column":2},"end":{"line":466,"column":5}},"129":{"start":{"line":470,"column":19},"end":{"line":470,"column":90}},"130":{"start":{"line":471,"column":2},"end":{"line":471,"column":77}},"131":{"start":{"line":471,"column":17},"end":{"line":471,"column":77}},"132":{"start":{"line":473,"column":19},"end":{"line":473,"column":95}},"133":{"start":{"line":474,"column":2},"end":{"line":474,"column":86}},"134":{"start":{"line":474,"column":17},"end":{"line":474,"column":86}},"135":{"start":{"line":476,"column":2},"end":{"line":478,"column":3}},"136":{"start":{"line":477,"column":4},"end":{"line":477,"column":165}},"137":{"start":{"line":480,"column":2},"end":{"line":483,"column":5}},"138":{"start":{"line":485,"column":2},"end":{"line":490,"column":5}},"139":{"start":{"line":494,"column":2},"end":{"line":494,"column":103}},"140":{"start":{"line":499,"column":32},"end":{"line":499,"column":52}},"141":{"start":{"line":500,"column":16},"end":{"line":500,"column":43}},"142":{"start":{"line":501,"column":2},"end":{"line":501,"column":56}},"143":{"start":{"line":501,"column":35},"end":{"line":501,"column":56}},"144":{"start":{"line":503,"column":46},"end":{"line":507,"column":4}},"145":{"start":{"line":509,"column":2},"end":{"line":509,"column":87}},"146":{"start":{"line":513,"column":2},"end":{"line":516,"column":5}},"147":{"start":{"line":523,"column":2},"end":{"line":526,"column":5}},"148":{"start":{"line":530,"column":19},"end":{"line":530,"column":90}},"149":{"start":{"line":531,"column":2},"end":{"line":531,"column":77}},"150":{"start":{"line":531,"column":17},"end":{"line":531,"column":77}},"151":{"start":{"line":534,"column":2},"end":{"line":539,"column":3}},"152":{"start":{"line":535,"column":4},"end":{"line":538,"column":7}},"153":{"start":{"line":541,"column":2},"end":{"line":543,"column":5}},"154":{"start":{"line":547,"column":18},"end":{"line":549,"column":4}},"155":{"start":{"line":550,"column":2},"end":{"line":550,"column":91}},"156":{"start":{"line":550,"column":16},"end":{"line":550,"column":91}},"157":{"start":{"line":552,"column":2},"end":{"line":552,"column":77}},"158":{"start":{"line":557,"column":2},"end":{"line":560,"column":5}},"159":{"start":{"line":564,"column":19},"end":{"line":564,"column":90}},"160":{"start":{"line":565,"column":2},"end":{"line":565,"column":77}},"161":{"start":{"line":565,"column":17},"end":{"line":565,"column":77}},"162":{"start":{"line":568,"column":19},"end":{"line":570,"column":4}},"163":{"start":{"line":571,"column":2},"end":{"line":571,"column":102}},"164":{"start":{"line":571,"column":16},"end":{"line":571,"column":102}},"165":{"start":{"line":573,"column":2},"end":{"line":575,"column":5}},"166":{"start":{"line":579,"column":16},"end":{"line":581,"column":4}},"167":{"start":{"line":582,"column":2},"end":{"line":582,"column":87}},"168":{"start":{"line":582,"column":14},"end":{"line":582,"column":87}},"169":{"start":{"line":584,"column":2},"end":{"line":584,"column":70}},"170":{"start":{"line":589,"column":19},"end":{"line":595,"column":4}},"171":{"start":{"line":596,"column":2},"end":{"line":596,"column":18}},"172":{"start":{"line":600,"column":14},"end":{"line":603,"column":4}},"173":{"start":{"line":604,"column":2},"end":{"line":604,"column":72}},"174":{"start":{"line":604,"column":12},"end":{"line":604,"column":72}},"175":{"start":{"line":607,"column":19},"end":{"line":612,"column":3}},"176":{"start":{"line":614,"column":16},"end":{"line":614,"column":52}},"177":{"start":{"line":615,"column":2},"end":{"line":615,"column":46}},"178":{"start":{"line":619,"column":20},"end":{"line":619,"column":60}},"179":{"start":{"line":620,"column":2},"end":{"line":620,"column":97}},"180":{"start":{"line":620,"column":21},"end":{"line":620,"column":97}},"181":{"start":{"line":622,"column":2},"end":{"line":629,"column":5}},"182":{"start":{"line":631,"column":2},"end":{"line":631,"column":58}},"183":{"start":{"line":636,"column":2},"end":{"line":639,"column":5}},"184":{"start":{"line":643,"column":2},"end":{"line":652,"column":5}},"185":{"start":{"line":656,"column":2},"end":{"line":656,"column":79}},"186":{"start":{"line":662,"column":15},"end":{"line":672,"column":4}},"187":{"start":{"line":673,"column":2},"end":{"line":673,"column":14}},"188":{"start":{"line":680,"column":14},"end":{"line":683,"column":4}},"189":{"start":{"line":686,"column":17},"end":{"line":690,"column":4}},"190":{"start":{"line":692,"column":19},"end":{"line":692,"column":30}},"191":{"start":{"line":695,"column":2},"end":{"line":703,"column":3}},"192":{"start":{"line":696,"column":4},"end":{"line":702,"column":7}},"193":{"start":{"line":706,"column":2},"end":{"line":706,"column":80}},"194":{"start":{"line":706,"column":33},"end":{"line":706,"column":78}},"195":{"start":{"line":711,"column":2},"end":{"line":714,"column":5}},"196":{"start":{"line":718,"column":19},"end":{"line":718,"column":90}},"197":{"start":{"line":719,"column":2},"end":{"line":719,"column":77}},"198":{"start":{"line":719,"column":17},"end":{"line":719,"column":77}},"199":{"start":{"line":722,"column":2},"end":{"line":724,"column":3}},"200":{"start":{"line":723,"column":4},"end":{"line":723,"column":98}},"201":{"start":{"line":726,"column":2},"end":{"line":730,"column":5}},"202":{"start":{"line":734,"column":2},"end":{"line":741,"column":5}},"203":{"start":{"line":744,"column":2},"end":{"line":752,"column":5}},"204":{"start":{"line":755,"column":2},"end":{"line":758,"column":5}},"205":{"start":{"line":767,"column":2},"end":{"line":770,"column":5}},"206":{"start":{"line":773,"column":2},"end":{"line":782,"column":5}},"207":{"start":{"line":784,"column":2},"end":{"line":784,"column":65}},"208":{"start":{"line":789,"column":17},"end":{"line":791,"column":4}},"209":{"start":{"line":793,"column":2},"end":{"line":793,"column":46}},"210":{"start":{"line":793,"column":14},"end":{"line":793,"column":46}},"211":{"start":{"line":796,"column":2},"end":{"line":807,"column":4}},"212":{"start":{"line":812,"column":18},"end":{"line":816,"column":4}},"213":{"start":{"line":819,"column":2},"end":{"line":828,"column":5}},"214":{"start":{"line":830,"column":2},"end":{"line":830,"column":35}},"215":{"start":{"line":834,"column":2},"end":{"line":839,"column":3}},"216":{"start":{"line":835,"column":4},"end":{"line":838,"column":7}},"217":{"start":{"line":841,"column":2},"end":{"line":850,"column":5}},"218":{"start":{"line":856,"column":0},"end":{"line":859,"column":2}}},"fnMap":{"0":{"name":"listEmployees","decl":{"start":{"line":20,"column":15},"end":{"line":20,"column":28}},"loc":{"start":{"line":20,"column":36},"end":{"line":75,"column":1}},"line":20},"1":{"name":"getEmployeeById","decl":{"start":{"line":77,"column":15},"end":{"line":77,"column":30}},"loc":{"start":{"line":77,"column":43},"end":{"line":107,"column":1}},"line":77},"2":{"name":"getEmployeeProfile","decl":{"start":{"line":109,"column":15},"end":{"line":109,"column":33}},"loc":{"start":{"line":109,"column":46},"end":{"line":137,"column":1}},"line":109},"3":{"name":"createEmployee","decl":{"start":{"line":139,"column":15},"end":{"line":139,"column":29}},"loc":{"start":{"line":139,"column":54},"end":{"line":193,"column":1}},"line":139},"4":{"name":"updateEmployee","decl":{"start":{"line":195,"column":15},"end":{"line":195,"column":29}},"loc":{"start":{"line":195,"column":72},"end":{"line":227,"column":1}},"line":195},"5":{"name":"(anonymous_5)","decl":{"start":{"line":206,"colum
[...]
:{"start":{"line":165,"column":2},"end":{"line":165,"column":94}},"type":"if","locations":[{"start":{"line":165,"column":2},"end":{"line":165,"column":94}},{"start":{},"end":{}}],"line":165},"25":{"loc":{"start":{"line":179,"column":6},"end":{"line":179,"column":137}},"type":"if","locations":[{"start":{"line":179,"column":6},"end":{"line":179,"column":137}},{"start":{},"end":{}}],"line":179},"26":{"loc":{"start":{"line":190,"column":6},"end":{"line":190,"column":143}},"type":"if","locations":[{"start":{"line":190,"column":6},"end":{"line":190,"column":143}},{"start":{},"end":{}}],"line":190},"27":{"loc":{"start":{"line":200,"column":35},"end":{"line":200,"column":67}},"type":"binary-expr","locations":[{"start":{"line":200,"column":35},"end":{"line":200,"column":62}},{"start":{"line":200,"column":66},"end":{"line":200,"column":67}}],"line":200},"28":{"loc":{"start":{"line":202,"column":6},"end":{"line":205,"column":7}},"type":"if","locations":[{"start":{"line":202,"column":6},"end":{"line":205,"column":7}},{"start":{},"end":{}}],"line":202},"29":{"loc":{"start":{"line":202,"column":10},"end":{"line":202,"column":54}},"type":"binary-expr","locations":[{"start":{"line":202,"column":10},"end":{"line":202,"column":27}},{"start":{"line":202,"column":31},"end":{"line":202,"column":54}}],"line":202},"30":{"loc":{"start":{"line":207,"column":64},"end":{"line":207,"column":148}},"type":"cond-expr","locations":[{"start":{"line":207,"column":93},"end":{"line":207,"column":118}},{"start":{"line":207,"column":121},"end":{"line":207,"column":148}}],"line":207},"31":{"loc":{"start":{"line":216,"column":6},"end":{"line":216,"column":175}},"type":"if","locations":[{"start":{"line":216,"column":6},"end":{"line":216,"column":175}},{"start":{},"end":{}}],"line":216},"32":{"loc":{"start":{"line":245,"column":6},"end":{"line":246,"column":133}},"type":"if","locations":[{"start":{"line":245,"column":6},"end":{"line":246,"column":133}},{"start":{"line":246,"column":11},"end":{"line":246,"column":133}}],"line":245},"33":{"loc":{"start":{"line":250,"column":126},"end":{"line":250,"column":210}},"type":"cond-expr","locations":[{"start":{"line":250,"column":155},"end":{"line":250,"column":180}},{"start":{"line":250,"column":183},"end":{"line":250,"column":210}}],"line":250},"34":{"loc":{"start":{"line":251,"column":6},"end":{"line":251,"column":191}},"type":"if","locations":[{"start":{"line":251,"column":6},"end":{"line":251,"column":191}},{"start":{},"end":{}}],"line":251},"35":{"loc":{"start":{"line":252,"column":6},"end":{"line":252,"column":187}},"type":"if","locations":[{"start":{"line":252,"column":6},"end":{"line":252,"column":187}},{"start":{},"end":{}}],"line":252},"36":{"loc":{"start":{"line":253,"column":6},"end":{"line":253,"column":215}},"type":"if","locations":[{"start":{"line":253,"column":6},"end":{"line":253,"column":215}},{"start":{},"end":{}}],"line":253},"37":{"loc":{"start":{"line":254,"column":6},"end":{"line":254,"column":172}},"type":"if","locations":[{"start":{"line":254,"column":6},"end":{"line":254,"column":172}},{"start":{},"end":{}}],"line":254},"38":{"loc":{"start":{"line":264,"column":20},"end":{"line":264,"column":108}},"type":"cond-expr","locations":[{"start":{"line":264,"column":41},"end":{"line":264,"column":70}},{"start":{"line":264,"column":73},"end":{"line":264,"column":108}}],"line":264},"39":{"loc":{"start":{"line":271,"column":2},"end":{"line":271,"column":75}},"type":"if","locations":[{"start":{"line":271,"column":2},"end":{"line":271,"column":75}},{"start":{},"end":{}}],"line":271},"40":{"loc":{"start":{"line":272,"column":2},"end":{"line":272,"column":132}},"type":"if","locations":[{"start":{"line":272,"column":2},"end":{"line":272,"column":132}},{"start":{},"end":{}}],"line":272},"41":{"loc":{"start":{"line":274,"column":2},"end":{"line":274,"column":116}},"type":"if","locations":[{"start":{"line":274,"column":2},"end":{"line":274,"column":116}},{"start":{},"end":{}}],"line":274},"42":{"loc":{"start":{"line":281,"column":2},"end":{"line":281,"column":75}},"type":"if","locations":[{"start":{"line":281,"column":2},"end":{"line":281,"column":75}},{"start":{},"end":{}}],"line":281},"43":{"loc":{"start":{"line":282,"column":2},"end":{"line":282,"column":135}},"type":"if","locations":[{"start":{"line":282,"column":2},"end":{"line":282,"column":135}},{"start":{},"end":{}}],"line":282},"44":{"loc":{"start":{"line":290,"column":2},"end":{"line":290,"column":75}},"type":"if","locations":[{"start":{"line":290,"column":2},"end":{"line":290,"column":75}},{"start":{},"end":{}}],"line":290},"45":{"loc":{"start":{"line":291,"column":2},"end":{"line":291,"column":153}},"type":"if","locations":[{"start":{"line":291,"column":2},"end":{"line":291,"column":153}},{"start":{},"end":{}}],"line":291},"46":{"loc":{"start":{"line":297,"column":4},"end":{"line":297,"column":27}},"type":"if","locations":[{"start":{"line":297,"column":4},"end":{"line":297,"column":27}},{"start":{},"end":{}}],"line":297},"47":{"loc":{"start":{"line":322,"column":2},"end":{"line":322,"column":75}},"type":"if","locations":[{"start":{"line":322,"column":2},"end":{"line":322,"column":75}},{"start":{},"end":{}}],"line":322},"48":{"loc":{"start":{"line":324,"column":2},"end":{"line":324,"column":158}},"type":"if","locations":[{"start":{"line":324,"column":2},"end":{"line":324,"column":158}},{"start":{},"end":{}}],"line":324},"49":{"loc":{"start":{"line":324,"column":6},"end":{"line":324,"column":79}},"type":"binary-expr","locations":[{"start":{"line":324,"column":6},"end":{"line":324,"column":41}},{"start":{"line":324,"column":45},"end":{"line":324,"column":79}}],"line":324},"50":{"loc":{"start":{"line":331,"column":2},"end":{"line":331,"column":66}},"type":"if","locations":[{"start":{"line":331,"column":2},"end":{"line":331,"column":66}},{"start":{},"end":{}}],"line":331},"51":{"loc":{"start":{"line":332,"column":2},"end":{"line":332,"column":48}},"type":"if","locations":[{"start":{"line":332,"column":2},"end":{"line":332,"column":48}},{"start":{},"end":{}}],"line":332},"52":{"loc":{"start":{"line":333,"column":2},"end":{"line":333,"column":74}},"type":"if","locations":[{"start":{"line":333,"column":2},"end":{"line":333,"column":74}},{"start":{},"end":{}}],"line":333},"53":{"loc":{"start":{"line":343,"column":2},"end":{"line":343,"column":73}},"type":"if","locations":[{"start":{"line":343,"column":2},"end":{"line":343,"column":73}},{"start":{},"end":{}}],"line":343},"54":{"loc":{"start":{"line":344,"column":2},"end":{"line":344,"column":122}},"type":"if","locations":[{"start":{"line":344,"column":2},"end":{"line":344,"column":122}},{"start":{},"end":{}}],"line":344},"55":{"loc":{"start":{"line":350,"column":2},"end":{"line":350,"column":75}},"type":"if","locations":[{"start":{"line":350,"column":2},"end":{"line":350,"column":75}},{"start":{},"end":{}}],"line":350},"56":{"loc":{"start":{"line":351,"column":2},"end":{"line":351,"column":153}},"type":"if","locations":[{"start":{"line":351,"column":2},"end":{"line":351,"column":153}},{"start":{},"end":{}}],"line":351},"57":{"loc":{"start":{"line":367,"column":23},"end":{"line":367,"column":71}},"type":"cond-expr","locations":[{"start":{"line":367,"column":35},"end":{"line":367,"column":67}},{"start":{"line":367,"column":70},"end":{"line":367,"column":71}}],"line":367},"58":{"loc":{"start":{"line":368,"column":20},"end":{"line":368,"column":60}},"type":"cond-expr","locations":[{"start":{"line":368,"column":32},"end":{"line":368,"column":56}},{"start":{"line":368,"column":59},"end":{"line":368,"column":60}}],"line":368},"59":{"loc":{"start":{"line":369,"column":156},"end":{"line":369,"column":189}},"type":"binary-expr","locations":[{"start":{"line":369,"column":156},"end":{"line":369,"column":177}},{"start":{"line":369,"column":181},"end":{"line":369,"column":189}}],"line":369},"60":{"loc":{"start":{"line":376,"column":2},"end":{"line":376,"column":74}},"type":"if","locations":[{"start":{"line":376,"column":2},"end":{"line":376,"column":74}},{"start":{},"end":{}}],"line":376},"61":{"loc":{"start":{"line":377,"column":2},"end":{"line":377,"column":48}},"type":"if","locations":[{"start":{"line":377,"column":2},"end":{"line":377,"column":48}},{"start":{},"end":{}}],"line":377},"62":{"loc":{"start":{"line":387,"column":2},"end":{"line":387,"column":72}},"type":"if","locations":[{"start":{"line":387,"column":2},"end":{"line":387,"column":72}},{"start":{},"end":{}}],"line":387},"63":{"loc":{"start":{"line":391,"column":16},"end":{"line":391,"column":36}},"type":"binary-expr","locations":[{"start":{"line":391,"column":16},"end":{"line":391,"column":25}},{"start":{"line":391,"column":29},"end":{"line":391,"column":36}}],"line":391},"64":{"loc":{"start":{"line":393,"column":21},"end":{"line":393,"column":38}},"type":"binary-expr","locations":[{"start":{"line":393,"column":21},"end":{"line":393,"column":32}},{"start":{"line":393,"column":36},"end":{"line":393,"column":38}}],"line":393}},"s":{"0":2,"1":2,"2":2,"3":2,"4":2,"5":2,"6":11,"7":11,"8":4,"9":7,"10":7,"11":7,"12":7,"13":7,"14":9,"15":4,"16":5,"17":5,"18":5,"19":5,"20":5,"21":5,"22":5,"23":7,"24":7,"25":7,"26":7,"27":0,"28":0,"29":0,"30":0,"31":0,"32":0,"33":0,"34":0,"35":0,"36":0,"37":0,"38":0,"39":0,"40":0,"41":0,"42":0,"43":0,"44":0,"45":0,"46":0,"47":0,"48":0,"49":0,"50":0,"51":0,"52":0,"53":0,"54":0,"55":0,"56":0,"57":0,"58":0,"59":0,"60":0,"61":0,"62":0,"63":0,"64":0,"65":3,"66":3,"67":1,"68":2,"69":2,"70":1,"71":1,"72":7,"73":7,"74":7,"75":42,"76":42,"77":42,"78":7,"79":7,"80":7,"81":0,"82":7,"83":9,"84":9,"85":1,"86":8,"87":1,"88":7,"89":7,"90":7,"91":1,"92":7,"93":7,"94":7,"95":7,"96":7,"97":7,"98":7,"99":7,"100":7,"101":7,"102":7,"103":1,"104":1,"105":6,"106":6,"107":6,"108":6,"109":1,"110":1,"111":5,"112":5,"113":0,"114":5,"115":5,"116":5,"117":5,"118":5,"119":5,"120":5,"121":5,"122":0,"123":5,"124":5,"125":5,"126":5,"127":0,"128":0,"129":0,"130":0,"131":0,"132":0,"133":0,"134":0,"135":0,"136":0,"137":0,"138":0,"139":0,"140":0,"141":0,"142":0,"143":0,"144":0,"145":0,"146":0,"147":0,"148":0,"149":0,"150":0,"151":0,"152":0,"153":0,"154":0,"155":0,"156":0,"157":0,"158":0,"159":5,"160":7,"161":7,"162":7,"163":7,"164":4,"165":4,"166":1,"167":3,"168":1,"169":2,"170":2,"171":1,"172":1,"173":1,"174":2,"175":2,"176":0,"177":2,"178":1,"179":1,"180":1,"181":1,"182":3,"183":3,"184":0,"185":3,"186":1,"187":2,"188":2,"189":2,"190":2,"191":2,"192":2,"193":1,"194":1,"195":1,"196":1,"197":1,"198":2,"199":0,"200":0,"201":0,"202":0,"203":5,"204":5,"205":1,"206":4,"207":4,"208":1,"209":3,"210":0,"211":0,"212":0,"213":0,"214":0,"215":0,"216":0,"217":0,"218":0,"219":0,"220":3,"221":3,"222":1,"223":2,"224":1,"225":1,"226":2,"227":2,"228":0,"229":2,"230":1,"231":1,"232":1,"233":1,"234":1,"235":1,"236":1,"237":0,"238":0,"239":0,"240":0,"241":0,"242":0,"243":0,"244":0,"245":0,"246":0,"247":0,"248":0,"249":0,"250":0,"251":0,"252":2},"f":{"0":11,"1":7,"2":0,"3":0,"4":0,"5":0,"6":0,"7":0,"8":0,"9":0,"10":0,"11":0,"12":0,"13":0,"14":0,"15":3,"16":7,"17":7,"18":9,"19":0,"20":0,"21":0,"22":0,"23":0,"24":0,"25":4,"26":2,"27":3,"28":0,"29":5,"30":0,"31":3,"32":2,"33":1,"34":1,"35":0,"36":0,"37":0,"38":0,"39":0},"b":{"0":[4,7],"1":[7,0],"2":[4,5],"3":[3,2],"4":[7,0],"5":[7,0],"6":[0,0],"7":[0,0],"8":[0,0],"9":[0,0],"10":[0,0],"11":[0,0],"12":[0,0],"13":[0,0],"14":[0,0],"15":[0,0],"16":[0,0],"17":[0,0],"18":[1,2],"19":[1,1],"20":[42,0],"21":[0,7],"22":[1,8],"23":[1,7],"24":[1,6],"25":[1,6],"26":[1,5],"27":[5,0],"28":[5,0],"29":[5,5],"30":[0,0],"31":[0,0],"32":[0,0],"33":[0,0],"34":[0,0],"35":[0,0],"36":[0,0],"37":[0,0],"38":[0,7],"39":[1,3],"40":[1,2],"41":[1,1],"42":[0,2],"43":[1,1],"44":[0,3],"45":[1,2],"46":[1,1],"47":[1,4],"48":[1,3],"49":[4,2],"50":[0,0],"51":[0,0],"52":[0,0],"53":[1,2],"54":[1,1],"55":[0,2],"56":[1,1],"57":[0,0],"58":[0,0],"59":[0,0],"60":[0,0],"61":[0,0],"62":[0,0],"63":[0,0],"64":[0,0]},"_coverageSchema":"1a1c01bbd47fc00a2c39e90264f33305004495a9","hash":"0f1c57b29d36bf1de554cadd6b998dbbd2ad5f7a"}
,"C:\\Users\\ALAA\\OneDrive\\Desktop\\reqs\\hrms-backend\\src\\shared\\constants\\index.js": {"path":"C:\\Users\\ALAA\\OneDrive\\Desktop\\reqs\\hrms-backend\\src\\shared\\constants\\index.js","statementMap":{"0":{"start":{"line":14,"column":24},"end":{"line":19,"column":2}},"1":{"start":{"line":21,"column":24},"end":{"line":26,"column":2}},"2":{"start":{"line":28,"column":15},"end":{"line":32,"column":2}},"3":{"start":{"line":34,"column":23},"end":{"line":39,"column":2}},"4":{"start":{"line":42,"column":26},"end":{"line":50,"column":2}},"5":{"start":{"line":52,"column":26},"end":{"line":56,"column":2}},"6":{"start":{"line":58,"column":24},"end":{"line":63,"column":2}},"7":{"start":{"line":66,"column":35},"end":{"line":66,"column":36}},"8":{"start":{"line":69,"column":29},"end":{"line":78,"column":2}},"9":{"start":{"line":80,"column":32},"end":{"line":85,"column":2}},"10":{"start":{"line":87,"column":26},"end":{"line":99,"column":2}},"11":{"start":{"line":101,"column":25},"end":{"line":104,"column":2}},"12":{"start":{"line":107,"column":27},"end":{"line":114,"column":2}},"13":{"start":{"line":116,"column":29},"end":{"line":121,"column":2}},"14":{"start":{"line":123,"column":26},"end":{"line":127,"column":2}},"15":{"start":{"line":129,"column":19},"end":{"line":133,"column":2}},"16":{"start":{"line":135,"column":33},"end":{"line":139,"column":2}},"17":{"start":{"line":141,"column":25},"end":{"line":146,"column":2}},"18":{"start":{"line":149,"column":29},"end":{"line":154,"column":2}},"19":{"start":{"line":157,"column":19},"end":{"line":179,"column":2}},"20":{"start":{"line":182,"column":13},"end":{"line":188,"column":2}},"21":{"start":{"line":191,"column":30},"end":{"line":195,"column":2}},"22":{"start":{"line":197,"column":0},"end":{"line":220,"column":2}}},"fnMap":{},"branchMap":{},"s":{"0":2,"1":2,"2":2,"3":2,"4":2,"5":2,"6":2,"7":2,"8":2,"9":2,"10":2,"11":2,"12":2,"13":2,"14":2,"15":2,"16":2,"17":2,"18":2,"19":2,"20":2,"21":2,"22":2},"f":{},"b":{},"_coverageSchema":"1a1c01bbd47fc00a2c39e90264f33305004495a9","hash":"52943f162e54661e6d32c4856f273eb682253e2e"}
,"C:\\Users\\ALAA\\OneDrive\\Desktop\\reqs\\hrms-backend\\src\\shared\\utils\\notification.util.js": {"path":"C:\\Users\\ALAA\\OneDrive\\Desktop\\reqs\\hrms-backend\\src\\shared\\utils\\notification.util.js","statementMap":{"0":{"start":{"line":19,"column":15},"end":{"line":19,"column":47}},"1":{"start":{"line":20,"column":15},"end":{"line":20,"column":45}},"2":{"start":{"line":21,"column":33},"end":{"line":21,"column":56}},"3":{"start":{"line":44,"column":2},"end":{"line":68,"column":3}},"4":{"start":{"line":45,"column":4},"end":{"line":56,"column":7}},"5":{"start":{"line":59,"column":4},"end":{"line":62,"column":5}},"6":{"start":{"line":60,"column":6},"end":{"line":60,"column":101}},"7":{"start":{"line":65,"column":4},"end":{"line":67,"column":7}},"8":{"start":{"line":75,"column":2},"end":{"line":75,"column":84}},"9":{"start":{"line":75,"column":43},"end":{"line":75,"column":81}},"10":{"start":{"line":78,"column":0},"end":{"line":78,"column":40}}},"fnMap":{"0":{"name":"notify","decl":{"start":{"line":35,"column":15},"end":{"line":35,"column":21}},"loc":{"start":{"line":43,"column":3},"end":{"line":69,"column":1}},"line":43},"1":{"name":"notifyMany","decl":{"start":{"line":74,"column":15},"end":{"line":74,"column":25}},"loc":{"start":{"line":74,"column":46},"end":{"line":76,"column":1}},"line":74},"2":{"name":"(anonymous_2)","decl":{"start":{"line":75,"column":35},"end":{"line":75,"column":36}},"loc":{"start":{"line":75,"column":43},"end":{"line":75,"column":81}},"line":75}},"branchMap":{"0":{"loc":{"start":{"line":42,"column":2},"end":{"line":42,"column":39}},"type":"default-arg","locations":[{"start":{"line":42,"column":12},"end":{"line":42,"column":39}}],"line":42},"1":{"loc":{"start":{"line":50,"column":14},"end":{"line":50,"column":26}},"type":"binary-expr","locations":[{"start":{"line":50,"column":14},"end":{"line":50,"column":18}},{"start":{"line":50,"column":22},"end":{"line":50,"column":26}}],"line":50},"2":{"loc":{"start":{"line":53,"column":24},"end":{"line":53,"column":46}},"type":"binary-expr","locations":[{"start":{"line":53,"column":24},"end":{"line":53,"column":38}},{"start":{"line":53,"column":42},"end":{"line":53,"column":46}}],"line":53},"3":{"loc":{"start":{"line":59,"column":4},"end":{"line":62,"column":5}},"type":"if","locations":[{"start":{"line":59,"column":4},"end":{"line":62,"column":5}},{"start":{},"end":{}}],"line":59}},"s":{"0":1,"1":1,"2":1,"3":0,"4":0,"5":0,"6":0,"7":0,"8":0,"9":0,"10":1},"f":{"0":0,"1":0,"2":0},"b":{"0":[0],"1":[0,0],"2":[0,0],"3":[0,0]},"_coverageSchema":"1a1c01bbd47fc00a2c39e90264f33305004495a9","hash":"72aab0b68b07ebb1dfca7a4011de62a88bb2e2f6"}
,"C:\\Users\\ALAA\\OneDrive\\Desktop\\reqs\\hrms-backend\\src\\tests\\mocks\\prisma.mock.js": {"path":"C:\\Users\\ALAA\\OneDrive\\Desktop\\reqs\\hrms-backend\\src\\tests\\mocks\\prisma.mock.js","statementMap":{"0":{"start":{"line":3,"column":15},"end":{"line":585,"column":1}},"1":{"start":{"line":426,"column":4},"end":{"line":428,"column":5}},"2":{"start":{"line":427,"column":6},"end":{"line":427,"column":30}},"3":{"start":{"line":431,"column":4},"end":{"line":561,"column":5}},"4":{"start":{"line":432,"column":17},"end":{"line":558,"column":7}},"5":{"start":{"line":560,"column":6},"end":{"line":560,"column":21}},"6":{"start":{"line":563,"column":4},"end":{"line":563,"column":16}},"7":{"start":{"line":575,"column":4},"end":{"line":583,"column":7}},"8":{"start":{"line":576,"column":6},"end":{"line":582,"column":7}},"9":{"start":{"line":577,"column":8},"end":{"line":581,"column":11}},"10":{"start":{"line":578,"column":10},"end":{"line":580,"column":11}},"11":{"start":{"line":579,"column":12},"end":{"line":579,"column":27}},"12":{"start":{"line":587,"column":0},"end":{"line":587,"column":24}}},"fnMap":{"0":{"name":"(anonymous_0)","decl":{"start":{"line":424,"column":24},"end":{"line":424,"column":25}},"loc":{"start":{"line":424,"column":39},"end":{"line":564,"column":3}},"line":424},"1":{"name":"(anonymous_1)","decl":{"start":{"line":574,"column":17},"end":{"line":574,"column":18}},"loc":{"start":{"line":574,"column":23},"end":{"line":584,"column":3}},"line":574},"2":{"name":"(anonymous_2)","decl":{"start":{"line":575,"column":34},"end":{"line":575,"column":35}},"loc":{"start":{"line":575,"column":45},"end":{"line":583,"column":5}},"line":575},"3":{"name":"(anonymous_3)","decl":{"start":{"line":577,"column":37},"end":{"line":577,"column":38}},"loc":{"start":{"line":577,"column":45},"end":{"line":581,"column":9}},"line":577}},"branchMap":{"0":{"loc":{"start":{"line":426,"column":4},"end":{"line":428,"column":5}},"type":"if","locations":[{"start":{"line":426,"column":4},"end":{"line":428,"column":5}},{"start":{},"end":{}}],"line":426},"1":{"loc":{"start":{"line":431,"column":4},"end":{"line":561,"column":5}},"type":"if","locations":[{"start":{"line":431,"column":4},"end":{"line":561,"column":5}},{"start":{},"end":{}}],"line":431},"2":{"loc":{"start":{"line":576,"column":6},"end":{"line":582,"column":7}},"type":"if","locations":[{"start":{"line":576,"column":6},"end":{"line":582,"column":7}},{"start":{},"end":{}}],"line":576},"3":{"loc":{"start":{"line":576,"column":10},"end":{"line":576,"column":69}},"type":"binary-expr","locations":[{"start":{"line":576,"column":10},"end":{"line":576,"column":15}},{"start":{"line":576,"column":19},"end":{"line":576,"column":44}},{"start":{"line":576,"column":48},"end":{"line":576,"column":69}}],"line":576},"4":{"loc":{"start":{"line":578,"column":10},"end":{"line":580,"column":11}},"type":"if","locations":[{"start":{"line":578,"column":10},"end":{"line":580,"column":11}},{"start":{},"end":{}}],"line":578}},"s":{"0":5,"1":0,"2":0,"3":0,"4":0,"5":0,"6":0,"7":0,"8":0,"9":0,"10":0,"11":0,"12":5},"f":{"0":0,"1":0,"2":0,"3":0},"b":{"0":[0,0],"1":[0,0],"2":[0,0],"3":[0,0,0],"4":[0,0]},"_coverageSchema":"1a1c01bbd47fc00a2c39e90264f33305004495a9","hash":"2a8a68d63369ffce0385463a73f3ba7526b800c2"}
}
