TN:
SF:src\config\logger.js
FN:30,(anonymous_0)
FNF:1
FNH:0
FNDA:0,(anonymous_0)
DA:17,5
DA:18,5
DA:19,5
DA:21,5
DA:22,5
DA:24,5
DA:26,5
DA:31,0
DA:35,5
DA:41,5
DA:58,5
LF:11
LH:10
BRDA:21,0,0,5
BRDA:21,0,1,5
BRDA:22,1,0,0
BRDA:22,1,1,5
BRDA:31,2,0,0
BRDA:31,2,1,0
BRDA:42,3,0,5
BRDA:42,3,1,5
BRDA:43,4,0,0
BRDA:43,4,1,5
BRF:10
BRH:6
end_of_record
TN:
SF:src\middleware\errorHandler.js
FN:32,(anonymous_0)
FN:41,handlePrismaError
FN:67,errorHandler
FNF:3
FNH:1
FNDA:72,(anonymous_0)
FNDA:0,handlePrismaError
FNDA:0,errorHandler
DA:27,5
DA:28,5
DA:33,72
DA:34,72
DA:35,72
DA:36,72
DA:42,0
DA:43,0
DA:45,0
DA:46,0
DA:49,0
DA:51,0
DA:53,0
DA:55,0
DA:59,0
DA:60,0
DA:63,0
DA:68,0
DA:71,0
DA:72,0
DA:75,0
DA:76,0
DA:77,0
DA:83,0
DA:86,0
DA:87,0
DA:89,0
DA:101,5
LF:28
LH:7
BRDA:32,0,0,0
BRDA:32,1,0,14
BRDA:42,2,0,0
BRDA:42,2,1,0
BRDA:43,3,0,0
BRDA:43,3,1,0
BRDA:43,3,2,0
BRDA:43,3,3,0
BRDA:43,3,4,0
BRDA:45,4,0,0
BRDA:45,4,1,0
BRDA:59,5,0,0
BRDA:59,5,1,0
BRDA:72,6,0,0
BRDA:72,6,1,0
BRDA:76,7,0,0
BRDA:76,7,1,0
BRDA:86,8,0,0
BRDA:86,8,1,0
BRDA:92,9,0,0
BRDA:92,9,1,0
BRDA:93,10,0,0
BRDA:93,10,1,0
BRDA:94,11,0,0
BRDA:94,11,1,0
BRDA:96,12,0,0
BRDA:96,12,1,0
BRDA:96,12,2,0
BRF:28
BRH:1
end_of_record
TN:
SF:src\middleware\validate.js
FN:27,validate
FN:28,(anonymous_1)
FN:36,(anonymous_2)
FN:66,sendSuccess
FN:75,getPagination
FN:85,buildPaginationMeta
FNF:6
FNH:0
FNDA:0,validate
FNDA:0,(anonymous_1)
FNDA:0,(anonymous_2)
FNDA:0,sendSuccess
FNDA:0,getPagination
FNDA:0,buildPaginationMeta
DA:21,1
DA:28,0
DA:29,0
DA:35,0
DA:36,0
DA:41,0
DA:52,0
DA:53,0
DA:67,0
DA:68,0
DA:69,0
DA:76,0
DA:77,0
DA:81,0
DA:82,0
DA:86,0
DA:96,1
LF:17
LH:2
BRDA:27,0,0,0
BRDA:35,1,0,0
BRDA:35,1,1,0
BRDA:66,2,0,0
BRDA:66,3,0,0
BRDA:68,4,0,0
BRDA:68,4,1,0
BRDA:76,5,0,0
BRDA:76,5,1,0
BRDA:78,6,0,0
BRDA:78,6,1,0
BRDA:78,6,2,0
BRDA:79,7,0,0
BRDA:79,7,1,0
BRF:14
BRH:0
end_of_record
TN:
SF:src\modules\attendance\services\attendance.service.js
FN:49,getActiveShiftForEmployee
FN:64,combineDateTime
FN:77,checkIn
FN:152,checkOut
FN:202,calcEarlyDeparture
FN:215,getTodayStatus
FN:255,getDashboardKPIs
FN:269,(anonymous_7)
FN:282,(anonymous_8)
FN:311,listAttendance
FN:343,getAttendanceRecord
FN:361,createManualAttendance
FN:403,submitCorrectionRequest
FN:437,reviewCorrectionRequest
FN:502,listCorrectionRequests
FN:528,submitOvertimeRequest
FN:565,approveOvertimeRequest
FN:599,listShifts
FN:607,assignShift
FN:643,generateAttendanceSummary
FN:718,getAttendanceSummary
FN:734,markAttendanceAsOnLeave
FN:743,(anonymous_22)
FN:771,getRecentActivity
FN:792,getAttendanceCalendar
FN:816,(anonymous_25)
FNF:26
FNH:23
FNDA:4,getActiveShiftForEmployee
FNDA:2,combineDateTime
FNDA:4,checkIn
FNDA:4,checkOut
FNDA:1,calcEarlyDeparture
FNDA:2,getTodayStatus
FNDA:1,getDashboardKPIs
FNDA:1,(anonymous_7)
FNDA:1,(anonymous_8)
FNDA:1,listAttendance
FNDA:2,getAttendanceRecord
FNDA:2,createManualAttendance
FNDA:2,submitCorrectionRequest
FNDA:2,reviewCorrectionRequest
FNDA:0,listCorrectionRequests
FNDA:2,submitOvertimeRequest
FNDA:2,approveOvertimeRequest
FNDA:0,listShifts
FNDA:3,assignShift
FNDA:2,generateAttendanceSummary
FNDA:1,getAttendanceSummary
FNDA:1,markAttendanceAsOnLeave
FNDA:3,(anonymous_22)
FNDA:0,getRecentActivity
FNDA:1,getAttendanceCalendar
FNDA:1,(anonymous_25)
DA:34,1
DA:35,1
DA:36,1
DA:43,1
DA:44,1
DA:45,1
DA:50,4
DA:59,4
DA:65,2
DA:66,2
DA:67,2
DA:68,2
DA:78,4
DA:79,4
DA:82,4
DA:86,4
DA:89,3
DA:93,3
DA:94,1
DA:98,2
DA:99,2
DA:101,2
DA:102,1
DA:103,1
DA:107,2
DA:109,1
DA:121,1
DA:135,2
DA:144,2
DA:153,4
DA:154,4
DA:156,4
DA:161,4
DA:162,3
DA:163,2
DA:166,1
DA:167,1
DA:168,1
DA:171,1
DA:172,1
DA:173,1
DA:176,1
DA:178,1
DA:190,1
DA:199,1
DA:203,1
DA:204,1
DA:208,1
DA:209,1
DA:210,1
DA:216,2
DA:217,2
DA:218,2
DA:222,2
DA:223,2
DA:224,2
DA:225,2
DA:227,2
DA:234,2
DA:256,1
DA:259,1
DA:260,1
DA:269,1
DA:272,1
DA:273,1
DA:282,1
DA:283,1
DA:288,1
DA:293,1
DA:295,1
DA:296,1
DA:298,0
DA:301,1
DA:312,1
DA:313,1
DA:315,1
DA:316,1
DA:317,1
DA:318,0
DA:319,0
DA:320,0
DA:322,1
DA:323,0
DA:326,1
DA:340,1
DA:344,2
DA:357,2
DA:358,1
DA:363,2
DA:364,2
DA:367,2
DA:375,2
DA:377,1
DA:378,1
DA:380,1
DA:381,0
DA:382,0
DA:383,0
DA:384,0
DA:385,0
DA:388,1
DA:404,2
DA:405,2
DA:406,2
DA:409,1
DA:412,1
DA:414,1
DA:425,1
DA:434,1
DA:438,2
DA:442,2
DA:443,2
DA:444,1
DA:447,1
DA:459,1
DA:461,1
DA:462,1
DA:463,1
DA:464,1
DA:466,1
DA:467,1
DA:468,1
DA:469,1
DA:470,1
DA:473,1
DA:488,1
DA:490,1
DA:499,1
DA:503,0
DA:504,0
DA:505,0
DA:506,0
DA:508,0
DA:523,0
DA:529,2
DA:530,2
DA:532,2
DA:533,1
DA:540,1
DA:553,1
DA:562,1
DA:566,2
DA:569,2
DA:570,2
DA:571,1
DA:574,1
DA:576,1
DA:585,1
DA:594,1
DA:600,0
DA:608,3
DA:609,3
DA:611,2
DA:612,2
DA:615,1
DA:620,1
DA:644,2
DA:646,2
DA:653,2
DA:664,2
DA:665,1
DA:666,1
DA:667,1
DA:668,1
DA:669,1
DA:670,0
DA:671,0
DA:672,0
DA:673,0
DA:674,0
DA:675,0
DA:676,0
DA:677,0
DA:678,0
DA:680,1
DA:683,2
DA:688,2
DA:692,2
DA:708,2
DA:709,1
DA:715,1
DA:719,1
DA:724,1
DA:726,0
DA:729,1
DA:735,1
DA:736,1
DA:737,1
DA:738,1
DA:739,3
DA:740,3
DA:743,1
DA:744,3
DA:766,1
DA:772,0
DA:793,1
DA:794,1
DA:813,1
DA:814,1
DA:815,1
DA:816,1
DA:818,1
DA:819,31
DA:820,31
DA:821,31
DA:823,31
DA:824,1
DA:826,30
DA:831,31
DA:834,1
DA:837,1
LF:211
LH:183
BRDA:59,0,0,4
BRDA:59,0,1,2
BRDA:65,1,0,0
BRDA:65,1,1,2
BRDA:77,2,0,3
BRDA:86,3,0,1
BRDA:86,3,1,3
BRDA:86,4,0,4
BRDA:86,4,1,4
BRDA:93,5,0,1
BRDA:93,5,1,2
BRDA:101,6,0,1
BRDA:101,6,1,1
BRDA:107,7,0,1
BRDA:107,7,1,1
BRDA:114,8,0,1
BRDA:114,8,1,1
BRDA:116,9,0,1
BRDA:116,9,1,1
BRDA:125,10,0,1
BRDA:125,10,1,0
BRDA:129,11,0,1
BRDA:129,11,1,0
BRDA:139,12,0,1
BRDA:139,12,1,1
BRDA:144,13,0,2
BRDA:144,13,1,1
BRDA:152,14,0,3
BRDA:161,15,0,1
BRDA:161,15,1,3
BRDA:162,16,0,1
BRDA:162,16,1,2
BRDA:163,17,0,1
BRDA:163,17,1,1
BRDA:166,18,0,1
BRDA:166,18,1,0
BRDA:171,19,0,1
BRDA:171,19,1,0
BRDA:185,20,0,1
BRDA:185,20,1,0
BRDA:194,21,0,1
BRDA:194,21,1,0
BRDA:203,22,0,0
BRDA:203,22,1,1
BRDA:208,23,0,0
BRDA:208,23,1,1
BRDA:223,24,0,1
BRDA:223,24,1,1
BRDA:223,25,0,2
BRDA:223,25,1,1
BRDA:224,26,0,1
BRDA:224,26,1,1
BRDA:225,27,0,0
BRDA:225,27,1,2
BRDA:227,28,0,1
BRDA:227,28,1,1
BRDA:229,29,0,0
BRDA:229,29,1,1
BRDA:236,30,0,2
BRDA:236,30,1,1
BRDA:237,31,0,2
BRDA:237,31,1,2
BRDA:238,32,0,2
BRDA:238,32,1,2
BRDA:239,33,0,2
BRDA:239,33,1,2
BRDA:240,34,0,1
BRDA:240,34,1,1
BRDA:269,35,0,1
BRDA:269,35,1,0
BRDA:282,36,0,1
BRDA:282,36,1,1
BRDA:283,37,0,1
BRDA:283,37,1,0
BRDA:295,38,0,1
BRDA:295,38,1,0
BRDA:315,39,0,0
BRDA:315,39,1,1
BRDA:316,40,0,0
BRDA:316,40,1,1
BRDA:317,41,0,0
BRDA:317,41,1,1
BRDA:317,42,0,1
BRDA:317,42,1,1
BRDA:319,43,0,0
BRDA:319,43,1,0
BRDA:320,44,0,0
BRDA:320,44,1,0
BRDA:322,45,0,0
BRDA:322,45,1,1
BRDA:357,46,0,1
BRDA:357,46,1,1
BRDA:364,47,0,0
BRDA:364,47,1,2
BRDA:375,48,0,1
BRDA:375,48,1,1
BRDA:380,49,0,0
BRDA:380,49,1,1
BRDA:380,50,0,1
BRDA:380,50,1,0
BRDA:382,51,0,0
BRDA:382,51,1,0
BRDA:384,52,0,0
BRDA:384,52,1,0
BRDA:392,53,0,0
BRDA:392,53,1,1
BRDA:393,54,0,0
BRDA:393,54,1,1
BRDA:394,55,0,0
BRDA:394,55,1,1
BRDA:405,56,0,0
BRDA:405,56,1,2
BRDA:406,57,0,1
BRDA:406,57,1,1
BRDA:412,58,0,0
BRDA:412,58,1,1
BRDA:418,59,0,0
BRDA:418,59,1,1
BRDA:419,60,0,0
BRDA:419,60,1,1
BRDA:442,61,0,0
BRDA:442,61,1,2
BRDA:443,62,0,1
BRDA:443,62,1,1
BRDA:453,63,0,1
BRDA:453,63,1,1
BRDA:459,64,0,1
BRDA:459,64,1,0
BRDA:461,65,0,1
BRDA:461,65,1,1
BRDA:462,66,0,1
BRDA:462,66,1,1
BRDA:466,67,0,1
BRDA:466,67,1,0
BRDA:466,68,0,1
BRDA:466,68,1,1
BRDA:467,69,0,1
BRDA:467,69,1,0
BRDA:469,70,0,1
BRDA:469,70,1,0
BRDA:477,71,0,1
BRDA:477,71,1,1
BRDA:478,72,0,1
BRDA:478,72,1,1
BRDA:479,73,0,0
BRDA:479,73,1,1
BRDA:494,74,0,0
BRDA:494,74,1,1
BRDA:505,75,0,0
BRDA:505,75,1,0
BRDA:506,76,0,0
BRDA:506,76,1,0
BRDA:530,77,0,0
BRDA:530,77,1,2
BRDA:532,78,0,1
BRDA:532,78,1,1
BRDA:546,79,0,1
BRDA:546,79,1,1
BRDA:569,80,0,0
BRDA:569,80,1,2
BRDA:570,81,0,1
BRDA:570,81,1,1
BRDA:574,82,0,1
BRDA:574,82,1,0
BRDA:609,83,0,1
BRDA:609,83,1,2
BRDA:612,84,0,1
BRDA:612,84,1,1
BRDA:625,85,0,0
BRDA:625,85,1,1
BRDA:665,86,0,1
BRDA:665,86,1,0
BRDA:665,87,0,1
BRDA:665,87,1,0
BRDA:667,88,0,1
BRDA:667,88,1,0
BRDA:668,89,0,1
BRDA:668,89,1,0
BRDA:669,90,0,1
BRDA:669,90,1,1
BRDA:670,91,0,0
BRDA:670,91,1,0
BRDA:672,92,0,0
BRDA:672,92,1,0
BRDA:674,93,0,0
BRDA:674,93,1,0
BRDA:676,94,0,0
BRDA:676,94,1,0
BRDA:678,95,0,0
BRDA:678,95,1,0
BRDA:683,96,0,1
BRDA:683,96,1,1
BRDA:684,97,0,0
BRDA:684,97,1,1
BRDA:708,98,0,1
BRDA:708,98,1,1
BRDA:724,99,0,0
BRDA:724,99,1,1
BRDA:771,100,0,0
BRDA:821,101,0,31
BRDA:821,101,1,26
BRDA:823,102,0,1
BRDA:823,102,1,30
BRDA:828,103,0,9
BRDA:828,103,1,21
BRF:205
BRH:137
end_of_record
TN:
SF:src\modules\employee\services\employee.service.js
FN:20,listEmployees
FN:77,getEmployeeById
FN:109,getEmployeeProfile
FN:139,createEmployee
FN:195,updateEmployee
FN:206,(anonymous_5)
FN:207,(anonymous_6)
FN:223,(anonymous_7)
FN:229,terminateEmployee
FN:261,reactivateEmployee
FN:293,submitChangeRequest
FN:322,listChangeRequests
FN:344,reviewChangeRequest
FN:380,getAuditLog
FN:398,getOrgChart
FN:423,listDepartments
FN:437,createDepartment
FN:439,updateDepartment
FN:445,listPositions
FN:455,createPosition
FN:458,getSalaryHistory
FN:469,createSalaryRecord
FN:493,listWorkLocations
FN:498,getMyNotifications
FN:512,markNotificationsRead
FN:522,getEmergencyContacts
FN:529,addEmergencyContact
FN:546,deleteEmergencyContact
FN:556,getSkills
FN:563,addSkill
FN:578,deleteSkill
FN:588,getAllPendingChangeRequests
FN:599,getProfileCompleteness
FN:618,sendCompletenessReminder
FN:635,getDocuments
FN:642,addDocumentRecord
FN:655,deleteDocument
FN:660,getMyTeam
FN:678,getEmploymentTimeline
FN:706,(anonymous_39)
FN:710,getEmployeeForPdf
FN:717,getEmployeeNotes
FN:733,addEmployeeNote
FN:743,getTeamPendingChangeRequests
FN:754,updateProfilePhoto
FN:762,assignEmployeeRole
FN:787,getFieldVisibility
FN:810,updateFieldVisibility
FN:832,updateEmergencyContact
FNF:49
FNH:33
FNDA:5,listEmployees
FNDA:2,getEmployeeById
FNDA:2,getEmployeeProfile
FNDA:9,createEmployee
FNDA:4,updateEmployee
FNDA:3,(anonymous_5)
FNDA:3,(anonymous_6)
FNDA:3,(anonymous_7)
FNDA:4,terminateEmployee
FNDA:3,reactivateEmployee
FNDA:2,submitChangeRequest
FNDA:2,listChangeRequests
FNDA:5,reviewChangeRequest
FNDA:1,getAuditLog
FNDA:2,getOrgChart
FNDA:1,listDepartments
FNDA:1,createDepartment
FNDA:2,updateDepartment
FNDA:1,listPositions
FNDA:1,createPosition
FNDA:2,getSalaryHistory
FNDA:6,createSalaryRecord
FNDA:1,listWorkLocations
FNDA:2,getMyNotifications
FNDA:1,markNotificationsRead
FNDA:1,getEmergencyContacts
FNDA:2,addEmergencyContact
FNDA:2,deleteEmergencyContact
FNDA:1,getSkills
FNDA:2,addSkill
FNDA:2,deleteSkill
FNDA:0,getAllPendingChangeRequests
FNDA:4,getProfileCompleteness
FNDA:2,sendCompletenessReminder
FNDA:0,getDocuments
FNDA:0,addDocumentRecord
FNDA:0,deleteDocument
FNDA:0,getMyTeam
FNDA:0,getEmploymentTimeline
FNDA:0,(anonymous_39)
FNDA:0,getEmployeeForPdf
FNDA:0,getEmployeeNotes
FNDA:0,addEmployeeNote
FNDA:0,getTeamPendingChangeRequests
FNDA:0,updateProfilePhoto
FNDA:0,assignEmployeeRole
FNDA:0,getFieldVisibility
FNDA:0,updateFieldVisibility
FNDA:0,updateEmergencyContact
DA:8,1
DA:9,1
DA:10,1
DA:15,1
DA:16,1
DA:21,5
DA:24,5
DA:26,5
DA:28,5
DA:29,1
DA:36,5
DA:37,5
DA:38,5
DA:39,5
DA:41,5
DA:42,1
DA:45,5
DA:46,1
DA:49,5
DA:74,5
DA:78,2
DA:105,2
DA:106,1
DA:110,2
DA:135,2
DA:136,1
DA:140,9
DA:145,9
DA:146,2
DA:155,7
DA:160,7
DA:161,6
DA:162,5
DA:164,4
DA:165,2
DA:166,2
DA:169,2
DA:171,2
DA:183,2
DA:192,2
DA:196,4
DA:197,4
DA:199,3
DA:200,3
DA:201,2
DA:203,3
DA:205,3
DA:206,3
DA:207,3
DA:217,3
DA:223,3
DA:226,3
DA:230,4
DA:231,4
DA:232,3
DA:233,1
DA:236,2
DA:246,2
DA:257,2
DA:262,3
DA:263,3
DA:264,2
DA:265,1
DA:268,1
DA:278,1
DA:289,1
DA:294,2
DA:295,2
DA:297,1
DA:299,1
DA:310,1
DA:319,1
DA:323,2
DA:324,2
DA:325,2
DA:327,2
DA:341,2
DA:345,5
DA:349,5
DA:352,4
DA:353,1
DA:356,3
DA:357,1
DA:360,2
DA:363,2
DA:369,2
DA:370,2
DA:376,2
DA:381,1
DA:383,1
DA:394,1
DA:399,2
DA:418,2
DA:419,1
DA:424,1
DA:425,1
DA:427,1
DA:437,1
DA:440,2
DA:441,2
DA:442,1
DA:446,1
DA:447,1
DA:448,1
DA:455,1
DA:459,2
DA:460,2
DA:462,1
DA:470,6
DA:471,6
DA:473,5
DA:474,5
DA:476,4
DA:477,2
DA:480,2
DA:485,2
DA:494,1
DA:499,2
DA:500,2
DA:501,2
DA:503,2
DA:509,2
DA:513,1
DA:523,1
DA:530,2
DA:531,2
DA:534,1
DA:535,0
DA:541,1
DA:547,2
DA:550,2
DA:552,1
DA:557,1
DA:564,2
DA:565,2
DA:568,2
DA:571,2
DA:573,1
DA:579,2
DA:582,2
DA:584,1
DA:589,0
DA:596,0
DA:600,4
DA:604,4
DA:607,3
DA:614,3
DA:615,3
DA:619,2
DA:620,2
DA:622,1
DA:631,1
DA:636,0
DA:643,0
DA:656,0
DA:662,0
DA:673,0
DA:680,0
DA:686,0
DA:692,0
DA:695,0
DA:696,0
DA:706,0
DA:711,0
DA:718,0
DA:719,0
DA:722,0
DA:723,0
DA:726,0
DA:734,0
DA:744,0
DA:755,0
DA:767,0
DA:773,0
DA:784,0
DA:789,0
DA:793,0
DA:796,0
DA:812,0
DA:819,0
DA:830,0
DA:834,0
DA:835,0
DA:841,0
DA:856,1
LF:185
LH:150
BRDA:28,0,0,1
BRDA:28,0,1,4
BRDA:36,1,0,1
BRDA:36,1,1,4
BRDA:37,2,0,0
BRDA:37,2,1,5
BRDA:38,3,0,0
BRDA:38,3,1,5
BRDA:39,4,0,0
BRDA:39,4,1,5
BRDA:41,5,0,1
BRDA:41,5,1,4
BRDA:45,6,0,1
BRDA:45,6,1,4
BRDA:46,7,0,1
BRDA:46,7,1,1
BRDA:105,8,0,1
BRDA:105,8,1,1
BRDA:135,9,0,1
BRDA:135,9,1,1
BRDA:145,10,0,2
BRDA:145,10,1,7
BRDA:147,11,0,1
BRDA:147,11,1,1
BRDA:160,12,0,1
BRDA:160,12,1,6
BRDA:161,13,0,1
BRDA:161,13,1,5
BRDA:162,14,0,1
BRDA:162,14,1,4
BRDA:164,15,0,2
BRDA:164,15,1,2
BRDA:166,16,0,2
BRDA:166,16,1,0
BRDA:166,17,0,2
BRDA:166,17,1,1
BRDA:197,18,0,1
BRDA:197,18,1,3
BRDA:200,19,0,2
BRDA:200,19,1,1
BRDA:200,20,0,3
BRDA:200,20,1,2
BRDA:201,21,0,2
BRDA:201,21,1,1
BRDA:201,22,0,2
BRDA:201,22,1,1
BRDA:206,23,0,3
BRDA:206,23,1,3
BRDA:212,24,0,3
BRDA:212,24,1,0
BRDA:231,25,0,1
BRDA:231,25,1,3
BRDA:232,26,0,1
BRDA:232,26,1,2
BRDA:241,27,0,0
BRDA:241,27,1,2
BRDA:263,28,0,1
BRDA:263,28,1,2
BRDA:264,29,0,1
BRDA:264,29,1,1
BRDA:295,30,0,1
BRDA:295,30,1,1
BRDA:297,31,0,1
BRDA:297,31,1,0
BRDA:297,32,0,1
BRDA:297,32,1,0
BRDA:325,33,0,1
BRDA:325,33,1,1
BRDA:349,34,0,1
BRDA:349,34,1,4
BRDA:352,35,0,1
BRDA:352,35,1,3
BRDA:352,36,0,4
BRDA:352,36,1,1
BRDA:352,36,2,1
BRDA:356,37,0,1
BRDA:356,37,1,2
BRDA:369,38,0,2
BRDA:369,38,1,0
BRDA:418,39,0,1
BRDA:418,39,1,1
BRDA:423,40,0,1
BRDA:425,41,0,0
BRDA:425,41,1,1
BRDA:441,42,0,1
BRDA:441,42,1,1
BRDA:445,43,0,1
BRDA:447,44,0,0
BRDA:447,44,1,1
BRDA:460,45,0,1
BRDA:460,45,1,1
BRDA:471,46,0,1
BRDA:471,46,1,5
BRDA:474,47,0,1
BRDA:474,47,1,4
BRDA:476,48,0,2
BRDA:476,48,1,2
BRDA:476,49,0,4
BRDA:476,49,1,3
BRDA:487,50,0,2
BRDA:487,50,1,2
BRDA:487,51,0,0
BRDA:487,51,1,2
BRDA:487,52,0,2
BRDA:487,52,1,2
BRDA:501,53,0,1
BRDA:501,53,1,1
BRDA:531,54,0,1
BRDA:531,54,1,1
BRDA:534,55,0,0
BRDA:534,55,1,1
BRDA:550,56,0,1
BRDA:550,56,1,1
BRDA:565,57,0,0
BRDA:565,57,1,2
BRDA:571,58,0,1
BRDA:571,58,1,1
BRDA:582,59,0,1
BRDA:582,59,1,1
BRDA:604,60,0,1
BRDA:604,60,1,3
BRDA:620,61,0,1
BRDA:620,61,1,1
BRDA:648,62,0,0
BRDA:648,62,1,0
BRDA:695,63,0,0
BRDA:695,63,1,0
BRDA:695,64,0,0
BRDA:695,64,1,0
BRDA:700,65,0,0
BRDA:700,65,1,0
BRDA:719,66,0,0
BRDA:719,66,1,0
BRDA:722,67,0,0
BRDA:722,67,1,0
BRDA:722,68,0,0
BRDA:722,68,1,0
BRDA:722,68,2,0
BRDA:793,69,0,0
BRDA:793,69,1,0
BRDA:834,70,0,0
BRDA:834,70,1,0
BRF:142
BRH:109
end_of_record
TN:
SF:src\modules\leave\services\leave.service.js
FN:21,getHolidayDatesInRange
FN:32,(anonymous_1)
FN:37,listLeaveTypes
FN:41,createLeaveType
FN:45,listLeavePolicies
FN:49,createLeavePolicy
FN:55,getLeaveBalanceDashboard
FN:62,initializeLeaveBalances
FN:105,adjustLeaveBalance
FN:132,submitLeaveRequest
FN:226,(anonymous_10)
FN:269,updateLeaveRequest
FN:288,cancelLeaveRequest
FN:293,(anonymous_13)
FN:329,processApproval
FN:338,(anonymous_15)
FN:405,bulkProcessRequests
FN:432,delegateApproval
FN:470,listLeaveRequests
FN:497,getManagerInbox
FN:512,(anonymous_20)
FN:535,getLeaveRequestById
FN:541,getMyLeaveRequests
FN:549,listHolidays
FN:553,createHoliday
FN:557,getLeaveAnalytics
FN:569,syncLeaveToPayroll
FN:580,bulkSyncPayroll
FN:613,updateGlobalEntitlements
FNF:29
FNH:27
FNDA:2,getHolidayDatesInRange
FNDA:0,(anonymous_1)
FNDA:1,listLeaveTypes
FNDA:1,createLeaveType
FNDA:1,listLeavePolicies
FNDA:1,createLeavePolicy
FNDA:1,getLeaveBalanceDashboard
FNDA:3,initializeLeaveBalances
FNDA:2,adjustLeaveBalance
FNDA:4,submitLeaveRequest
FNDA:1,(anonymous_10)
FNDA:2,updateLeaveRequest
FNDA:2,cancelLeaveRequest
FNDA:1,(anonymous_13)
FNDA:5,processApproval
FNDA:4,(anonymous_15)
FNDA:2,bulkProcessRequests
FNDA:2,delegateApproval
FNDA:2,listLeaveRequests
FNDA:1,getManagerInbox
FNDA:0,(anonymous_20)
FNDA:1,getLeaveRequestById
FNDA:1,getMyLeaveRequests
FNDA:1,listHolidays
FNDA:1,createHoliday
FNDA:1,getLeaveAnalytics
FNDA:1,syncLeaveToPayroll
FNDA:2,bulkSyncPayroll
FNDA:3,updateGlobalEntitlements
DA:6,1
DA:7,1
DA:8,1
DA:12,1
DA:15,1
DA:16,1
DA:17,1
DA:22,2
DA:25,2
DA:32,2
DA:38,1
DA:42,1
DA:46,1
DA:50,1
DA:56,1
DA:64,3
DA:65,3
DA:67,3
DA:69,2
DA:72,2
DA:73,2
DA:76,2
DA:97,2
DA:100,2
DA:106,2
DA:107,2
DA:113,2
DA:115,1
DA:120,1
DA:127,1
DA:135,4
DA:136,4
DA:137,4
DA:138,4
DA:140,4
DA:141,4
DA:142,4
DA:143,4
DA:145,4
DA:149,4
DA:150,4
DA:152,4
DA:153,0
DA:156,4
DA:157,0
DA:160,4
DA:163,4
DA:181,4
DA:182,0
DA:185,4
DA:186,1
DA:190,3
DA:191,3
DA:192,1
DA:199,2
DA:200,2
DA:201,0
DA:208,2
DA:209,2
DA:213,2
DA:218,2
DA:219,1
DA:226,1
DA:227,1
DA:240,1
DA:245,1
DA:249,1
DA:253,1
DA:254,1
DA:264,1
DA:270,2
DA:271,2
DA:272,1
DA:274,1
DA:289,2
DA:290,2
DA:293,1
DA:294,1
DA:300,1
DA:301,1
DA:305,0
DA:306,0
DA:312,1
DA:315,1
DA:323,1
DA:330,5
DA:334,5
DA:336,4
DA:338,4
DA:339,4
DA:344,4
DA:355,4
DA:356,3
DA:363,1
DA:364,1
DA:369,4
DA:372,4
DA:373,3
DA:378,4
DA:388,4
DA:389,2
DA:399,4
DA:406,2
DA:407,1
DA:410,1
DA:411,1
DA:412,2
DA:413,2
DA:414,2
DA:417,0
DA:421,1
DA:434,2
DA:438,2
DA:442,1
DA:454,1
DA:463,1
DA:472,2
DA:475,2
DA:476,2
DA:477,1
DA:479,2
DA:480,0
DA:484,2
DA:492,2
DA:493,2
DA:498,1
DA:501,1
DA:512,1
DA:515,1
DA:536,1
DA:542,1
DA:550,1
DA:554,1
DA:558,1
DA:559,1
DA:564,1
DA:571,1
DA:577,1
DA:582,2
DA:591,2
DA:592,1
DA:602,2
DA:614,3
DA:615,3
DA:616,3
DA:617,3
DA:619,3
DA:620,2
DA:623,1
DA:633,1
DA:641,1
DA:649,1
LF:152
LH:144
BRDA:45,0,0,1
BRDA:55,1,0,1
BRDA:62,2,0,2
BRDA:64,3,0,1
BRDA:64,3,1,2
BRDA:67,4,0,1
BRDA:67,4,1,2
BRDA:73,5,0,2
BRDA:73,5,1,0
BRDA:113,6,0,1
BRDA:113,6,1,1
BRDA:140,7,0,4
BRDA:140,7,1,0
BRDA:141,8,0,4
BRDA:141,8,1,0
BRDA:142,9,0,4
BRDA:142,9,1,0
BRDA:145,10,0,0
BRDA:145,10,1,4
BRDA:145,11,0,4
BRDA:145,11,1,0
BRDA:146,12,0,0
BRDA:146,12,1,0
BRDA:152,13,0,0
BRDA:152,13,1,4
BRDA:156,14,0,0
BRDA:156,14,1,4
BRDA:156,15,0,4
BRDA:156,15,1,4
BRDA:181,16,0,0
BRDA:181,16,1,4
BRDA:185,17,0,1
BRDA:185,17,1,3
BRDA:191,18,0,1
BRDA:191,18,1,2
BRDA:191,19,0,3
BRDA:191,19,1,3
BRDA:200,20,0,0
BRDA:200,20,1,2
BRDA:200,21,0,2
BRDA:200,21,1,0
BRDA:214,22,0,2
BRDA:214,22,1,2
BRDA:216,23,0,2
BRDA:216,23,1,2
BRDA:218,24,0,1
BRDA:218,24,1,1
BRDA:234,25,0,1
BRDA:234,25,1,0
BRDA:235,26,0,1
BRDA:235,26,1,1
BRDA:253,27,0,1
BRDA:253,27,1,0
BRDA:271,28,0,1
BRDA:271,28,1,1
BRDA:271,29,0,2
BRDA:271,29,1,2
BRDA:277,30,0,0
BRDA:277,30,1,1
BRDA:278,31,0,0
BRDA:278,31,1,1
BRDA:290,32,0,1
BRDA:290,32,1,1
BRDA:300,33,0,1
BRDA:300,33,1,0
BRDA:305,34,0,0
BRDA:305,34,1,0
BRDA:334,35,0,1
BRDA:334,35,1,4
BRDA:336,36,0,3
BRDA:336,36,1,1
BRDA:336,37,0,4
BRDA:336,37,1,4
BRDA:351,38,0,4
BRDA:351,38,1,3
BRDA:355,39,0,3
BRDA:355,39,1,1
BRDA:363,40,0,1
BRDA:363,40,1,0
BRDA:372,41,0,3
BRDA:372,41,1,1
BRDA:380,42,0,3
BRDA:380,42,1,1
BRDA:382,43,0,4
BRDA:382,43,1,3
BRDA:388,44,0,2
BRDA:388,44,1,2
BRDA:388,45,0,4
BRDA:388,45,1,2
BRDA:406,46,0,1
BRDA:406,46,1,1
BRDA:406,47,0,2
BRDA:406,47,1,2
BRDA:435,48,0,2
BRDA:435,48,1,0
BRDA:438,49,0,1
BRDA:438,49,1,1
BRDA:446,50,0,1
BRDA:446,50,1,0
BRDA:447,51,0,1
BRDA:447,51,1,0
BRDA:449,52,0,1
BRDA:449,52,1,1
BRDA:449,52,2,1
BRDA:470,53,0,0
BRDA:476,54,0,1
BRDA:476,54,1,1
BRDA:479,55,0,0
BRDA:479,55,1,2
BRDA:557,56,0,0
BRDA:558,57,0,1
BRDA:558,57,1,0
BRDA:591,58,0,1
BRDA:591,58,1,1
BRDA:591,59,0,2
BRDA:591,59,1,2
BRDA:615,60,0,3
BRDA:615,60,1,2
BRDA:619,61,0,1
BRDA:619,61,1,2
BRDA:620,62,0,1
BRDA:620,62,1,1
BRF:122
BRH:94
end_of_record
TN:
SF:src\modules\payroll\services\payroll.calculator.js
FN:6,getActiveDays
FN:22,calculateAnnualIncomeTax
FN:54,calculateMonthlyIncomeTax
FN:60,getSocialInsuranceConfig
FN:77,calculateOvertimePay
FN:92,calculateEmployeePayroll
FN:138,(anonymous_6)
FN:147,(anonymous_7)
FNF:8
FNH:8
FNDA:23,getActiveDays
FNDA:22,calculateAnnualIncomeTax
FNDA:22,calculateMonthlyIncomeTax
FNDA:22,getSocialInsuranceConfig
FNDA:22,calculateOvertimePay
FNDA:24,calculateEmployeePayroll
FNDA:21,(anonymous_6)
FNDA:21,(anonymous_7)
DA:1,1
DA:2,1
DA:3,1
DA:7,23
DA:8,23
DA:9,23
DA:10,23
DA:11,23
DA:13,23
DA:14,23
DA:16,23
DA:17,23
DA:18,23
DA:24,22
DA:29,22
DA:32,22
DA:33,22
DA:35,22
DA:36,22
DA:38,22
DA:39,22
DA:40,22
DA:41,22
DA:42,22
DA:43,22
DA:45,22
DA:47,22
DA:48,22
DA:49,22
DA:51,22
DA:55,22
DA:56,22
DA:61,22
DA:62,22
DA:70,22
DA:78,22
DA:82,7
DA:83,7
DA:86,7
DA:88,7
DA:94,24
DA:96,23
DA:97,23
DA:99,23
DA:100,23
DA:102,23
DA:108,23
DA:109,23
DA:111,23
DA:114,23
DA:123,23
DA:125,22
DA:126,22
DA:129,22
DA:138,22
DA:139,21
DA:140,21
DA:147,22
DA:152,22
DA:155,22
DA:156,22
DA:157,22
DA:159,22
DA:161,22
DA:162,22
DA:164,22
DA:165,22
DA:167,22
DA:168,22
DA:171,22
DA:172,22
DA:175,22
DA:177,22
DA:178,22
DA:179,22
DA:182,22
DA:185,22
DA:188,22
DA:191,22
DA:196,22
DA:197,22
DA:198,22
DA:200,22
DA:201,22
DA:202,22
DA:219,1
LF:86
LH:86
BRDA:7,0,0,0
BRDA:7,0,1,23
BRDA:11,1,0,0
BRDA:11,1,1,23
BRDA:13,2,0,1
BRDA:13,2,1,22
BRDA:14,3,0,0
BRDA:14,3,1,23
BRDA:14,4,0,23
BRDA:14,4,1,0
BRDA:16,5,0,0
BRDA:16,5,1,23
BRDA:16,6,0,23
BRDA:16,6,1,23
BRDA:29,7,0,0
BRDA:29,7,1,22
BRDA:32,8,0,22
BRDA:32,8,1,0
BRDA:39,9,0,0
BRDA:39,9,1,22
BRDA:41,10,0,0
BRDA:41,10,1,22
BRDA:45,11,0,0
BRDA:45,11,1,22
BRDA:71,12,0,21
BRDA:71,12,1,1
BRDA:72,13,0,21
BRDA:72,13,1,1
BRDA:78,14,0,15
BRDA:78,14,1,7
BRDA:78,15,0,22
BRDA:78,15,1,7
BRDA:86,16,0,7
BRDA:86,16,1,0
BRDA:94,17,0,1
BRDA:94,17,1,23
BRDA:111,18,0,0
BRDA:111,18,1,23
BRDA:123,19,0,1
BRDA:123,19,1,22
BRDA:139,20,0,21
BRDA:139,20,1,21
BRDA:152,21,0,22
BRDA:152,21,1,0
BRDA:155,22,0,22
BRDA:155,22,1,0
BRDA:159,23,0,21
BRDA:159,23,1,1
BRDA:159,24,0,21
BRDA:159,24,1,13
BRDA:161,25,0,22
BRDA:161,25,1,0
BRDA:164,26,0,21
BRDA:164,26,1,1
BRDA:164,27,0,21
BRDA:164,27,1,21
BRDA:167,28,0,22
BRDA:167,28,1,18
BRDA:171,29,0,21
BRDA:171,29,1,1
BRDA:188,30,0,22
BRDA:188,30,1,0
BRDA:192,31,0,1
BRDA:192,31,1,21
BRDA:196,32,0,7
BRDA:196,32,1,15
BRDA:197,33,0,8
BRDA:197,33,1,14
BRDA:198,34,0,0
BRDA:198,34,1,22
BRDA:213,35,0,22
BRDA:213,35,1,0
BRF:72
BRH:54
end_of_record
TN:
SF:src\modules\payroll\services\payroll.service.js
FN:9,calculateAnnualTax
FN:29,getSocialInsuranceConfig
FN:39,listPayGrades
FN:40,createPayGrade
FN:41,listPayTypes
FN:42,createPayType
FN:43,listOvertimeRules
FN:44,createOvertimeRule
FN:45,listAllowances
FN:46,listShiftDifferentials
FN:49,listPayrollPolicies
FN:52,createPayrollPolicy
FN:56,getEmployeeActiveDays
FN:94,listPayrollRuns
FN:109,getPayrollRunById
FN:120,createPayrollRun
FN:134,ensurePayTypes
FN:152,createOrUpdateException
FN:158,processPayrollRun
FN:196,(anonymous_19)
FN:207,(anonymous_20)
FN:227,(anonymous_21)
FN:233,(anonymous_22)
FN:250,(anonymous_23)
FN:255,(anonymous_24)
FN:269,approvePayrollRun
FN:279,finalizePayrollRun
FN:288,generatePayslips
FN:306,getMyPayslips
FN:317,getPayslipById
FN:328,listExceptions
FN:341,resolveException
FN:348,generateBankFile
FN:352,(anonymous_33)
FN:353,(anonymous_34)
FN:358,getPayrollDashboard
FN:369,(anonymous_36)
FN:374,listReimbursements
FN:385,submitReimbursement
FN:398,resolveReimbursement
FNF:40
FNH:14
FNDA:11,calculateAnnualTax
FNDA:7,getSocialInsuranceConfig
FNDA:0,listPayGrades
FNDA:0,createPayGrade
FNDA:0,listPayTypes
FNDA:0,createPayType
FNDA:0,listOvertimeRules
FNDA:0,createOvertimeRule
FNDA:0,listAllowances
FNDA:0,listShiftDifferentials
FNDA:0,listPayrollPolicies
FNDA:0,createPayrollPolicy
FNDA:0,getEmployeeActiveDays
FNDA:0,listPayrollRuns
FNDA:0,getPayrollRunById
FNDA:3,createPayrollRun
FNDA:7,ensurePayTypes
FNDA:7,createOrUpdateException
FNDA:9,processPayrollRun
FNDA:0,(anonymous_19)
FNDA:0,(anonymous_20)
FNDA:0,(anonymous_21)
FNDA:0,(anonymous_22)
FNDA:0,(anonymous_23)
FNDA:0,(anonymous_24)
FNDA:4,approvePayrollRun
FNDA:2,finalizePayrollRun
FNDA:3,generatePayslips
FNDA:0,getMyPayslips
FNDA:5,getPayslipById
FNDA:0,listExceptions
FNDA:3,resolveException
FNDA:2,generateBankFile
FNDA:1,(anonymous_33)
FNDA:1,(anonymous_34)
FNDA:0,getPayrollDashboard
FNDA:0,(anonymous_36)
FNDA:0,listReimbursements
FNDA:0,submitReimbursement
FNDA:0,resolveReimbursement
DA:1,2
DA:2,2
DA:3,2
DA:4,2
DA:5,2
DA:6,2
DA:10,11
DA:11,11
DA:12,7
DA:13,7
DA:14,7
DA:15,7
DA:16,7
DA:17,9
DA:18,5
DA:19,5
DA:20,5
DA:21,5
DA:22,5
DA:23,5
DA:24,5
DA:26,7
DA:30,7
DA:31,7
DA:35,7
DA:39,0
DA:40,0
DA:41,0
DA:42,0
DA:43,0
DA:44,0
DA:45,0
DA:46,0
DA:50,0
DA:53,0
DA:57,0
DA:62,0
DA:63,0
DA:66,0
DA:67,0
DA:68,0
DA:69,0
DA:71,0
DA:72,0
DA:75,0
DA:76,0
DA:79,0
DA:80,0
DA:82,0
DA:95,0
DA:96,0
DA:97,0
DA:98,0
DA:99,0
DA:100,0
DA:106,0
DA:110,0
DA:116,0
DA:117,0
DA:121,3
DA:122,3
DA:123,2
DA:124,2
DA:125,1
DA:135,7
DA:143,7
DA:144,7
DA:145,42
DA:146,42
DA:147,42
DA:149,7
DA:153,7
DA:154,7
DA:155,7
DA:159,9
DA:160,9
DA:161,8
DA:162,7
DA:164,7
DA:165,7
DA:166,7
DA:168,7
DA:169,7
DA:170,7
DA:171,7
DA:173,7
DA:174,7
DA:175,7
DA:179,7
DA:181,6
DA:182,6
DA:187,6
DA:190,6
DA:192,5
DA:196,5
DA:197,5
DA:198,5
DA:200,5
DA:201,5
DA:202,5
DA:203,5
DA:204,5
DA:207,5
DA:209,5
DA:210,5
DA:211,5
DA:212,5
DA:213,0
DA:214,0
DA:216,0
DA:218,0
DA:227,0
DA:230,0
DA:233,0
DA:234,0
DA:242,0
DA:244,0
DA:245,0
DA:246,0
DA:248,0
DA:249,0
DA:250,0
DA:251,0
DA:252,0
DA:253,0
DA:254,0
DA:255,0
DA:257,0
DA:259,5
DA:263,7
DA:264,7
DA:265,7
DA:266,7
DA:270,4
DA:271,4
DA:272,3
DA:273,2
DA:274,2
DA:275,1
DA:276,1
DA:280,2
DA:281,2
DA:282,2
DA:283,1
DA:284,1
DA:285,1
DA:289,3
DA:290,3
DA:291,3
DA:292,2
DA:293,2
DA:294,2
DA:295,2
DA:296,2
DA:297,2
DA:298,1
DA:299,1
DA:300,1
DA:301,1
DA:303,2
DA:307,0
DA:308,0
DA:313,0
DA:314,0
DA:318,5
DA:322,5
DA:323,4
DA:324,4
DA:325,3
DA:329,0
DA:330,0
DA:331,0
DA:332,0
DA:333,0
DA:334,0
DA:338,0
DA:342,3
DA:343,3
DA:344,2
DA:345,1
DA:349,2
DA:350,2
DA:351,2
DA:352,1
DA:353,1
DA:354,1
DA:355,1
DA:359,0
DA:364,0
DA:365,0
DA:369,0
DA:375,0
DA:376,0
DA:377,0
DA:378,0
DA:386,0
DA:387,0
DA:388,0
DA:399,0
DA:406,2
LF:200
LH:122
BRDA:11,0,0,4
BRDA:11,0,1,7
BRDA:12,1,0,7
BRDA:12,1,1,0
BRDA:17,2,0,4
BRDA:17,2,1,5
BRDA:19,3,0,3
BRDA:19,3,1,2
BRDA:35,4,0,7
BRDA:35,4,1,0
BRDA:35,5,0,7
BRDA:35,5,1,0
BRDA:62,6,0,0
BRDA:62,6,1,0
BRDA:68,7,0,0
BRDA:68,7,1,0
BRDA:69,8,0,0
BRDA:69,8,1,0
BRDA:71,9,0,0
BRDA:71,9,1,0
BRDA:72,10,0,0
BRDA:72,10,1,0
BRDA:72,11,0,0
BRDA:72,11,1,0
BRDA:75,12,0,0
BRDA:75,12,1,0
BRDA:75,13,0,0
BRDA:75,13,1,0
BRDA:97,14,0,0
BRDA:97,14,1,0
BRDA:98,15,0,0
BRDA:98,15,1,0
BRDA:99,16,0,0
BRDA:99,16,1,0
BRDA:116,17,0,0
BRDA:116,17,1,0
BRDA:122,18,0,1
BRDA:122,18,1,2
BRDA:124,19,0,1
BRDA:124,19,1,1
BRDA:146,20,0,42
BRDA:146,20,1,0
BRDA:154,21,0,0
BRDA:154,21,1,7
BRDA:160,22,0,1
BRDA:160,22,1,8
BRDA:161,23,0,1
BRDA:161,23,1,7
BRDA:165,24,0,1
BRDA:165,24,1,6
BRDA:179,25,0,1
BRDA:179,25,1,6
BRDA:190,26,0,1
BRDA:190,26,1,5
BRDA:200,27,0,5
BRDA:200,27,1,0
BRDA:202,28,0,5
BRDA:202,28,1,0
BRDA:202,29,0,5
BRDA:202,29,1,5
BRDA:207,30,0,0
BRDA:207,30,1,0
BRDA:216,31,0,0
BRDA:216,31,1,0
BRDA:245,32,0,0
BRDA:245,32,1,0
BRDA:250,33,0,0
BRDA:250,33,1,0
BRDA:251,34,0,0
BRDA:251,34,1,0
BRDA:252,35,0,0
BRDA:252,35,1,0
BRDA:253,36,0,0
BRDA:253,36,1,0
BRDA:254,37,0,0
BRDA:254,37,1,0
BRDA:264,38,0,0
BRDA:264,38,1,7
BRDA:271,39,0,1
BRDA:271,39,1,3
BRDA:272,40,0,1
BRDA:272,40,1,2
BRDA:274,41,0,1
BRDA:274,41,1,1
BRDA:281,42,0,0
BRDA:281,42,1,2
BRDA:282,43,0,1
BRDA:282,43,1,1
BRDA:290,44,0,0
BRDA:290,44,1,3
BRDA:291,45,0,1
BRDA:291,45,1,2
BRDA:297,46,0,1
BRDA:297,46,1,1
BRDA:322,47,0,1
BRDA:322,47,1,4
BRDA:324,48,0,1
BRDA:324,48,1,3
BRDA:324,49,0,4
BRDA:324,49,1,2
BRDA:331,50,0,0
BRDA:331,50,1,0
BRDA:332,51,0,0
BRDA:332,51,1,0
BRDA:333,52,0,0
BRDA:333,52,1,0
BRDA:343,53,0,1
BRDA:343,53,1,2
BRDA:344,54,0,1
BRDA:344,54,1,1
BRDA:350,55,0,0
BRDA:350,55,1,2
BRDA:351,56,0,1
BRDA:351,56,1,1
BRDA:367,57,0,0
BRDA:367,57,1,0
BRDA:368,58,0,0
BRDA:368,58,1,0
BRDA:369,59,0,0
BRDA:369,59,1,0
BRDA:376,60,0,0
BRDA:376,60,1,0
BRDA:377,61,0,0
BRDA:377,61,1,0
BRDA:387,62,0,0
BRDA:387,62,1,0
BRDA:391,63,0,0
BRDA:391,63,1,0
BRDA:393,64,0,0
BRDA:393,64,1,0
BRF:130
BRH:57
end_of_record
TN:
SF:src\shared\constants\index.js
FNF:0
FNH:0
DA:14,2
DA:21,2
DA:28,2
DA:34,2
DA:42,2
DA:52,2
DA:58,2
DA:66,2
DA:69,2
DA:80,2
DA:87,2
DA:101,2
DA:107,2
DA:116,2
DA:123,2
DA:129,2
DA:135,2
DA:141,2
DA:149,2
DA:157,2
DA:182,2
DA:191,2
DA:197,2
LF:23
LH:23
BRF:0
BRH:0
end_of_record
TN:
SF:src\shared\utils\notification.util.js
FN:35,notify
FN:74,notifyMany
FN:75,(anonymous_2)
FNF:3
FNH:0
FNDA:0,notify
FNDA:0,notifyMany
FNDA:0,(anonymous_2)
DA:19,1
DA:20,1
DA:21,1
DA:44,0
DA:45,0
DA:59,0
DA:60,0
DA:65,0
DA:75,0
DA:78,1
LF:10
LH:4
BRDA:42,0,0,0
BRDA:50,1,0,0
BRDA:50,1,1,0
BRDA:53,2,0,0
BRDA:53,2,1,0
BRDA:59,3,0,0
BRDA:59,3,1,0
BRF:7
BRH:0
end_of_record
TN:
SF:src\tests\mocks\prisma.mock.js
FN:424,(anonymous_0)
FN:574,(anonymous_1)
FN:575,(anonymous_2)
FN:577,(anonymous_3)
FNF:4
FNH:0
FNDA:0,(anonymous_0)
FNDA:0,(anonymous_1)
FNDA:0,(anonymous_2)
FNDA:0,(anonymous_3)
DA:3,5
DA:426,0
DA:427,0
DA:431,0
DA:432,0
DA:560,0
DA:563,0
DA:575,0
DA:576,0
DA:577,0
DA:578,0
DA:579,0
DA:587,5
LF:13
LH:2
BRDA:426,0,0,0
BRDA:426,0,1,0
BRDA:431,1,0,0
BRDA:431,1,1,0
BRDA:576,2,0,0
BRDA:576,2,1,0
BRDA:576,3,0,0
BRDA:576,3,1,0
BRDA:576,3,2,0
BRDA:578,4,0,0
BRDA:578,4,1,0
BRF:11
BRH:0
end_of_record
