TN:
SF:src\config\logger.js
FN:30,(anonymous_0)
FNF:1
FNH:0
FNDA:0,(anonymous_0)
DA:17,5
DA:18,5
DA:19,5
DA:21,5
DA:22,5
DA:24,5
DA:26,5
DA:31,0
DA:35,5
DA:41,5
DA:58,5
LF:11
LH:10
BRDA:21,0,0,5
BRDA:21,0,1,5
BRDA:22,1,0,0
BRDA:22,1,1,5
BRDA:31,2,0,0
BRDA:31,2,1,0
BRDA:42,3,0,5
BRDA:42,3,1,5
BRDA:43,4,0,0
BRDA:43,4,1,5
BRF:10
BRH:6
end_of_record
TN:
SF:src\middleware\errorHandler.js
FN:32,(anonymous_0)
FN:41,handlePrismaError
FN:67,errorHandler
FNF:3
FNH:1
FNDA:76,(anonymous_0)
FNDA:0,handlePrismaError
FNDA:0,errorHandler
DA:27,5
DA:28,5
DA:33,76
DA:34,76
DA:35,76
DA:36,76
DA:42,0
DA:43,0
DA:45,0
DA:46,0
DA:49,0
DA:51,0
DA:53,0
DA:55,0
DA:59,0
DA:60,0
DA:63,0
DA:68,0
DA:71,0
DA:72,0
DA:75,0
DA:76,0
DA:77,0
DA:83,0
DA:86,0
DA:87,0
DA:89,0
DA:101,5
LF:28
LH:7
BRDA:32,0,0,0
BRDA:32,1,0,14
BRDA:42,2,0,0
BRDA:42,2,1,0
BRDA:43,3,0,0
BRDA:43,3,1,0
BRDA:43,3,2,0
BRDA:43,3,3,0
BRDA:43,3,4,0
BRDA:45,4,0,0
BRDA:45,4,1,0
BRDA:59,5,0,0
BRDA:59,5,1,0
BRDA:72,6,0,0
BRDA:72,6,1,0
BRDA:76,7,0,0
BRDA:76,7,1,0
BRDA:86,8,0,0
BRDA:86,8,1,0
BRDA:92,9,0,0
BRDA:92,9,1,0
BRDA:93,10,0,0
BRDA:93,10,1,0
BRDA:94,11,0,0
BRDA:94,11,1,0
BRDA:96,12,0,0
BRDA:96,12,1,0
BRDA:96,12,2,0
BRF:28
BRH:1
end_of_record
TN:
SF:src\middleware\validate.js
FN:27,validate
FN:28,(anonymous_1)
FN:36,(anonymous_2)
FN:66,sendSuccess
FN:75,getPagination
FN:85,buildPaginationMeta
FNF:6
FNH:0
FNDA:0,validate
FNDA:0,(anonymous_1)
FNDA:0,(anonymous_2)
FNDA:0,sendSuccess
FNDA:0,getPagination
FNDA:0,buildPaginationMeta
DA:21,1
DA:28,0
DA:29,0
DA:35,0
DA:36,0
DA:41,0
DA:52,0
DA:53,0
DA:67,0
DA:68,0
DA:69,0
DA:76,0
DA:77,0
DA:81,0
DA:82,0
DA:86,0
DA:96,1
LF:17
LH:2
BRDA:27,0,0,0
BRDA:35,1,0,0
BRDA:35,1,1,0
BRDA:66,2,0,0
BRDA:66,3,0,0
BRDA:68,4,0,0
BRDA:68,4,1,0
BRDA:76,5,0,0
BRDA:76,5,1,0
BRDA:78,6,0,0
BRDA:78,6,1,0
BRDA:78,6,2,0
BRDA:79,7,0,0
BRDA:79,7,1,0
BRF:14
BRH:0
end_of_record
TN:
SF:src\modules\attendance\services\attendance.service.js
FN:49,getActiveShiftForEmployee
FN:64,combineDateTime
FN:77,checkIn
FN:152,checkOut
FN:202,calcEarlyDeparture
FN:215,getTodayStatus
FN:255,getDashboardKPIs
FN:269,(anonymous_7)
FN:282,(anonymous_8)
FN:311,listAttendance
FN:343,getAttendanceRecord
FN:361,createManualAttendance
FN:403,submitCorrectionRequest
FN:437,reviewCorrectionRequest
FN:502,listCorrectionRequests
FN:528,submitOvertimeRequest
FN:565,approveOvertimeRequest
FN:599,listShifts
FN:607,assignShift
FN:665,generateAttendanceSummary
FN:740,getAttendanceSummary
FN:756,markAttendanceAsOnLeave
FN:765,(anonymous_22)
FN:793,getRecentActivity
FN:814,getAttendanceCalendar
FN:838,(anonymous_25)
FNF:26
FNH:23
FNDA:4,getActiveShiftForEmployee
FNDA:2,combineDateTime
FNDA:4,checkIn
FNDA:4,checkOut
FNDA:1,calcEarlyDeparture
FNDA:2,getTodayStatus
FNDA:1,getDashboardKPIs
FNDA:1,(anonymous_7)
FNDA:1,(anonymous_8)
FNDA:1,listAttendance
FNDA:2,getAttendanceRecord
FNDA:2,createManualAttendance
FNDA:2,submitCorrectionRequest
FNDA:2,reviewCorrectionRequest
FNDA:0,listCorrectionRequests
FNDA:2,submitOvertimeRequest
FNDA:2,approveOvertimeRequest
FNDA:0,listShifts
FNDA:7,assignShift
FNDA:2,generateAttendanceSummary
FNDA:1,getAttendanceSummary
FNDA:1,markAttendanceAsOnLeave
FNDA:3,(anonymous_22)
FNDA:0,getRecentActivity
FNDA:1,getAttendanceCalendar
FNDA:1,(anonymous_25)
DA:34,1
DA:35,1
DA:36,1
DA:43,1
DA:44,1
DA:45,1
DA:50,4
DA:59,4
DA:65,2
DA:66,2
DA:67,2
DA:68,2
DA:78,4
DA:79,4
DA:82,4
DA:86,4
DA:89,3
DA:93,3
DA:94,1
DA:98,2
DA:99,2
DA:101,2
DA:102,1
DA:103,1
DA:107,2
DA:109,1
DA:121,1
DA:135,2
DA:144,2
DA:153,4
DA:154,4
DA:156,4
DA:161,4
DA:162,3
DA:163,2
DA:166,1
DA:167,1
DA:168,1
DA:171,1
DA:172,1
DA:173,1
DA:176,1
DA:178,1
DA:190,1
DA:199,1
DA:203,1
DA:204,1
DA:208,1
DA:209,1
DA:210,1
DA:216,2
DA:217,2
DA:218,2
DA:222,2
DA:223,2
DA:224,2
DA:225,2
DA:227,2
DA:234,2
DA:256,1
DA:259,1
DA:260,1
DA:269,1
DA:272,1
DA:273,1
DA:282,1
DA:283,1
DA:288,1
DA:293,1
DA:295,1
DA:296,1
DA:298,0
DA:301,1
DA:312,1
DA:313,1
DA:315,1
DA:316,1
DA:317,1
DA:318,0
DA:319,0
DA:320,0
DA:322,1
DA:323,0
DA:326,1
DA:340,1
DA:344,2
DA:357,2
DA:358,1
DA:363,2
DA:364,2
DA:367,2
DA:375,2
DA:377,1
DA:378,1
DA:380,1
DA:381,0
DA:382,0
DA:383,0
DA:384,0
DA:385,0
DA:388,1
DA:404,2
DA:405,2
DA:406,2
DA:409,1
DA:412,1
DA:414,1
DA:425,1
DA:434,1
DA:438,2
DA:442,2
DA:443,2
DA:444,1
DA:447,1
DA:459,1
DA:461,1
DA:462,1
DA:463,1
DA:464,1
DA:466,1
DA:467,1
DA:468,1
DA:469,1
DA:470,1
DA:473,1
DA:488,1
DA:490,1
DA:499,1
DA:503,0
DA:504,0
DA:505,0
DA:506,0
DA:508,0
DA:523,0
DA:529,2
DA:530,2
DA:532,2
DA:533,1
DA:540,1
DA:553,1
DA:562,1
DA:566,2
DA:569,2
DA:570,2
DA:571,1
DA:574,1
DA:576,1
DA:585,1
DA:594,1
DA:600,0
DA:608,7
DA:609,7
DA:611,6
DA:612,1
DA:614,5
DA:616,5
DA:619,4
DA:620,1
DA:623,3
DA:624,1
DA:629,2
DA:636,2
DA:638,1
DA:643,1
DA:666,2
DA:668,2
DA:675,2
DA:686,2
DA:687,1
DA:688,1
DA:689,1
DA:690,1
DA:691,1
DA:692,0
DA:693,0
DA:694,0
DA:695,0
DA:696,0
DA:697,0
DA:698,0
DA:699,0
DA:700,0
DA:702,1
DA:705,2
DA:710,2
DA:714,2
DA:730,2
DA:731,1
DA:737,1
DA:741,1
DA:746,1
DA:748,0
DA:751,1
DA:757,1
DA:758,1
DA:759,1
DA:760,1
DA:761,3
DA:762,3
DA:765,1
DA:766,3
DA:788,1
DA:794,0
DA:815,1
DA:816,1
DA:835,1
DA:836,1
DA:837,1
DA:838,1
DA:840,1
DA:841,31
DA:842,31
DA:843,31
DA:845,31
DA:846,1
DA:848,30
DA:853,31
DA:856,1
DA:859,1
LF:219
LH:191
BRDA:59,0,0,4
BRDA:59,0,1,2
BRDA:65,1,0,0
BRDA:65,1,1,2
BRDA:77,2,0,3
BRDA:86,3,0,1
BRDA:86,3,1,3
BRDA:86,4,0,4
BRDA:86,4,1,4
BRDA:93,5,0,1
BRDA:93,5,1,2
BRDA:101,6,0,1
BRDA:101,6,1,1
BRDA:107,7,0,1
BRDA:107,7,1,1
BRDA:114,8,0,1
BRDA:114,8,1,1
BRDA:116,9,0,1
BRDA:116,9,1,1
BRDA:125,10,0,1
BRDA:125,10,1,0
BRDA:129,11,0,1
BRDA:129,11,1,0
BRDA:139,12,0,1
BRDA:139,12,1,1
BRDA:144,13,0,2
BRDA:144,13,1,1
BRDA:152,14,0,3
BRDA:161,15,0,1
BRDA:161,15,1,3
BRDA:162,16,0,1
BRDA:162,16,1,2
BRDA:163,17,0,1
BRDA:163,17,1,1
BRDA:166,18,0,1
BRDA:166,18,1,0
BRDA:171,19,0,1
BRDA:171,19,1,0
BRDA:185,20,0,1
BRDA:185,20,1,0
BRDA:194,21,0,1
BRDA:194,21,1,0
BRDA:203,22,0,0
BRDA:203,22,1,1
BRDA:208,23,0,0
BRDA:208,23,1,1
BRDA:223,24,0,1
BRDA:223,24,1,1
BRDA:223,25,0,2
BRDA:223,25,1,1
BRDA:224,26,0,1
BRDA:224,26,1,1
BRDA:225,27,0,0
BRDA:225,27,1,2
BRDA:227,28,0,1
BRDA:227,28,1,1
BRDA:229,29,0,0
BRDA:229,29,1,1
BRDA:236,30,0,2
BRDA:236,30,1,1
BRDA:237,31,0,2
BRDA:237,31,1,2
BRDA:238,32,0,2
BRDA:238,32,1,2
BRDA:239,33,0,2
BRDA:239,33,1,2
BRDA:240,34,0,1
BRDA:240,34,1,1
BRDA:269,35,0,1
BRDA:269,35,1,0
BRDA:282,36,0,1
BRDA:282,36,1,1
BRDA:283,37,0,1
BRDA:283,37,1,0
BRDA:295,38,0,1
BRDA:295,38,1,0
BRDA:315,39,0,0
BRDA:315,39,1,1
BRDA:316,40,0,0
BRDA:316,40,1,1
BRDA:317,41,0,0
BRDA:317,41,1,1
BRDA:317,42,0,1
BRDA:317,42,1,1
BRDA:319,43,0,0
BRDA:319,43,1,0
BRDA:320,44,0,0
BRDA:320,44,1,0
BRDA:322,45,0,0
BRDA:322,45,1,1
BRDA:357,46,0,1
BRDA:357,46,1,1
BRDA:364,47,0,0
BRDA:364,47,1,2
BRDA:375,48,0,1
BRDA:375,48,1,1
BRDA:380,49,0,0
BRDA:380,49,1,1
BRDA:380,50,0,1
BRDA:380,50,1,0
BRDA:382,51,0,0
BRDA:382,51,1,0
BRDA:384,52,0,0
BRDA:384,52,1,0
BRDA:392,53,0,0
BRDA:392,53,1,1
BRDA:393,54,0,0
BRDA:393,54,1,1
BRDA:394,55,0,0
BRDA:394,55,1,1
BRDA:405,56,0,0
BRDA:405,56,1,2
BRDA:406,57,0,1
BRDA:406,57,1,1
BRDA:412,58,0,0
BRDA:412,58,1,1
BRDA:418,59,0,0
BRDA:418,59,1,1
BRDA:419,60,0,0
BRDA:419,60,1,1
BRDA:442,61,0,0
BRDA:442,61,1,2
BRDA:443,62,0,1
BRDA:443,62,1,1
BRDA:453,63,0,1
BRDA:453,63,1,1
BRDA:459,64,0,1
BRDA:459,64,1,0
BRDA:461,65,0,1
BRDA:461,65,1,1
BRDA:462,66,0,1
BRDA:462,66,1,1
BRDA:466,67,0,1
BRDA:466,67,1,0
BRDA:466,68,0,1
BRDA:466,68,1,1
BRDA:467,69,0,1
BRDA:467,69,1,0
BRDA:469,70,0,1
BRDA:469,70,1,0
BRDA:477,71,0,1
BRDA:477,71,1,1
BRDA:478,72,0,1
BRDA:478,72,1,1
BRDA:479,73,0,0
BRDA:479,73,1,1
BRDA:494,74,0,0
BRDA:494,74,1,1
BRDA:505,75,0,0
BRDA:505,75,1,0
BRDA:506,76,0,0
BRDA:506,76,1,0
BRDA:530,77,0,0
BRDA:530,77,1,2
BRDA:532,78,0,1
BRDA:532,78,1,1
BRDA:546,79,0,1
BRDA:546,79,1,1
BRDA:569,80,0,0
BRDA:569,80,1,2
BRDA:570,81,0,1
BRDA:570,81,1,1
BRDA:574,82,0,1
BRDA:574,82,1,0
BRDA:609,83,0,1
BRDA:609,83,1,6
BRDA:611,84,0,1
BRDA:611,84,1,5
BRDA:611,85,0,6
BRDA:611,85,1,5
BRDA:616,86,0,1
BRDA:616,86,1,4
BRDA:619,87,0,1
BRDA:619,87,1,3
BRDA:623,88,0,1
BRDA:623,88,1,2
BRDA:636,89,0,1
BRDA:636,89,1,1
BRDA:648,90,0,0
BRDA:648,90,1,1
BRDA:687,91,0,1
BRDA:687,91,1,0
BRDA:687,92,0,1
BRDA:687,92,1,0
BRDA:689,93,0,1
BRDA:689,93,1,0
BRDA:690,94,0,1
BRDA:690,94,1,0
BRDA:691,95,0,1
BRDA:691,95,1,1
BRDA:692,96,0,0
BRDA:692,96,1,0
BRDA:694,97,0,0
BRDA:694,97,1,0
BRDA:696,98,0,0
BRDA:696,98,1,0
BRDA:698,99,0,0
BRDA:698,99,1,0
BRDA:700,100,0,0
BRDA:700,100,1,0
BRDA:705,101,0,1
BRDA:705,101,1,1
BRDA:706,102,0,0
BRDA:706,102,1,1
BRDA:730,103,0,1
BRDA:730,103,1,1
BRDA:746,104,0,0
BRDA:746,104,1,1
BRDA:793,105,0,0
BRDA:843,106,0,31
BRDA:843,106,1,26
BRDA:845,107,0,1
BRDA:845,107,1,30
BRDA:850,108,0,9
BRDA:850,108,1,21
BRF:215
BRH:147
end_of_record
TN:
SF:src\modules\employee\services\employee.service.js
FN:21,listEmployees
FN:84,getEmployeeById
FN:116,getEmployeeProfile
FN:146,createEmployee
FN:208,updateEmployee
FN:220,(anonymous_5)
FN:221,(anonymous_6)
FN:238,(anonymous_7)
FN:244,terminateEmployee
FN:276,reactivateEmployee
FN:308,submitChangeRequest
FN:337,listChangeRequests
FN:359,reviewChangeRequest
FN:395,getAuditLog
FN:413,getOrgChart
FN:438,listDepartments
FN:452,createDepartment
FN:454,updateDepartment
FN:460,listPositions
FN:470,createPosition
FN:473,getSalaryHistory
FN:484,createSalaryRecord
FN:508,listWorkLocations
FN:513,getMyNotifications
FN:527,markNotificationsRead
FN:537,getEmergencyContacts
FN:544,addEmergencyContact
FN:561,deleteEmergencyContact
FN:571,getSkills
FN:578,addSkill
FN:593,deleteSkill
FN:603,getAllPendingChangeRequests
FN:614,getProfileCompleteness
FN:633,sendCompletenessReminder
FN:650,getDocuments
FN:657,addDocumentRecord
FN:670,deleteDocument
FN:675,getMyTeam
FN:693,getEmploymentTimeline
FN:721,(anonymous_39)
FN:725,getEmployeeForPdf
FN:732,getEmployeeNotes
FN:748,addEmployeeNote
FN:758,getTeamPendingChangeRequests
FN:769,updateProfilePhoto
FN:777,assignEmployeeRole
FN:802,getFieldVisibility
FN:825,updateFieldVisibility
FN:847,updateEmergencyContact
FNF:49
FNH:33
FNDA:5,listEmployees
FNDA:2,getEmployeeById
FNDA:2,getEmployeeProfile
FNDA:9,createEmployee
FNDA:4,updateEmployee
FNDA:3,(anonymous_5)
FNDA:3,(anonymous_6)
FNDA:3,(anonymous_7)
FNDA:4,terminateEmployee
FNDA:3,reactivateEmployee
FNDA:2,submitChangeRequest
FNDA:2,listChangeRequests
FNDA:5,reviewChangeRequest
FNDA:1,getAuditLog
FNDA:2,getOrgChart
FNDA:1,listDepartments
FNDA:1,createDepartment
FNDA:2,updateDepartment
FNDA:1,listPositions
FNDA:1,createPosition
FNDA:2,getSalaryHistory
FNDA:6,createSalaryRecord
FNDA:1,listWorkLocations
FNDA:2,getMyNotifications
FNDA:1,markNotificationsRead
FNDA:1,getEmergencyContacts
FNDA:2,addEmergencyContact
FNDA:2,deleteEmergencyContact
FNDA:1,getSkills
FNDA:2,addSkill
FNDA:2,deleteSkill
FNDA:0,getAllPendingChangeRequests
FNDA:4,getProfileCompleteness
FNDA:2,sendCompletenessReminder
FNDA:0,getDocuments
FNDA:0,addDocumentRecord
FNDA:0,deleteDocument
FNDA:0,getMyTeam
FNDA:0,getEmploymentTimeline
FNDA:0,(anonymous_39)
FNDA:0,getEmployeeForPdf
FNDA:0,getEmployeeNotes
FNDA:0,addEmployeeNote
FNDA:0,getTeamPendingChangeRequests
FNDA:0,updateProfilePhoto
FNDA:0,assignEmployeeRole
FNDA:0,getFieldVisibility
FNDA:0,updateFieldVisibility
FNDA:0,updateEmergencyContact
DA:8,1
DA:9,1
DA:10,1
DA:15,1
DA:16,1
DA:18,1
DA:22,5
DA:25,5
DA:27,5
DA:29,5
DA:30,1
DA:37,5
DA:38,5
DA:39,5
DA:40,5
DA:42,5
DA:43,1
DA:46,5
DA:47,1
DA:50,5
DA:81,5
DA:85,2
DA:112,2
DA:113,1
DA:117,2
DA:142,2
DA:143,1
DA:147,9
DA:152,9
DA:153,2
DA:162,7
DA:167,7
DA:168,6
DA:169,5
DA:171,4
DA:172,2
DA:173,2
DA:176,2
DA:178,2
DA:190,2
DA:199,2
DA:200,2
DA:201,2
DA:203,0
DA:205,2
DA:209,4
DA:210,4
DA:211,4
DA:212,3
DA:213,3
DA:214,3
DA:215,2
DA:217,3
DA:219,3
DA:220,3
DA:221,3
DA:230,3
DA:231,3
DA:238,3
DA:241,3
DA:245,4
DA:246,4
DA:247,3
DA:248,1
DA:251,2
DA:261,2
DA:272,2
DA:277,3
DA:278,3
DA:279,2
DA:280,1
DA:283,1
DA:293,1
DA:304,1
DA:309,2
DA:310,2
DA:312,1
DA:314,1
DA:325,1
DA:334,1
DA:338,2
DA:339,2
DA:340,2
DA:342,2
DA:356,2
DA:360,5
DA:364,5
DA:367,4
DA:368,1
DA:371,3
DA:372,1
DA:375,2
DA:378,2
DA:384,2
DA:385,2
DA:391,2
DA:396,1
DA:398,1
DA:409,1
DA:414,2
DA:433,2
DA:434,1
DA:439,1
DA:440,1
DA:442,1
DA:452,1
DA:455,2
DA:456,2
DA:457,1
DA:461,1
DA:462,1
DA:463,1
DA:470,1
DA:474,2
DA:475,2
DA:477,1
DA:485,6
DA:486,6
DA:488,5
DA:489,5
DA:491,4
DA:492,2
DA:495,2
DA:500,2
DA:509,1
DA:514,2
DA:515,2
DA:516,2
DA:518,2
DA:524,2
DA:528,1
DA:538,1
DA:545,2
DA:546,2
DA:549,1
DA:550,0
DA:556,1
DA:562,2
DA:565,2
DA:567,1
DA:572,1
DA:579,2
DA:580,2
DA:583,2
DA:586,2
DA:588,1
DA:594,2
DA:597,2
DA:599,1
DA:604,0
DA:611,0
DA:615,4
DA:619,4
DA:622,3
DA:629,3
DA:630,3
DA:634,2
DA:635,2
DA:637,1
DA:646,1
DA:651,0
DA:658,0
DA:671,0
DA:677,0
DA:688,0
DA:695,0
DA:701,0
DA:707,0
DA:710,0
DA:711,0
DA:721,0
DA:726,0
DA:733,0
DA:734,0
DA:737,0
DA:738,0
DA:741,0
DA:749,0
DA:759,0
DA:770,0
DA:782,0
DA:788,0
DA:799,0
DA:804,0
DA:808,0
DA:811,0
DA:827,0
DA:834,0
DA:845,0
DA:849,0
DA:850,0
DA:856,0
DA:871,1
LF:193
LH:157
BRDA:29,0,0,1
BRDA:29,0,1,4
BRDA:37,1,0,1
BRDA:37,1,1,4
BRDA:38,2,0,0
BRDA:38,2,1,5
BRDA:39,3,0,0
BRDA:39,3,1,5
BRDA:40,4,0,0
BRDA:40,4,1,5
BRDA:42,5,0,1
BRDA:42,5,1,4
BRDA:46,6,0,1
BRDA:46,6,1,4
BRDA:47,7,0,1
BRDA:47,7,1,1
BRDA:112,8,0,1
BRDA:112,8,1,1
BRDA:142,9,0,1
BRDA:142,9,1,1
BRDA:152,10,0,2
BRDA:152,10,1,7
BRDA:154,11,0,1
BRDA:154,11,1,1
BRDA:167,12,0,1
BRDA:167,12,1,6
BRDA:168,13,0,1
BRDA:168,13,1,5
BRDA:169,14,0,1
BRDA:169,14,1,4
BRDA:171,15,0,2
BRDA:171,15,1,2
BRDA:173,16,0,2
BRDA:173,16,1,0
BRDA:173,17,0,2
BRDA:173,17,1,1
BRDA:211,18,0,1
BRDA:211,18,1,3
BRDA:214,19,0,2
BRDA:214,19,1,1
BRDA:214,20,0,3
BRDA:214,20,1,2
BRDA:215,21,0,2
BRDA:215,21,1,1
BRDA:215,22,0,2
BRDA:215,22,1,1
BRDA:220,23,0,3
BRDA:220,23,1,3
BRDA:226,24,0,3
BRDA:226,24,1,0
BRDA:246,25,0,1
BRDA:246,25,1,3
BRDA:247,26,0,1
BRDA:247,26,1,2
BRDA:256,27,0,0
BRDA:256,27,1,2
BRDA:278,28,0,1
BRDA:278,28,1,2
BRDA:279,29,0,1
BRDA:279,29,1,1
BRDA:310,30,0,1
BRDA:310,30,1,1
BRDA:312,31,0,1
BRDA:312,31,1,0
BRDA:312,32,0,1
BRDA:312,32,1,0
BRDA:340,33,0,1
BRDA:340,33,1,1
BRDA:364,34,0,1
BRDA:364,34,1,4
BRDA:367,35,0,1
BRDA:367,35,1,3
BRDA:367,36,0,4
BRDA:367,36,1,1
BRDA:367,36,2,1
BRDA:371,37,0,1
BRDA:371,37,1,2
BRDA:384,38,0,2
BRDA:384,38,1,0
BRDA:433,39,0,1
BRDA:433,39,1,1
BRDA:438,40,0,1
BRDA:440,41,0,0
BRDA:440,41,1,1
BRDA:456,42,0,1
BRDA:456,42,1,1
BRDA:460,43,0,1
BRDA:462,44,0,0
BRDA:462,44,1,1
BRDA:475,45,0,1
BRDA:475,45,1,1
BRDA:486,46,0,1
BRDA:486,46,1,5
BRDA:489,47,0,1
BRDA:489,47,1,4
BRDA:491,48,0,2
BRDA:491,48,1,2
BRDA:491,49,0,4
BRDA:491,49,1,3
BRDA:502,50,0,2
BRDA:502,50,1,2
BRDA:502,51,0,0
BRDA:502,51,1,2
BRDA:502,52,0,2
BRDA:502,52,1,2
BRDA:516,53,0,1
BRDA:516,53,1,1
BRDA:546,54,0,1
BRDA:546,54,1,1
BRDA:549,55,0,0
BRDA:549,55,1,1
BRDA:565,56,0,1
BRDA:565,56,1,1
BRDA:580,57,0,0
BRDA:580,57,1,2
BRDA:586,58,0,1
BRDA:586,58,1,1
BRDA:597,59,0,1
BRDA:597,59,1,1
BRDA:619,60,0,1
BRDA:619,60,1,3
BRDA:635,61,0,1
BRDA:635,61,1,1
BRDA:663,62,0,0
BRDA:663,62,1,0
BRDA:710,63,0,0
BRDA:710,63,1,0
BRDA:710,64,0,0
BRDA:710,64,1,0
BRDA:715,65,0,0
BRDA:715,65,1,0
BRDA:734,66,0,0
BRDA:734,66,1,0
BRDA:737,67,0,0
BRDA:737,67,1,0
BRDA:737,68,0,0
BRDA:737,68,1,0
BRDA:737,68,2,0
BRDA:808,69,0,0
BRDA:808,69,1,0
BRDA:849,70,0,0
BRDA:849,70,1,0
BRF:142
BRH:109
end_of_record
TN:
SF:src\modules\leave\services\leave.service.js
FN:21,getHolidayDatesInRange
FN:32,(anonymous_1)
FN:37,listLeaveTypes
FN:41,createLeaveType
FN:45,listLeavePolicies
FN:49,createLeavePolicy
FN:55,getLeaveBalanceDashboard
FN:62,initializeLeaveBalances
FN:105,adjustLeaveBalance
FN:132,submitLeaveRequest
FN:226,(anonymous_10)
FN:269,updateLeaveRequest
FN:288,cancelLeaveRequest
FN:293,(anonymous_13)
FN:329,processApproval
FN:338,(anonymous_15)
FN:405,bulkProcessRequests
FN:432,delegateApproval
FN:470,listLeaveRequests
FN:497,getManagerInbox
FN:512,(anonymous_20)
FN:535,getLeaveRequestById
FN:541,getMyLeaveRequests
FN:549,listHolidays
FN:553,createHoliday
FN:557,getLeaveAnalytics
FN:569,syncLeaveToPayroll
FN:580,bulkSyncPayroll
FN:613,updateGlobalEntitlements
FNF:29
FNH:27
FNDA:2,getHolidayDatesInRange
FNDA:0,(anonymous_1)
FNDA:1,listLeaveTypes
FNDA:1,createLeaveType
FNDA:1,listLeavePolicies
FNDA:1,createLeavePolicy
FNDA:1,getLeaveBalanceDashboard
FNDA:3,initializeLeaveBalances
FNDA:2,adjustLeaveBalance
FNDA:4,submitLeaveRequest
FNDA:1,(anonymous_10)
FNDA:2,updateLeaveRequest
FNDA:2,cancelLeaveRequest
FNDA:1,(anonymous_13)
FNDA:5,processApproval
FNDA:4,(anonymous_15)
FNDA:2,bulkProcessRequests
FNDA:2,delegateApproval
FNDA:2,listLeaveRequests
FNDA:1,getManagerInbox
FNDA:0,(anonymous_20)
FNDA:1,getLeaveRequestById
FNDA:1,getMyLeaveRequests
FNDA:1,listHolidays
FNDA:1,createHoliday
FNDA:1,getLeaveAnalytics
FNDA:1,syncLeaveToPayroll
FNDA:2,bulkSyncPayroll
FNDA:3,updateGlobalEntitlements
DA:6,1
DA:7,1
DA:8,1
DA:12,1
DA:15,1
DA:16,1
DA:17,1
DA:22,2
DA:25,2
DA:32,2
DA:38,1
DA:42,1
DA:46,1
DA:50,1
DA:56,1
DA:64,3
DA:65,3
DA:67,3
DA:69,2
DA:72,2
DA:73,2
DA:76,2
DA:97,2
DA:100,2
DA:106,2
DA:107,2
DA:113,2
DA:115,1
DA:120,1
DA:127,1
DA:135,4
DA:136,4
DA:137,4
DA:138,4
DA:140,4
DA:141,4
DA:142,4
DA:143,4
DA:145,4
DA:149,4
DA:150,4
DA:152,4
DA:153,0
DA:156,4
DA:157,0
DA:160,4
DA:163,4
DA:181,4
DA:182,0
DA:185,4
DA:186,1
DA:190,3
DA:191,3
DA:192,1
DA:199,2
DA:200,2
DA:201,0
DA:208,2
DA:209,2
DA:213,2
DA:218,2
DA:219,1
DA:226,1
DA:227,1
DA:240,1
DA:245,1
DA:249,1
DA:253,1
DA:254,1
DA:264,1
DA:270,2
DA:271,2
DA:272,1
DA:274,1
DA:289,2
DA:290,2
DA:293,1
DA:294,1
DA:300,1
DA:301,1
DA:305,0
DA:306,0
DA:312,1
DA:315,1
DA:323,1
DA:330,5
DA:334,5
DA:336,4
DA:338,4
DA:339,4
DA:344,4
DA:355,4
DA:356,3
DA:363,1
DA:364,1
DA:369,4
DA:372,4
DA:373,3
DA:378,4
DA:388,4
DA:389,2
DA:399,4
DA:406,2
DA:407,1
DA:410,1
DA:411,1
DA:412,2
DA:413,2
DA:414,2
DA:417,0
DA:421,1
DA:434,2
DA:438,2
DA:442,1
DA:454,1
DA:463,1
DA:472,2
DA:475,2
DA:476,2
DA:477,1
DA:479,2
DA:480,0
DA:484,2
DA:492,2
DA:493,2
DA:498,1
DA:501,1
DA:512,1
DA:515,1
DA:536,1
DA:542,1
DA:550,1
DA:554,1
DA:558,1
DA:559,1
DA:564,1
DA:571,1
DA:577,1
DA:582,2
DA:591,2
DA:592,1
DA:602,2
DA:614,3
DA:615,3
DA:616,3
DA:617,3
DA:619,3
DA:620,2
DA:623,1
DA:633,1
DA:641,1
DA:649,1
LF:152
LH:144
BRDA:45,0,0,1
BRDA:55,1,0,1
BRDA:62,2,0,2
BRDA:64,3,0,1
BRDA:64,3,1,2
BRDA:67,4,0,1
BRDA:67,4,1,2
BRDA:73,5,0,2
BRDA:73,5,1,0
BRDA:113,6,0,1
BRDA:113,6,1,1
BRDA:140,7,0,4
BRDA:140,7,1,0
BRDA:141,8,0,4
BRDA:141,8,1,0
BRDA:142,9,0,4
BRDA:142,9,1,0
BRDA:145,10,0,0
BRDA:145,10,1,4
BRDA:145,11,0,4
BRDA:145,11,1,0
BRDA:146,12,0,0
BRDA:146,12,1,0
BRDA:152,13,0,0
BRDA:152,13,1,4
BRDA:156,14,0,0
BRDA:156,14,1,4
BRDA:156,15,0,4
BRDA:156,15,1,4
BRDA:181,16,0,0
BRDA:181,16,1,4
BRDA:185,17,0,1
BRDA:185,17,1,3
BRDA:191,18,0,1
BRDA:191,18,1,2
BRDA:191,19,0,3
BRDA:191,19,1,3
BRDA:200,20,0,0
BRDA:200,20,1,2
BRDA:200,21,0,2
BRDA:200,21,1,0
BRDA:214,22,0,2
BRDA:214,22,1,2
BRDA:216,23,0,2
BRDA:216,23,1,2
BRDA:218,24,0,1
BRDA:218,24,1,1
BRDA:234,25,0,1
BRDA:234,25,1,0
BRDA:235,26,0,1
BRDA:235,26,1,1
BRDA:253,27,0,1
BRDA:253,27,1,0
BRDA:271,28,0,1
BRDA:271,28,1,1
BRDA:271,29,0,2
BRDA:271,29,1,2
BRDA:277,30,0,0
BRDA:277,30,1,1
BRDA:278,31,0,0
BRDA:278,31,1,1
BRDA:290,32,0,1
BRDA:290,32,1,1
BRDA:300,33,0,1
BRDA:300,33,1,0
BRDA:305,34,0,0
BRDA:305,34,1,0
BRDA:334,35,0,1
BRDA:334,35,1,4
BRDA:336,36,0,3
BRDA:336,36,1,1
BRDA:336,37,0,4
BRDA:336,37,1,4
BRDA:351,38,0,4
BRDA:351,38,1,3
BRDA:355,39,0,3
BRDA:355,39,1,1
BRDA:363,40,0,1
BRDA:363,40,1,0
BRDA:372,41,0,3
BRDA:372,41,1,1
BRDA:380,42,0,3
BRDA:380,42,1,1
BRDA:382,43,0,4
BRDA:382,43,1,3
BRDA:388,44,0,2
BRDA:388,44,1,2
BRDA:388,45,0,4
BRDA:388,45,1,2
BRDA:406,46,0,1
BRDA:406,46,1,1
BRDA:406,47,0,2
BRDA:406,47,1,2
BRDA:435,48,0,2
BRDA:435,48,1,0
BRDA:438,49,0,1
BRDA:438,49,1,1
BRDA:446,50,0,1
BRDA:446,50,1,0
BRDA:447,51,0,1
BRDA:447,51,1,0
BRDA:449,52,0,1
BRDA:449,52,1,1
BRDA:449,52,2,1
BRDA:470,53,0,0
BRDA:476,54,0,1
BRDA:476,54,1,1
BRDA:479,55,0,0
BRDA:479,55,1,2
BRDA:557,56,0,0
BRDA:558,57,0,1
BRDA:558,57,1,0
BRDA:591,58,0,1
BRDA:591,58,1,1
BRDA:591,59,0,2
BRDA:591,59,1,2
BRDA:615,60,0,3
BRDA:615,60,1,2
BRDA:619,61,0,1
BRDA:619,61,1,2
BRDA:620,62,0,1
BRDA:620,62,1,1
BRF:122
BRH:94
end_of_record
TN:
SF:src\modules\payroll\services\payroll.calculator.js
FN:6,getActiveDays
FN:22,calculateAnnualIncomeTax
FN:54,calculateMonthlyIncomeTax
FN:60,getSocialInsuranceConfig
FN:77,calculateOvertimePay
FN:92,calculateEmployeePayroll
FN:138,(anonymous_6)
FN:147,(anonymous_7)
FNF:8
FNH:8
FNDA:23,getActiveDays
FNDA:22,calculateAnnualIncomeTax
FNDA:22,calculateMonthlyIncomeTax
FNDA:22,getSocialInsuranceConfig
FNDA:22,calculateOvertimePay
FNDA:24,calculateEmployeePayroll
FNDA:21,(anonymous_6)
FNDA:21,(anonymous_7)
DA:1,1
DA:2,1
DA:3,1
DA:7,23
DA:8,23
DA:9,23
DA:10,23
DA:11,23
DA:13,23
DA:14,23
DA:16,23
DA:17,23
DA:18,23
DA:24,22
DA:29,22
DA:32,22
DA:33,22
DA:35,22
DA:36,22
DA:38,22
DA:39,22
DA:40,22
DA:41,22
DA:42,22
DA:43,22
DA:45,22
DA:47,22
DA:48,22
DA:49,22
DA:51,22
DA:55,22
DA:56,22
DA:61,22
DA:62,22
DA:70,22
DA:78,22
DA:82,7
DA:83,7
DA:86,7
DA:88,7
DA:94,24
DA:96,23
DA:97,23
DA:99,23
DA:100,23
DA:102,23
DA:108,23
DA:109,23
DA:111,23
DA:114,23
DA:123,23
DA:125,22
DA:126,22
DA:129,22
DA:138,22
DA:139,21
DA:140,21
DA:147,22
DA:152,22
DA:155,22
DA:156,22
DA:157,22
DA:159,22
DA:161,22
DA:162,22
DA:164,22
DA:165,22
DA:167,22
DA:168,22
DA:171,22
DA:172,22
DA:176,22
DA:178,22
DA:179,22
DA:180,22
DA:183,22
DA:186,22
DA:188,22
DA:191,22
DA:196,22
DA:197,22
DA:198,22
DA:200,22
DA:201,22
DA:202,22
DA:219,1
LF:86
LH:86
BRDA:7,0,0,0
BRDA:7,0,1,23
BRDA:11,1,0,0
BRDA:11,1,1,23
BRDA:13,2,0,1
BRDA:13,2,1,22
BRDA:14,3,0,0
BRDA:14,3,1,23
BRDA:14,4,0,23
BRDA:14,4,1,0
BRDA:16,5,0,0
BRDA:16,5,1,23
BRDA:16,6,0,23
BRDA:16,6,1,23
BRDA:29,7,0,0
BRDA:29,7,1,22
BRDA:32,8,0,22
BRDA:32,8,1,0
BRDA:39,9,0,0
BRDA:39,9,1,22
BRDA:41,10,0,0
BRDA:41,10,1,22
BRDA:45,11,0,0
BRDA:45,11,1,22
BRDA:71,12,0,21
BRDA:71,12,1,1
BRDA:72,13,0,21
BRDA:72,13,1,1
BRDA:78,14,0,15
BRDA:78,14,1,7
BRDA:78,15,0,22
BRDA:78,15,1,7
BRDA:86,16,0,7
BRDA:86,16,1,0
BRDA:94,17,0,1
BRDA:94,17,1,23
BRDA:111,18,0,0
BRDA:111,18,1,23
BRDA:123,19,0,1
BRDA:123,19,1,22
BRDA:139,20,0,21
BRDA:139,20,1,21
BRDA:152,21,0,22
BRDA:152,21,1,0
BRDA:155,22,0,22
BRDA:155,22,1,0
BRDA:159,23,0,21
BRDA:159,23,1,1
BRDA:159,24,0,21
BRDA:159,24,1,13
BRDA:161,25,0,22
BRDA:161,25,1,0
BRDA:164,26,0,21
BRDA:164,26,1,1
BRDA:164,27,0,21
BRDA:164,27,1,21
BRDA:167,28,0,22
BRDA:167,28,1,18
BRDA:171,29,0,21
BRDA:171,29,1,1
BRDA:188,30,0,22
BRDA:188,30,1,0
BRDA:192,31,0,1
BRDA:192,31,1,21
BRDA:196,32,0,7
BRDA:196,32,1,15
BRDA:197,33,0,8
BRDA:197,33,1,14
BRDA:198,34,0,0
BRDA:198,34,1,22
BRDA:213,35,0,22
BRDA:213,35,1,0
BRF:72
BRH:54
end_of_record
TN:
SF:src\modules\payroll\services\payroll.service.js
FN:9,calculateAnnualTax
FN:29,getSocialInsuranceConfig
FN:39,listPayGrades
FN:40,createPayGrade
FN:41,listPayTypes
FN:42,createPayType
FN:43,listOvertimeRules
FN:44,createOvertimeRule
FN:45,listAllowances
FN:46,listShiftDifferentials
FN:49,listPayrollPolicies
FN:52,createPayrollPolicy
FN:56,getEmployeeActiveDays
FN:94,listPayrollRuns
FN:109,getPayrollRunById
FN:120,createPayrollRun
FN:134,ensurePayTypes
FN:152,createOrUpdateException
FN:159,processPayrollRun
FN:197,(anonymous_19)
FN:208,(anonymous_20)
FN:217,(anonymous_21)
FN:234,(anonymous_22)
FN:251,(anonymous_23)
FN:256,(anonymous_24)
FN:270,approvePayrollRun
FN:280,finalizePayrollRun
FN:289,generatePayslips
FN:307,getMyPayslips
FN:318,getPayslipById
FN:329,listExceptions
FN:342,resolveException
FN:349,generateBankFile
FN:353,(anonymous_33)
FN:354,(anonymous_34)
FN:359,getPayrollDashboard
FN:370,(anonymous_36)
FN:375,listReimbursements
FN:386,submitReimbursement
FN:399,resolveReimbursement
FNF:40
FNH:15
FNDA:16,calculateAnnualTax
FNDA:7,getSocialInsuranceConfig
FNDA:0,listPayGrades
FNDA:0,createPayGrade
FNDA:0,listPayTypes
FNDA:0,createPayType
FNDA:0,listOvertimeRules
FNDA:0,createOvertimeRule
FNDA:0,listAllowances
FNDA:0,listShiftDifferentials
FNDA:0,listPayrollPolicies
FNDA:0,createPayrollPolicy
FNDA:0,getEmployeeActiveDays
FNDA:0,listPayrollRuns
FNDA:0,getPayrollRunById
FNDA:3,createPayrollRun
FNDA:7,ensurePayTypes
FNDA:2,createOrUpdateException
FNDA:9,processPayrollRun
FNDA:0,(anonymous_19)
FNDA:0,(anonymous_20)
FNDA:0,(anonymous_21)
FNDA:0,(anonymous_22)
FNDA:0,(anonymous_23)
FNDA:25,(anonymous_24)
FNDA:4,approvePayrollRun
FNDA:2,finalizePayrollRun
FNDA:3,generatePayslips
FNDA:0,getMyPayslips
FNDA:5,getPayslipById
FNDA:0,listExceptions
FNDA:3,resolveException
FNDA:2,generateBankFile
FNDA:1,(anonymous_33)
FNDA:1,(anonymous_34)
FNDA:0,getPayrollDashboard
FNDA:0,(anonymous_36)
FNDA:0,listReimbursements
FNDA:0,submitReimbursement
FNDA:0,resolveReimbursement
DA:1,2
DA:2,2
DA:3,2
DA:4,2
DA:5,2
DA:6,2
DA:10,16
DA:11,16
DA:12,12
DA:13,12
DA:14,12
DA:15,12
DA:16,12
DA:17,14
DA:18,10
DA:19,10
DA:20,10
DA:21,10
DA:22,10
DA:23,10
DA:24,10
DA:26,12
DA:30,7
DA:31,7
DA:35,7
DA:39,0
DA:40,0
DA:41,0
DA:42,0
DA:43,0
DA:44,0
DA:45,0
DA:46,0
DA:50,0
DA:53,0
DA:57,0
DA:62,0
DA:63,0
DA:66,0
DA:67,0
DA:68,0
DA:69,0
DA:71,0
DA:72,0
DA:75,0
DA:76,0
DA:79,0
DA:80,0
DA:82,0
DA:95,0
DA:96,0
DA:97,0
DA:98,0
DA:99,0
DA:100,0
DA:106,0
DA:110,0
DA:116,0
DA:117,0
DA:121,3
DA:122,3
DA:123,2
DA:124,2
DA:125,1
DA:135,7
DA:143,7
DA:144,7
DA:145,42
DA:146,42
DA:147,42
DA:149,7
DA:153,2
DA:154,2
DA:155,2
DA:156,2
DA:160,9
DA:161,9
DA:162,8
DA:163,7
DA:165,7
DA:166,7
DA:167,7
DA:169,7
DA:170,7
DA:171,7
DA:172,7
DA:174,7
DA:175,7
DA:176,7
DA:180,7
DA:182,6
DA:183,6
DA:188,6
DA:191,6
DA:193,5
DA:197,5
DA:198,5
DA:199,5
DA:201,5
DA:202,5
DA:203,5
DA:204,5
DA:205,5
DA:208,5
DA:209,5
DA:217,5
DA:218,5
DA:219,5
DA:220,5
DA:221,5
DA:222,5
DA:223,5
DA:224,5
DA:226,5
DA:229,5
DA:234,5
DA:235,0
DA:243,5
DA:245,5
DA:246,5
DA:247,5
DA:249,5
DA:251,5
DA:252,5
DA:253,5
DA:254,5
DA:255,5
DA:256,25
DA:258,5
DA:260,0
DA:264,7
DA:265,7
DA:266,7
DA:267,7
DA:271,4
DA:272,4
DA:273,3
DA:274,2
DA:275,2
DA:276,1
DA:277,1
DA:281,2
DA:282,2
DA:283,2
DA:284,1
DA:285,1
DA:286,1
DA:290,3
DA:291,3
DA:292,3
DA:293,2
DA:294,2
DA:295,2
DA:296,2
DA:297,2
DA:298,2
DA:299,1
DA:300,1
DA:301,1
DA:302,1
DA:304,2
DA:308,0
DA:309,0
DA:314,0
DA:315,0
DA:319,5
DA:323,5
DA:324,4
DA:325,4
DA:326,3
DA:330,0
DA:331,0
DA:332,0
DA:333,0
DA:334,0
DA:335,0
DA:339,0
DA:343,3
DA:344,3
DA:345,2
DA:346,1
DA:350,2
DA:351,2
DA:352,2
DA:353,1
DA:354,1
DA:355,1
DA:356,1
DA:360,0
DA:365,0
DA:366,0
DA:370,0
DA:376,0
DA:377,0
DA:378,0
DA:379,0
DA:387,0
DA:388,0
DA:389,0
DA:400,0
DA:407,2
LF:201
LH:142
BRDA:11,0,0,4
BRDA:11,0,1,12
BRDA:12,1,0,12
BRDA:12,1,1,0
BRDA:17,2,0,4
BRDA:17,2,1,10
BRDA:19,3,0,3
BRDA:19,3,1,7
BRDA:35,4,0,7
BRDA:35,4,1,0
BRDA:35,5,0,7
BRDA:35,5,1,0
BRDA:62,6,0,0
BRDA:62,6,1,0
BRDA:68,7,0,0
BRDA:68,7,1,0
BRDA:69,8,0,0
BRDA:69,8,1,0
BRDA:71,9,0,0
BRDA:71,9,1,0
BRDA:72,10,0,0
BRDA:72,10,1,0
BRDA:72,11,0,0
BRDA:72,11,1,0
BRDA:75,12,0,0
BRDA:75,12,1,0
BRDA:75,13,0,0
BRDA:75,13,1,0
BRDA:97,14,0,0
BRDA:97,14,1,0
BRDA:98,15,0,0
BRDA:98,15,1,0
BRDA:99,16,0,0
BRDA:99,16,1,0
BRDA:116,17,0,0
BRDA:116,17,1,0
BRDA:122,18,0,1
BRDA:122,18,1,2
BRDA:124,19,0,1
BRDA:124,19,1,1
BRDA:146,20,0,42
BRDA:146,20,1,0
BRDA:154,21,0,0
BRDA:154,21,1,2
BRDA:155,22,0,2
BRDA:155,22,1,0
BRDA:161,23,0,1
BRDA:161,23,1,8
BRDA:162,24,0,1
BRDA:162,24,1,7
BRDA:166,25,0,1
BRDA:166,25,1,6
BRDA:180,26,0,1
BRDA:180,26,1,6
BRDA:191,27,0,1
BRDA:191,27,1,5
BRDA:201,28,0,5
BRDA:201,28,1,0
BRDA:203,29,0,5
BRDA:203,29,1,0
BRDA:203,30,0,5
BRDA:203,30,1,5
BRDA:208,31,0,0
BRDA:208,31,1,0
BRDA:226,32,0,0
BRDA:226,32,1,5
BRDA:246,33,0,0
BRDA:246,33,1,5
BRDA:251,34,0,0
BRDA:251,34,1,0
BRDA:252,35,0,5
BRDA:252,35,1,0
BRDA:253,36,0,5
BRDA:253,36,1,0
BRDA:254,37,0,5
BRDA:254,37,1,0
BRDA:255,38,0,5
BRDA:255,38,1,0
BRDA:265,39,0,0
BRDA:265,39,1,7
BRDA:272,40,0,1
BRDA:272,40,1,3
BRDA:273,41,0,1
BRDA:273,41,1,2
BRDA:275,42,0,1
BRDA:275,42,1,1
BRDA:282,43,0,0
BRDA:282,43,1,2
BRDA:283,44,0,1
BRDA:283,44,1,1
BRDA:291,45,0,0
BRDA:291,45,1,3
BRDA:292,46,0,1
BRDA:292,46,1,2
BRDA:298,47,0,1
BRDA:298,47,1,1
BRDA:323,48,0,1
BRDA:323,48,1,4
BRDA:325,49,0,1
BRDA:325,49,1,3
BRDA:325,50,0,4
BRDA:325,50,1,2
BRDA:332,51,0,0
BRDA:332,51,1,0
BRDA:333,52,0,0
BRDA:333,52,1,0
BRDA:334,53,0,0
BRDA:334,53,1,0
BRDA:344,54,0,1
BRDA:344,54,1,2
BRDA:345,55,0,1
BRDA:345,55,1,1
BRDA:351,56,0,0
BRDA:351,56,1,2
BRDA:352,57,0,1
BRDA:352,57,1,1
BRDA:368,58,0,0
BRDA:368,58,1,0
BRDA:369,59,0,0
BRDA:369,59,1,0
BRDA:370,60,0,0
BRDA:370,60,1,0
BRDA:377,61,0,0
BRDA:377,61,1,0
BRDA:378,62,0,0
BRDA:378,62,1,0
BRDA:388,63,0,0
BRDA:388,63,1,0
BRDA:392,64,0,0
BRDA:392,64,1,0
BRDA:394,65,0,0
BRDA:394,65,1,0
BRF:132
BRH:64
end_of_record
TN:
SF:src\shared\constants\index.js
FNF:0
FNH:0
DA:14,2
DA:21,2
DA:28,2
DA:34,2
DA:42,2
DA:52,2
DA:58,2
DA:66,2
DA:69,2
DA:80,2
DA:87,2
DA:101,2
DA:107,2
DA:116,2
DA:123,2
DA:129,2
DA:135,2
DA:141,2
DA:149,2
DA:157,2
DA:182,2
DA:191,2
DA:197,2
LF:23
LH:23
BRF:0
BRH:0
end_of_record
TN:
SF:src\shared\utils\notification.util.js
FN:35,notify
FN:74,notifyMany
FN:75,(anonymous_2)
FNF:3
FNH:0
FNDA:0,notify
FNDA:0,notifyMany
FNDA:0,(anonymous_2)
DA:19,1
DA:20,1
DA:21,1
DA:44,0
DA:45,0
DA:59,0
DA:60,0
DA:65,0
DA:75,0
DA:78,1
LF:10
LH:4
BRDA:42,0,0,0
BRDA:50,1,0,0
BRDA:50,1,1,0
BRDA:53,2,0,0
BRDA:53,2,1,0
BRDA:59,3,0,0
BRDA:59,3,1,0
BRF:7
BRH:0
end_of_record
TN:
SF:src\tests\mocks\prisma.mock.js
FN:424,(anonymous_0)
FN:574,(anonymous_1)
FN:575,(anonymous_2)
FN:577,(anonymous_3)
FNF:4
FNH:0
FNDA:0,(anonymous_0)
FNDA:0,(anonymous_1)
FNDA:0,(anonymous_2)
FNDA:0,(anonymous_3)
DA:3,5
DA:426,0
DA:427,0
DA:431,0
DA:432,0
DA:560,0
DA:563,0
DA:575,0
DA:576,0
DA:577,0
DA:578,0
DA:579,0
DA:587,5
LF:13
LH:2
BRDA:426,0,0,0
BRDA:426,0,1,0
BRDA:431,1,0,0
BRDA:431,1,1,0
BRDA:576,2,0,0
BRDA:576,2,1,0
BRDA:576,3,0,0
BRDA:576,3,1,0
BRDA:576,3,2,0
BRDA:578,4,0,0
BRDA:578,4,1,0
BRF:11
BRH:0
end_of_record
